2015-10-08 10:24:40 - unknown-source: {E213} null
2015-10-08 10:24:40 - unknown-source: {E213} null
2015-10-08 10:24:40 - unknown-source: {E213} null
2015-10-08 10:24:40 - unknown-source: {E213} null
2015-10-08 10:24:40 - unknown-source: {E213} null
2015-10-08 10:24:40 - unknown-source: {E213} null
2015-10-08 10:24:40 - unknown-source: {E213} null
2015-10-08 10:24:40 - unknown-source: {E213} null
2015-10-08 10:24:40 - unknown-source: {E213} null
2015-10-08 10:24:41 - unknown-source: {E213} null
2015-10-08 10:24:41 - unknown-source: {E213} null
2015-10-08 10:24:41 - unknown-source: {E213} null
2015-10-08 10:24:41 - unknown-source: {E213} null
2015-10-08 10:24:41 - unknown-source: {E213} null
2015-10-08 10:24:41 - unknown-source: {E213} null
2015-10-08 10:24:41 - unknown-source: {E213} null
2015-10-08 10:24:41 - unknown-source: {E213} null
2015-10-08 10:24:41 - unknown-source: {E213} null
2015-10-08 10:24:41 - unknown-source: {E213} null
2015-10-08 10:24:41 - unknown-source: {E213} null
2015-10-08 10:24:41 - unknown-source: {E213} null
2015-10-08 10:24:41 - unknown-source: {E213} null
2015-10-08 10:24:41 - unknown-source: {E213} null
2015-10-08 10:32:06 - unknown-source: {E213} null
2015-10-08 10:32:06 - unknown-source: {E213} null
2015-10-08 10:32:07 - unknown-source: {E213} null
2015-10-08 10:32:07 - unknown-source: {E213} null
2015-10-08 10:32:07 - unknown-source: {E213} null
2015-10-08 10:32:07 - unknown-source: {E213} null
2015-10-08 10:32:07 - unknown-source: {E213} null
2015-10-08 10:32:07 - unknown-source: {E213} null
2015-10-08 10:32:07 - unknown-source: {E213} null
2015-10-08 10:32:07 - unknown-source: {E213} null
2015-10-08 10:32:07 - unknown-source: {E213} null
2015-10-08 10:32:26 - oh dear, already have a slot for 15, viz 9
2015-10-08 10:40:11 - unknown-source: {E213} null
2015-10-08 10:40:11 - unknown-source: {E213} null
2015-10-08 10:40:11 - unknown-source: {E213} null
2015-10-08 10:40:11 - unknown-source: {E213} null
2015-10-08 10:40:11 - unknown-source: {E213} null
2015-10-08 10:40:11 - unknown-source: {E213} null
2015-10-08 10:40:11 - unknown-source: {E213} null
2015-10-08 10:40:11 - unknown-source: {E213} null
2015-10-08 10:40:11 - unknown-source: {E213} null
2015-10-08 10:40:11 - unknown-source: {E213} null
2015-10-08 10:40:12 - unknown-source: {E213} null
2015-10-08 11:17:10 - unknown-source: {E213} null
2015-10-08 11:17:10 - unknown-source: {E213} null
2015-10-08 11:17:10 - unknown-source: {E213} null
2015-10-08 11:17:10 - unknown-source: {E213} null
2015-10-08 11:17:10 - unknown-source: {E213} null
2015-10-08 11:17:10 - unknown-source: {E213} null
2015-10-08 11:17:10 - unknown-source: {E213} null
2015-10-08 11:17:10 - unknown-source: {E213} null
2015-10-08 11:17:10 - unknown-source: {E213} null
2015-10-08 11:17:10 - unknown-source: {E213} null
2015-10-08 11:17:11 - unknown-source: {E213} null
2015-10-08 11:18:42 - ERROR: NaN is not a valid double value as per JSON specification. To override this behavior, use GsonBuilder.serializeSpecialFloatingPointValues() method.
2015-10-08 11:24:19 - ERROR: null
2015-10-08 11:24:20 - ERROR: null
2015-10-08 11:38:42 - unknown-source: {E213} null
2015-10-08 11:38:42 - unknown-source: {E213} null
2015-10-08 11:38:43 - unknown-source: {E213} null
2015-10-08 11:38:43 - unknown-source: {E213} null
2015-10-08 11:38:43 - unknown-source: {E213} null
2015-10-08 11:38:43 - unknown-source: {E213} null
2015-10-08 11:38:43 - unknown-source: {E213} null
2015-10-08 11:38:43 - unknown-source: {E213} null
2015-10-08 11:38:43 - unknown-source: {E213} null
2015-10-08 11:38:43 - unknown-source: {E213} null
2015-10-08 11:38:43 - unknown-source: {E213} null
2015-10-08 11:56:38 - unknown-source: {E213} null
2015-10-08 11:56:38 - unknown-source: {E213} null
2015-10-08 11:56:38 - unknown-source: {E213} null
2015-10-08 11:56:38 - unknown-source: {E213} null
2015-10-08 11:56:38 - unknown-source: {E213} null
2015-10-08 11:56:38 - unknown-source: {E213} null
2015-10-08 11:56:38 - unknown-source: {E213} null
2015-10-08 11:56:38 - unknown-source: {E213} null
2015-10-08 11:56:39 - unknown-source: {E213} null
2015-10-08 11:56:39 - unknown-source: {E213} null
2015-10-08 11:56:39 - unknown-source: {E213} null
2015-10-08 12:24:17 - unknown-source: {E213} null
2015-10-08 12:24:17 - unknown-source: {E213} null
2015-10-08 12:24:17 - unknown-source: {E213} null
2015-10-08 12:24:17 - unknown-source: {E213} null
2015-10-08 12:24:17 - unknown-source: {E213} null
2015-10-08 12:24:17 - unknown-source: {E213} null
2015-10-08 12:24:17 - unknown-source: {E213} null
2015-10-08 12:24:17 - unknown-source: {E213} null
2015-10-08 12:24:17 - unknown-source: {E213} null
2015-10-08 12:24:17 - unknown-source: {E213} null
2015-10-08 12:24:17 - unknown-source: {E213} null
2015-10-08 12:44:29 - unknown-source: {E213} null
2015-10-08 12:44:29 - unknown-source: {E213} null
2015-10-08 12:44:29 - unknown-source: {E213} null
2015-10-08 12:44:29 - unknown-source: {E213} null
2015-10-08 12:44:29 - unknown-source: {E213} null
2015-10-08 12:44:29 - unknown-source: {E213} null
2015-10-08 12:44:29 - unknown-source: {E213} null
2015-10-08 12:44:29 - unknown-source: {E213} null
2015-10-08 12:44:29 - unknown-source: {E213} null
2015-10-08 12:44:29 - unknown-source: {E213} null
2015-10-08 12:44:29 - unknown-source: {E213} null
2015-10-08 12:59:50 - unknown-source: {E213} null
2015-10-08 12:59:50 - unknown-source: {E213} null
2015-10-08 12:59:50 - unknown-source: {E213} null
2015-10-08 12:59:51 - unknown-source: {E213} null
2015-10-08 12:59:51 - unknown-source: {E213} null
2015-10-08 12:59:51 - unknown-source: {E213} null
2015-10-08 12:59:51 - unknown-source: {E213} null
2015-10-08 12:59:51 - unknown-source: {E213} null
2015-10-08 12:59:51 - unknown-source: {E213} null
2015-10-08 12:59:51 - unknown-source: {E213} null
2015-10-08 12:59:51 - unknown-source: {E213} null
2015-10-08 13:01:11 - -195
2015-10-08 13:01:11 - 241
2015-10-08 13:01:14 - ERROR: NaN is not a valid double value as per JSON specification. To override this behavior, use GsonBuilder.serializeSpecialFloatingPointValues() method.
2015-10-08 13:01:14 - ERROR: NaN is not a valid double value as per JSON specification. To override this behavior, use GsonBuilder.serializeSpecialFloatingPointValues() method.
2015-10-08 13:05:57 - unknown-source: {E213} null
2015-10-08 13:05:57 - unknown-source: {E213} null
2015-10-08 13:05:57 - unknown-source: {E213} null
2015-10-08 13:05:57 - unknown-source: {E213} null
2015-10-08 13:05:57 - unknown-source: {E213} null
2015-10-08 13:05:57 - unknown-source: {E213} null
2015-10-08 13:05:57 - unknown-source: {E213} null
2015-10-08 13:05:57 - unknown-source: {E213} null
2015-10-08 13:05:57 - unknown-source: {E213} null
2015-10-08 13:05:57 - unknown-source: {E213} null
2015-10-08 13:05:57 - unknown-source: {E213} null
2015-10-08 13:13:28 - unknown-source: {E213} null
2015-10-08 13:13:28 - unknown-source: {E213} null
2015-10-08 13:13:28 - unknown-source: {E213} null
2015-10-08 13:13:28 - unknown-source: {E213} null
2015-10-08 13:13:28 - unknown-source: {E213} null
2015-10-08 13:13:28 - unknown-source: {E213} null
2015-10-08 13:13:28 - unknown-source: {E213} null
2015-10-08 13:13:29 - unknown-source: {E213} null
2015-10-08 13:13:29 - unknown-source: {E213} null
2015-10-08 13:13:29 - unknown-source: {E213} null
2015-10-08 13:13:29 - unknown-source: {E213} null
2015-10-08 13:17:28 - ERROR: NaN is not a valid double value as per JSON specification. To override this behavior, use GsonBuilder.serializeSpecialFloatingPointValues() method.
2015-10-08 14:06:37 - unknown-source: {E213} null
2015-10-08 14:06:37 - unknown-source: {E213} null
2015-10-08 14:06:38 - unknown-source: {E213} null
2015-10-08 14:06:38 - unknown-source: {E213} null
2015-10-08 14:06:38 - unknown-source: {E213} null
2015-10-08 14:06:38 - unknown-source: {E213} null
2015-10-08 14:06:38 - unknown-source: {E213} null
2015-10-08 14:06:38 - unknown-source: {E213} null
2015-10-08 14:06:38 - unknown-source: {E213} null
2015-10-08 14:06:38 - unknown-source: {E213} null
2015-10-08 14:06:38 - unknown-source: {E213} null
2015-10-08 14:11:05 - unknown-source: {E213} null
2015-10-08 14:11:05 - unknown-source: {E213} null
2015-10-08 14:11:05 - unknown-source: {E213} null
2015-10-08 14:11:06 - unknown-source: {E213} null
2015-10-08 14:11:06 - unknown-source: {E213} null
2015-10-08 14:11:06 - unknown-source: {E213} null
2015-10-08 14:11:06 - unknown-source: {E213} null
2015-10-08 14:11:06 - unknown-source: {E213} null
2015-10-08 14:11:06 - unknown-source: {E213} null
2015-10-08 14:11:06 - unknown-source: {E213} null
2015-10-08 14:11:06 - unknown-source: {E213} null
2015-10-08 14:19:47 - unknown-source: {E213} null
2015-10-08 14:19:47 - unknown-source: {E213} null
2015-10-08 14:19:47 - unknown-source: {E213} null
2015-10-08 14:19:47 - unknown-source: {E213} null
2015-10-08 14:19:47 - unknown-source: {E213} null
2015-10-08 14:19:47 - unknown-source: {E213} null
2015-10-08 14:19:47 - unknown-source: {E213} null
2015-10-08 14:19:48 - unknown-source: {E213} null
2015-10-08 14:19:48 - unknown-source: {E213} null
2015-10-08 14:19:48 - unknown-source: {E213} null
2015-10-08 14:19:48 - unknown-source: {E213} null
2015-10-08 14:35:09 - unknown-source: {E213} null
2015-10-08 14:35:09 - unknown-source: {E213} null
2015-10-08 14:35:09 - unknown-source: {E213} null
2015-10-08 14:35:40 - ERROR: null
2015-10-08 14:35:54 - ERROR: null
2015-10-08 14:35:55 - ERROR: null
2015-10-08 14:35:55 - ERROR: null
2015-10-08 14:35:56 - ERROR: null
2015-10-08 14:35:57 - ERROR: null
2015-10-08 14:35:57 - ERROR: null
2015-10-08 14:35:58 - ERROR: null
2015-10-08 14:35:58 - ERROR: null
2015-10-08 14:35:58 - ERROR: null
2015-10-08 14:35:59 - ERROR: null
2015-10-08 14:35:59 - ERROR: null
2015-10-08 14:35:59 - ERROR: null
2015-10-08 14:35:59 - ERROR: null
2015-10-08 14:35:59 - ERROR: null
2015-10-08 14:35:59 - ERROR: null
2015-10-08 14:35:59 - ERROR: null
2015-10-08 14:36:00 - ERROR: null
2015-10-08 14:36:00 - ERROR: null
2015-10-08 14:36:00 - ERROR: null
2015-10-08 14:36:00 - ERROR: null
2015-10-08 14:36:00 - ERROR: null
2015-10-08 14:36:00 - ERROR: null
2015-10-08 14:36:01 - ERROR: null
2015-10-08 14:36:01 - ERROR: null
2015-10-08 14:36:01 - ERROR: null
2015-10-08 14:36:01 - ERROR: null
2015-10-08 14:36:02 - ERROR: null
2015-10-08 14:36:02 - ERROR: null
2015-10-08 14:36:02 - ERROR: null
2015-10-08 14:36:03 - ERROR: null
2015-10-08 14:36:03 - ERROR: null
2015-10-08 14:36:03 - ERROR: null
2015-10-08 14:36:03 - ERROR: null
2015-10-08 14:36:04 - ERROR: null
2015-10-08 14:36:04 - ERROR: null
2015-10-08 14:36:04 - ERROR: null
2015-10-08 14:36:04 - ERROR: null
2015-10-08 14:36:05 - ERROR: null
2015-10-08 14:36:05 - ERROR: null
2015-10-08 14:36:05 - ERROR: null
2015-10-08 14:36:05 - ERROR: null
2015-10-08 14:36:05 - ERROR: null
2015-10-08 14:36:06 - ERROR: null
2015-10-08 14:36:06 - ERROR: null
2015-10-08 14:36:06 - ERROR: null
2015-10-08 14:36:06 - ERROR: null
2015-10-08 14:36:07 - ERROR: null
2015-10-08 14:36:07 - ERROR: null
2015-10-08 14:36:07 - ERROR: null
2015-10-08 14:36:07 - ERROR: null
2015-10-08 14:36:07 - ERROR: null
2015-10-08 14:36:08 - ERROR: null
2015-10-08 14:36:08 - ERROR: null
2015-10-08 14:36:08 - ERROR: null
2015-10-08 14:36:08 - ERROR: null
2015-10-08 14:36:09 - ERROR: null
2015-10-08 14:36:09 - ERROR: null
2015-10-08 14:36:09 - ERROR: null
2015-10-08 14:36:09 - ERROR: null
2015-10-08 14:36:10 - ERROR: null
2015-10-08 14:36:10 - ERROR: null
2015-10-08 14:36:10 - ERROR: null
2015-10-08 14:36:10 - ERROR: null
2015-10-08 14:36:11 - ERROR: null
2015-10-08 14:36:11 - ERROR: null
2015-10-08 14:36:11 - ERROR: null
2015-10-08 14:36:11 - ERROR: null
2015-10-08 14:36:12 - ERROR: null
2015-10-08 14:36:12 - ERROR: null
2015-10-08 14:36:12 - ERROR: null
2015-10-08 14:36:12 - ERROR: null
2015-10-08 14:36:12 - ERROR: null
2015-10-08 14:36:13 - ERROR: null
2015-10-08 14:36:13 - ERROR: null
2015-10-08 14:36:13 - ERROR: null
2015-10-08 14:36:13 - ERROR: null
2015-10-08 14:36:14 - ERROR: null
2015-10-08 14:36:14 - ERROR: null
2015-10-08 14:36:14 - ERROR: null
2015-10-08 14:36:14 - ERROR: null
2015-10-08 14:36:15 - ERROR: null
2015-10-08 14:36:15 - ERROR: null
2015-10-08 14:36:15 - ERROR: null
2015-10-08 14:36:15 - ERROR: null
2015-10-08 14:36:15 - ERROR: null
2015-10-08 14:36:16 - ERROR: null
2015-10-08 14:36:16 - ERROR: null
2015-10-08 14:36:16 - ERROR: null
2015-10-08 14:36:16 - ERROR: null
2015-10-08 14:36:17 - ERROR: null
2015-10-08 14:36:17 - ERROR: null
2015-10-08 14:36:17 - ERROR: null
2015-10-08 14:36:17 - ERROR: null
2015-10-08 14:36:30 - unknown-source: {E213} null
2015-10-08 14:36:31 - unknown-source: {E213} null
2015-10-08 14:36:40 - unknown-source: {E213} null
2015-10-08 14:36:40 - unknown-source: {E213} null
2015-10-08 14:36:40 - unknown-source: {E213} null
2015-10-08 14:36:40 - unknown-source: {E213} null
2015-10-08 14:36:40 - unknown-source: {E213} null
2015-10-08 14:36:40 - unknown-source: {E213} null
2015-10-08 15:01:45 - unknown-source: {E213} null
2015-10-08 15:01:45 - unknown-source: {E213} null
2015-10-08 15:01:45 - unknown-source: {E213} null
2015-10-08 15:01:45 - unknown-source: {E213} null
2015-10-08 15:01:45 - unknown-source: {E213} null
2015-10-08 15:01:45 - unknown-source: {E213} null
2015-10-08 15:01:45 - unknown-source: {E213} null
2015-10-08 15:01:45 - unknown-source: {E213} null
2015-10-08 15:01:45 - unknown-source: {E213} null
2015-10-08 15:01:45 - unknown-source: {E213} null
2015-10-08 15:01:45 - unknown-source: {E213} null
2015-10-08 15:06:19 - unknown-source: {E213} null
2015-10-08 15:06:19 - unknown-source: {E213} null
2015-10-08 15:06:19 - unknown-source: {E213} null
2015-10-08 15:06:19 - unknown-source: {E213} null
2015-10-08 15:06:19 - unknown-source: {E213} null
2015-10-08 15:06:20 - unknown-source: {E213} null
2015-10-08 15:06:20 - unknown-source: {E213} null
2015-10-08 15:06:20 - unknown-source: {E213} null
2015-10-08 15:06:20 - unknown-source: {E213} null
2015-10-08 15:06:20 - unknown-source: {E213} null
2015-10-08 15:06:20 - unknown-source: {E213} null
2015-10-08 15:21:50 - unknown-source: {E213} null
2015-10-08 15:21:50 - unknown-source: {E213} null
2015-10-08 15:21:50 - unknown-source: {E213} null
2015-10-08 15:21:50 - unknown-source: {E213} null
2015-10-08 15:21:50 - unknown-source: {E213} null
2015-10-08 15:21:50 - unknown-source: {E213} null
2015-10-08 15:21:50 - unknown-source: {E213} null
2015-10-08 15:21:50 - unknown-source: {E213} null
2015-10-08 15:21:50 - unknown-source: {E213} null
2015-10-08 15:21:50 - unknown-source: {E213} null
2015-10-08 15:21:51 - unknown-source: {E213} null
2015-10-08 15:23:40 - unknown-source: {E213} null
2015-10-08 15:23:40 - unknown-source: {E213} null
2015-10-08 15:23:40 - unknown-source: {E213} null
2015-10-08 15:23:40 - unknown-source: {E213} null
2015-10-08 15:23:40 - unknown-source: {E213} null
2015-10-08 15:23:40 - unknown-source: {E213} null
2015-10-08 15:23:40 - unknown-source: {E213} null
2015-10-08 15:23:41 - unknown-source: {E213} null
2015-10-08 15:23:41 - unknown-source: {E213} null
2015-10-08 15:23:41 - unknown-source: {E213} null
2015-10-08 15:23:41 - unknown-source: {E213} null
2015-10-08 15:32:31 - unknown-source: {E213} null
2015-10-08 15:32:31 - unknown-source: {E213} null
2015-10-08 15:32:31 - unknown-source: {E213} null
2015-10-08 15:32:31 - unknown-source: {E213} null
2015-10-08 15:32:31 - unknown-source: {E213} null
2015-10-08 15:32:32 - unknown-source: {E213} null
2015-10-08 15:32:32 - unknown-source: {E213} null
2015-10-08 15:32:32 - unknown-source: {E213} null
2015-10-08 15:32:32 - unknown-source: {E213} null
2015-10-08 15:32:32 - unknown-source: {E213} null
2015-10-08 15:32:32 - unknown-source: {E213} null
2015-10-08 15:43:41 - unknown-source: {E213} null
2015-10-08 15:43:41 - unknown-source: {E213} null
2015-10-08 15:43:41 - unknown-source: {E213} null
2015-10-08 15:43:41 - unknown-source: {E213} null
2015-10-08 15:43:41 - unknown-source: {E213} null
2015-10-08 15:43:41 - unknown-source: {E213} null
2015-10-08 15:43:41 - unknown-source: {E213} null
2015-10-08 15:43:41 - unknown-source: {E213} null
2015-10-08 15:43:41 - unknown-source: {E213} null
2015-10-08 15:43:41 - unknown-source: {E213} null
2015-10-08 15:43:42 - unknown-source: {E213} null
