2015-09-01 14:17:12 - java.io.FileNotFoundException: ontology\robot_ontology_template.owl (The system cannot find the path specified)
2015-09-01 14:17:12 - java.io.FileNotFoundException: ontology\robot_ontology_template.owl (The system cannot find the path specified)
2015-09-01 14:17:12 - java.io.FileNotFoundException: ontology\robot_ontology_template.owl (The system cannot find the path specified)
2015-09-01 14:17:12 - java.io.FileNotFoundException: ontology\robot_ontology_template.owl (The system cannot find the path specified)
2015-09-01 14:17:12 - java.io.FileNotFoundException: ontology\robot_ontology_template.owl (The system cannot find the path specified)
2015-09-01 14:17:12 - java.io.FileNotFoundException: ontology\robot_ontology_template.owl (The system cannot find the path specified)
2015-09-01 14:17:13 - java.io.FileNotFoundException: ontology\robot_ontology_template.owl (The system cannot find the path specified)
2015-09-01 14:17:13 - java.io.FileNotFoundException: ontology\robot_ontology_template.owl (The system cannot find the path specified)
2015-09-01 14:17:13 - java.io.FileNotFoundException: ontology\robot_ontology_template.owl (The system cannot find the path specified)
2015-09-01 14:17:13 - java.io.FileNotFoundException: ontology\robot_ontology_template.owl (The system cannot find the path specified)
2015-09-01 14:17:13 - java.io.FileNotFoundException: ontology\robot_ontology_template.owl (The system cannot find the path specified)
2015-09-01 15:18:34 - java.lang.UnsupportedOperationException: Not supported yet.
2015-09-01 15:19:45 - java.lang.UnsupportedOperationException: Not supported yet.
2015-09-01 15:32:14 - java.lang.UnsupportedOperationException: Not supported yet.
2015-09-01 15:32:41 - java.io.FileNotFoundException: ontology\robot_ontology_template.owl (The system cannot find the path specified)
2015-09-01 15:32:41 - java.io.FileNotFoundException: ontology\robot_ontology_template.owl (The system cannot find the path specified)
2015-09-01 15:32:41 - java.io.FileNotFoundException: ontology\robot_ontology_template.owl (The system cannot find the path specified)
2015-09-01 15:32:41 - java.io.FileNotFoundException: ontology\robot_ontology_template.owl (The system cannot find the path specified)
2015-09-01 15:32:41 - java.io.FileNotFoundException: ontology\robot_ontology_template.owl (The system cannot find the path specified)
2015-09-01 15:32:41 - java.io.FileNotFoundException: ontology\robot_ontology_template.owl (The system cannot find the path specified)
2015-09-01 15:32:41 - java.io.FileNotFoundException: ontology\robot_ontology_template.owl (The system cannot find the path specified)
2015-09-01 15:32:41 - java.io.FileNotFoundException: ontology\robot_ontology_template.owl (The system cannot find the path specified)
2015-09-01 15:32:41 - java.io.FileNotFoundException: ontology\robot_ontology_template.owl (The system cannot find the path specified)
2015-09-01 15:32:41 - java.io.FileNotFoundException: ontology\robot_ontology_template.owl (The system cannot find the path specified)
2015-09-01 15:32:41 - java.io.FileNotFoundException: ontology\robot_ontology_template.owl (The system cannot find the path specified)
2015-09-01 16:43:30 - java.lang.NullPointerException
2015-09-01 17:30:15 - java.lang.NullPointerException
2015-09-01 17:31:38 - java.lang.NullPointerException
2015-09-01 17:32:32 - java.lang.NullPointerException
2015-09-01 17:33:21 - java.lang.NullPointerException
2015-09-01 20:14:59 - unknown-source: {E213} null
2015-09-01 20:14:59 - unknown-source: {E213} null
2015-09-01 20:14:59 - unknown-source: {E213} null
2015-09-01 20:14:59 - unknown-source: {E213} null
2015-09-01 20:14:59 - unknown-source: {E213} null
2015-09-01 20:14:59 - unknown-source: {E213} null
2015-09-01 20:14:59 - unknown-source: {E213} null
2015-09-01 20:14:59 - unknown-source: {E213} null
2015-09-01 20:14:59 - unknown-source: {E213} null
2015-09-01 20:14:59 - unknown-source: {E213} null
2015-09-01 20:14:59 - java.lang.NullPointerException
2015-09-01 20:51:51 - unknown-source: {E213} null
2015-09-01 20:51:51 - unknown-source: {E213} null
2015-09-01 20:51:51 - unknown-source: {E213} null
2015-09-01 20:51:51 - unknown-source: {E213} null
2015-09-01 20:51:51 - unknown-source: {E213} null
2015-09-01 20:51:51 - unknown-source: {E213} null
2015-09-01 20:51:51 - unknown-source: {E213} null
2015-09-01 20:51:51 - unknown-source: {E213} null
2015-09-01 20:51:51 - unknown-source: {E213} null
2015-09-01 20:51:51 - unknown-source: {E213} null
2015-09-01 20:51:51 - java.lang.NullPointerException
2015-09-01 20:54:50 - unknown-source: {E213} null
2015-09-01 20:54:50 - unknown-source: {E213} null
2015-09-01 20:54:50 - unknown-source: {E213} null
2015-09-01 20:54:50 - unknown-source: {E213} null
2015-09-01 20:54:50 - unknown-source: {E213} null
2015-09-01 20:54:50 - unknown-source: {E213} null
2015-09-01 20:54:50 - unknown-source: {E213} null
2015-09-01 20:54:50 - unknown-source: {E213} null
2015-09-01 20:54:50 - unknown-source: {E213} null
2015-09-01 20:54:50 - unknown-source: {E213} null
2015-09-01 20:54:50 - java.lang.NullPointerException
2015-09-01 21:06:22 - unknown-source: {E213} null
2015-09-01 21:06:22 - unknown-source: {E213} null
2015-09-01 21:06:22 - unknown-source: {E213} null
2015-09-01 21:06:22 - unknown-source: {E213} null
2015-09-01 21:06:22 - unknown-source: {E213} null
2015-09-01 21:06:22 - unknown-source: {E213} null
2015-09-01 21:06:22 - unknown-source: {E213} null
2015-09-01 21:06:22 - unknown-source: {E213} null
2015-09-01 21:06:22 - unknown-source: {E213} null
2015-09-01 21:06:22 - unknown-source: {E213} null
2015-09-01 21:07:30 - unknown-source: {E213} null
2015-09-01 21:07:30 - unknown-source: {E213} null
2015-09-01 21:07:30 - unknown-source: {E213} null
2015-09-01 21:07:30 - unknown-source: {E213} null
2015-09-01 21:07:30 - unknown-source: {E213} null
2015-09-01 21:07:30 - unknown-source: {E213} null
2015-09-01 21:07:30 - unknown-source: {E213} null
2015-09-01 21:07:30 - unknown-source: {E213} null
2015-09-01 21:07:30 - unknown-source: {E213} null
2015-09-01 21:07:30 - unknown-source: {E213} null
2015-09-01 21:08:32 - unknown-source: {E213} null
2015-09-01 21:08:32 - unknown-source: {E213} null
2015-09-01 21:08:33 - unknown-source: {E213} null
2015-09-01 21:08:33 - unknown-source: {E213} null
2015-09-01 21:08:33 - unknown-source: {E213} null
2015-09-01 21:08:33 - unknown-source: {E213} null
2015-09-01 21:08:33 - unknown-source: {E213} null
2015-09-01 21:08:33 - unknown-source: {E213} null
2015-09-01 21:08:33 - unknown-source: {E213} null
2015-09-01 21:08:33 - unknown-source: {E213} null
2015-09-01 21:10:41 - unknown-source: {E213} null
2015-09-01 21:10:41 - unknown-source: {E213} null
2015-09-01 21:10:41 - unknown-source: {E213} null
2015-09-01 21:10:41 - unknown-source: {E213} null
2015-09-01 21:10:41 - unknown-source: {E213} null
2015-09-01 21:10:41 - unknown-source: {E213} null
2015-09-01 21:10:41 - unknown-source: {E213} null
2015-09-01 21:10:41 - unknown-source: {E213} null
2015-09-01 21:10:41 - unknown-source: {E213} null
2015-09-01 21:10:41 - unknown-source: {E213} null
2015-09-01 21:11:03 - unknown-source: {E213} null
2015-09-01 21:11:03 - unknown-source: {E213} null
2015-09-01 21:11:03 - unknown-source: {E213} null
2015-09-01 21:11:03 - unknown-source: {E213} null
2015-09-01 21:11:03 - unknown-source: {E213} null
2015-09-01 21:11:03 - unknown-source: {E213} null
2015-09-01 21:11:03 - unknown-source: {E213} null
2015-09-01 21:11:03 - unknown-source: {E213} null
2015-09-01 21:11:03 - unknown-source: {E213} null
2015-09-01 21:11:03 - unknown-source: {E213} null
2015-09-01 21:12:39 - unknown-source: {E213} null
2015-09-01 21:12:39 - unknown-source: {E213} null
2015-09-01 21:12:39 - unknown-source: {E213} null
2015-09-01 21:12:39 - unknown-source: {E213} null
2015-09-01 21:12:39 - unknown-source: {E213} null
2015-09-01 21:12:39 - unknown-source: {E213} null
2015-09-01 21:12:39 - unknown-source: {E213} null
2015-09-01 21:12:39 - unknown-source: {E213} null
2015-09-01 21:12:39 - unknown-source: {E213} null
2015-09-01 21:12:39 - unknown-source: {E213} null
2015-09-01 21:14:59 - unknown-source: {E213} null
2015-09-01 21:14:59 - unknown-source: {E213} null
2015-09-01 21:14:59 - unknown-source: {E213} null
2015-09-01 21:14:59 - unknown-source: {E213} null
2015-09-01 21:14:59 - unknown-source: {E213} null
2015-09-01 21:14:59 - unknown-source: {E213} null
2015-09-01 21:14:59 - unknown-source: {E213} null
2015-09-01 21:14:59 - unknown-source: {E213} null
2015-09-01 21:14:59 - unknown-source: {E213} null
2015-09-01 21:14:59 - unknown-source: {E213} null
2015-09-01 21:15:31 - unknown-source: {E213} null
2015-09-01 21:15:31 - unknown-source: {E213} null
2015-09-01 21:15:31 - unknown-source: {E213} null
2015-09-01 21:15:31 - unknown-source: {E213} null
2015-09-01 21:15:31 - unknown-source: {E213} null
2015-09-01 21:15:31 - unknown-source: {E213} null
2015-09-01 21:15:31 - unknown-source: {E213} null
2015-09-01 21:15:31 - unknown-source: {E213} null
2015-09-01 21:15:31 - unknown-source: {E213} null
2015-09-01 21:15:31 - unknown-source: {E213} null
2015-09-01 21:18:21 - unknown-source: {E213} null
2015-09-01 21:18:21 - unknown-source: {E213} null
2015-09-01 21:18:21 - unknown-source: {E213} null
2015-09-01 21:18:21 - unknown-source: {E213} null
2015-09-01 21:18:21 - unknown-source: {E213} null
2015-09-01 21:18:21 - unknown-source: {E213} null
2015-09-01 21:18:21 - unknown-source: {E213} null
2015-09-01 21:18:21 - unknown-source: {E213} null
2015-09-01 21:18:21 - unknown-source: {E213} null
2015-09-01 21:18:21 - unknown-source: {E213} null
2015-09-02 10:23:39 - unknown-source: {E213} null
2015-09-02 10:23:39 - unknown-source: {E213} null
2015-09-02 10:23:39 - unknown-source: {E213} null
2015-09-02 10:23:39 - unknown-source: {E213} null
2015-09-02 10:23:39 - unknown-source: {E213} null
2015-09-02 10:23:39 - unknown-source: {E213} null
2015-09-02 10:23:39 - unknown-source: {E213} null
2015-09-02 10:23:39 - unknown-source: {E213} null
2015-09-02 10:23:39 - unknown-source: {E213} null
2015-09-02 10:23:39 - unknown-source: {E213} null
2015-09-02 10:23:59 - unknown-source: {E213} null
2015-09-02 10:23:59 - unknown-source: {E213} null
2015-09-02 10:23:59 - unknown-source: {E213} null
2015-09-02 10:23:59 - unknown-source: {E213} null
2015-09-02 10:23:59 - unknown-source: {E213} null
2015-09-02 10:23:59 - unknown-source: {E213} null
2015-09-02 10:23:59 - unknown-source: {E213} null
2015-09-02 10:23:59 - unknown-source: {E213} null
2015-09-02 10:23:59 - unknown-source: {E213} null
2015-09-02 10:23:59 - unknown-source: {E213} null
2015-09-02 10:34:33 - unknown-source: {E213} null
2015-09-02 10:34:33 - unknown-source: {E213} null
2015-09-02 10:34:33 - unknown-source: {E213} null
2015-09-02 10:34:33 - unknown-source: {E213} null
2015-09-02 10:34:33 - unknown-source: {E213} null
2015-09-02 10:34:33 - unknown-source: {E213} null
2015-09-02 10:34:33 - unknown-source: {E213} null
2015-09-02 10:34:33 - unknown-source: {E213} null
2015-09-02 10:34:33 - unknown-source: {E213} null
2015-09-02 10:34:33 - unknown-source: {E213} null
2015-09-02 10:36:04 - unknown-source: {E213} null
2015-09-02 10:36:04 - unknown-source: {E213} null
2015-09-02 10:36:04 - unknown-source: {E213} null
2015-09-02 10:36:04 - unknown-source: {E213} null
2015-09-02 10:36:04 - unknown-source: {E213} null
2015-09-02 10:36:04 - unknown-source: {E213} null
2015-09-02 10:36:04 - unknown-source: {E213} null
2015-09-02 10:36:04 - unknown-source: {E213} null
2015-09-02 10:36:04 - unknown-source: {E213} null
2015-09-02 10:36:04 - unknown-source: {E213} null
2015-09-02 10:37:39 - unknown-source: {E213} null
2015-09-02 10:37:39 - unknown-source: {E213} null
2015-09-02 10:37:39 - unknown-source: {E213} null
2015-09-02 10:37:39 - unknown-source: {E213} null
2015-09-02 10:37:39 - unknown-source: {E213} null
2015-09-02 10:37:39 - unknown-source: {E213} null
2015-09-02 10:37:39 - unknown-source: {E213} null
2015-09-02 10:37:39 - unknown-source: {E213} null
2015-09-02 10:37:39 - unknown-source: {E213} null
2015-09-02 10:37:39 - unknown-source: {E213} null
2015-09-02 10:38:01 - unknown-source: {E213} null
2015-09-02 10:38:01 - unknown-source: {E213} null
2015-09-02 10:38:01 - unknown-source: {E213} null
2015-09-02 10:38:02 - unknown-source: {E213} null
2015-09-02 10:38:02 - unknown-source: {E213} null
2015-09-02 10:38:02 - unknown-source: {E213} null
2015-09-02 10:38:02 - unknown-source: {E213} null
2015-09-02 10:38:02 - unknown-source: {E213} null
2015-09-02 10:38:02 - unknown-source: {E213} null
2015-09-02 10:38:02 - unknown-source: {E213} null
2015-09-02 10:38:29 - unknown-source: {E213} null
2015-09-02 10:38:29 - unknown-source: {E213} null
2015-09-02 10:38:29 - unknown-source: {E213} null
2015-09-02 10:38:29 - unknown-source: {E213} null
2015-09-02 10:38:29 - unknown-source: {E213} null
2015-09-02 10:38:29 - unknown-source: {E213} null
2015-09-02 10:38:29 - unknown-source: {E213} null
2015-09-02 10:38:29 - unknown-source: {E213} null
2015-09-02 10:38:29 - unknown-source: {E213} null
2015-09-02 10:38:29 - unknown-source: {E213} null
2015-09-02 10:38:40 - unknown-source: {E213} null
2015-09-02 10:38:40 - unknown-source: {E213} null
2015-09-02 10:38:40 - unknown-source: {E213} null
2015-09-02 10:38:40 - unknown-source: {E213} null
2015-09-02 10:38:40 - unknown-source: {E213} null
2015-09-02 10:38:40 - unknown-source: {E213} null
2015-09-02 10:38:40 - unknown-source: {E213} null
2015-09-02 10:38:40 - unknown-source: {E213} null
2015-09-02 10:38:40 - unknown-source: {E213} null
2015-09-02 10:38:40 - unknown-source: {E213} null
2015-09-02 10:38:59 - unknown-source: {E213} null
2015-09-02 10:38:59 - unknown-source: {E213} null
2015-09-02 10:38:59 - unknown-source: {E213} null
2015-09-02 10:38:59 - unknown-source: {E213} null
2015-09-02 10:38:59 - unknown-source: {E213} null
2015-09-02 10:38:59 - unknown-source: {E213} null
2015-09-02 10:38:59 - unknown-source: {E213} null
2015-09-02 10:38:59 - unknown-source: {E213} null
2015-09-02 10:38:59 - unknown-source: {E213} null
2015-09-02 10:38:59 - unknown-source: {E213} null
2015-09-02 10:39:34 - unknown-source: {E213} null
2015-09-02 10:39:34 - unknown-source: {E213} null
2015-09-02 10:39:34 - unknown-source: {E213} null
2015-09-02 10:39:34 - unknown-source: {E213} null
2015-09-02 10:39:34 - unknown-source: {E213} null
2015-09-02 10:39:34 - unknown-source: {E213} null
2015-09-02 10:39:34 - unknown-source: {E213} null
2015-09-02 10:39:34 - unknown-source: {E213} null
2015-09-02 10:39:34 - unknown-source: {E213} null
2015-09-02 10:39:34 - unknown-source: {E213} null
2015-09-02 10:39:50 - unknown-source: {E213} null
2015-09-02 10:39:50 - unknown-source: {E213} null
2015-09-02 10:39:50 - unknown-source: {E213} null
2015-09-02 10:39:50 - unknown-source: {E213} null
2015-09-02 10:39:50 - unknown-source: {E213} null
2015-09-02 10:39:50 - unknown-source: {E213} null
2015-09-02 10:39:50 - unknown-source: {E213} null
2015-09-02 10:39:50 - unknown-source: {E213} null
2015-09-02 10:39:50 - unknown-source: {E213} null
2015-09-02 10:39:50 - unknown-source: {E213} null
2015-09-02 10:40:07 - unknown-source: {E213} null
2015-09-02 10:40:07 - unknown-source: {E213} null
2015-09-02 10:40:07 - unknown-source: {E213} null
2015-09-02 10:40:07 - unknown-source: {E213} null
2015-09-02 10:40:07 - unknown-source: {E213} null
2015-09-02 10:40:07 - unknown-source: {E213} null
2015-09-02 10:40:07 - unknown-source: {E213} null
2015-09-02 10:40:07 - unknown-source: {E213} null
2015-09-02 10:40:07 - unknown-source: {E213} null
2015-09-02 10:40:07 - unknown-source: {E213} null
2015-09-02 10:42:51 - unknown-source: {E213} null
2015-09-02 10:42:51 - unknown-source: {E213} null
2015-09-02 10:42:51 - unknown-source: {E213} null
2015-09-02 10:42:51 - unknown-source: {E213} null
2015-09-02 10:42:51 - unknown-source: {E213} null
2015-09-02 10:42:51 - unknown-source: {E213} null
2015-09-02 10:42:51 - unknown-source: {E213} null
2015-09-02 10:42:51 - unknown-source: {E213} null
2015-09-02 10:42:51 - unknown-source: {E213} null
2015-09-02 10:42:51 - unknown-source: {E213} null
2015-09-02 10:43:08 - unknown-source: {E213} null
2015-09-02 10:43:08 - unknown-source: {E213} null
2015-09-02 10:43:08 - unknown-source: {E213} null
2015-09-02 10:43:08 - unknown-source: {E213} null
2015-09-02 10:43:08 - unknown-source: {E213} null
2015-09-02 10:43:08 - unknown-source: {E213} null
2015-09-02 10:43:08 - unknown-source: {E213} null
2015-09-02 10:43:08 - unknown-source: {E213} null
2015-09-02 10:43:08 - unknown-source: {E213} null
2015-09-02 10:43:08 - unknown-source: {E213} null
2015-09-02 10:48:14 - unknown-source: {E213} null
2015-09-02 10:48:14 - unknown-source: {E213} null
2015-09-02 10:48:14 - unknown-source: {E213} null
2015-09-02 10:48:14 - unknown-source: {E213} null
2015-09-02 10:48:14 - unknown-source: {E213} null
2015-09-02 10:48:14 - unknown-source: {E213} null
2015-09-02 10:48:14 - unknown-source: {E213} null
2015-09-02 10:48:14 - unknown-source: {E213} null
2015-09-02 10:48:14 - unknown-source: {E213} null
2015-09-02 10:48:14 - unknown-source: {E213} null
2015-09-02 10:48:32 - unknown-source: {E213} null
2015-09-02 10:48:32 - unknown-source: {E213} null
2015-09-02 10:48:32 - unknown-source: {E213} null
2015-09-02 10:48:32 - unknown-source: {E213} null
2015-09-02 10:48:32 - unknown-source: {E213} null
2015-09-02 10:48:32 - unknown-source: {E213} null
2015-09-02 10:48:32 - unknown-source: {E213} null
2015-09-02 10:48:32 - unknown-source: {E213} null
2015-09-02 10:48:32 - unknown-source: {E213} null
2015-09-02 10:48:32 - unknown-source: {E213} null
2015-09-02 10:49:10 - unknown-source: {E213} null
2015-09-02 10:49:10 - unknown-source: {E213} null
2015-09-02 10:49:10 - unknown-source: {E213} null
2015-09-02 10:49:10 - unknown-source: {E213} null
2015-09-02 10:49:10 - unknown-source: {E213} null
2015-09-02 10:49:10 - unknown-source: {E213} null
2015-09-02 10:49:10 - unknown-source: {E213} null
2015-09-02 10:49:10 - unknown-source: {E213} null
2015-09-02 10:49:10 - unknown-source: {E213} null
2015-09-02 10:49:10 - unknown-source: {E213} null
2015-09-02 14:55:30 - unknown-source: {E213} null
2015-09-02 14:55:30 - unknown-source: {E213} null
2015-09-02 14:55:30 - unknown-source: {E213} null
2015-09-02 14:55:30 - unknown-source: {E213} null
2015-09-02 14:55:30 - unknown-source: {E213} null
2015-09-02 14:55:30 - unknown-source: {E213} null
2015-09-02 14:55:30 - unknown-source: {E213} null
2015-09-02 14:55:30 - unknown-source: {E213} null
2015-09-02 14:55:30 - unknown-source: {E213} null
2015-09-02 14:55:30 - unknown-source: {E213} null
2015-09-02 14:55:30 - unknown-source: {E213} null
2015-09-02 14:58:28 - unknown-source: {E213} null
2015-09-02 14:58:29 - unknown-source: {E213} null
2015-09-02 14:58:29 - unknown-source: {E213} null
2015-09-02 14:58:29 - unknown-source: {E213} null
2015-09-02 14:58:29 - unknown-source: {E213} null
2015-09-02 14:58:29 - unknown-source: {E213} null
2015-09-02 14:58:29 - unknown-source: {E213} null
2015-09-02 14:58:29 - unknown-source: {E213} null
2015-09-02 14:58:29 - unknown-source: {E213} null
2015-09-02 14:58:29 - unknown-source: {E213} null
2015-09-02 14:58:29 - unknown-source: {E213} null
2015-09-02 15:25:07 - unknown-source: {E213} null
2015-09-02 15:25:07 - unknown-source: {E213} null
2015-09-02 15:25:07 - unknown-source: {E213} null
2015-09-02 15:25:07 - unknown-source: {E213} null
2015-09-02 15:25:07 - unknown-source: {E213} null
2015-09-02 15:25:07 - unknown-source: {E213} null
2015-09-02 15:25:07 - unknown-source: {E213} null
2015-09-02 15:25:07 - unknown-source: {E213} null
2015-09-02 15:25:07 - unknown-source: {E213} null
2015-09-02 15:25:07 - unknown-source: {E213} null
2015-09-02 15:25:07 - unknown-source: {E213} null
2015-09-02 23:16:52 - unknown-source: {E213} null
2015-09-02 23:16:52 - unknown-source: {E213} null
2015-09-02 23:16:52 - unknown-source: {E213} null
2015-09-02 23:16:52 - unknown-source: {E213} null
2015-09-02 23:16:52 - unknown-source: {E213} null
2015-09-02 23:16:52 - unknown-source: {E213} null
2015-09-02 23:16:52 - unknown-source: {E213} null
2015-09-02 23:16:52 - unknown-source: {E213} null
2015-09-02 23:16:52 - unknown-source: {E213} null
2015-09-02 23:16:52 - unknown-source: {E213} null
2015-09-02 23:16:52 - unknown-source: {E213} null
2015-09-02 23:16:53 - java.lang.IllegalStateException: None of the server endpoints could be started
2015-09-02 23:21:13 - unknown-source: {E213} null
2015-09-02 23:21:13 - unknown-source: {E213} null
2015-09-02 23:21:13 - unknown-source: {E213} null
2015-09-02 23:21:13 - unknown-source: {E213} null
2015-09-02 23:21:13 - unknown-source: {E213} null
2015-09-02 23:21:13 - unknown-source: {E213} null
2015-09-02 23:21:13 - unknown-source: {E213} null
2015-09-02 23:21:13 - unknown-source: {E213} null
2015-09-02 23:21:13 - unknown-source: {E213} null
2015-09-02 23:21:13 - unknown-source: {E213} null
2015-09-02 23:21:13 - unknown-source: {E213} null
2015-09-02 23:56:43 - unknown-source: {E213} null
2015-09-02 23:56:44 - unknown-source: {E213} null
2015-09-02 23:56:44 - unknown-source: {E213} null
2015-09-02 23:56:44 - unknown-source: {E213} null
2015-09-02 23:56:44 - unknown-source: {E213} null
2015-09-02 23:56:44 - unknown-source: {E213} null
2015-09-02 23:56:44 - unknown-source: {E213} null
2015-09-02 23:56:44 - unknown-source: {E213} null
2015-09-02 23:56:44 - unknown-source: {E213} null
2015-09-02 23:56:44 - unknown-source: {E213} null
2015-09-02 23:56:44 - unknown-source: {E213} null
