2015-11-14 18:40:42 - {}
java.lang.IllegalStateException: None of the server endpoints could be started
	at org.eclipse.californium.core.CoapServer.start(CoapServer.java:200) ~[californium-core-1.0.0-M3.jar:na]
	at org.mars.m2m.apiExtension.LeshanClientExt.start(LeshanClientExt.java:122) ~[classes/:na]
	at org.mars.m2m.demo.LwM2mClients.AttackerDeviceClient.StartDevice(AttackerDeviceClient.java:118) ~[classes/:na]
	at org.mars.m2m.demo.uav.Attacker.startAttackerDevice(Attacker.java:609) ~[classes/:na]
	at org.mars.m2m.demo.uav.Attacker.initUAV(Attacker.java:591) ~[classes/:na]
	at org.mars.m2m.demo.uav.Attacker.<init>(Attacker.java:161) ~[classes/:na]
	at org.mars.m2m.demo.world.World.initScoutsAndAttackers(World.java:264) ~[classes/:na]
	at org.mars.m2m.demo.world.World.initUAVs(World.java:312) ~[classes/:na]
	at org.mars.m2m.demo.world.World.<init>(World.java:144) ~[classes/:na]
	at org.mars.m2m.demo.ui.AnimationPanel.initComponents(AnimationPanel.java:162) ~[classes/:na]
	at org.mars.m2m.demo.ui.FieldUI.<init>(FieldUI.java:26) [classes/:na]
	at org.mars.m2m.demo.ui.FieldUI$1.run(FieldUI.java:125) [classes/:na]
	at java.awt.event.InvocationEvent.dispatch(InvocationEvent.java:311) [na:1.8.0_25]
	at java.awt.EventQueue.dispatchEventImpl(EventQueue.java:744) [na:1.8.0_25]
	at java.awt.EventQueue.access$400(EventQueue.java:97) [na:1.8.0_25]
	at java.awt.EventQueue$3.run(EventQueue.java:697) [na:1.8.0_25]
	at java.awt.EventQueue$3.run(EventQueue.java:691) [na:1.8.0_25]
	at java.security.AccessController.doPrivileged(Native Method) [na:1.8.0_25]
	at java.security.ProtectionDomain$1.doIntersectionPrivilege(ProtectionDomain.java:75) [na:1.8.0_25]
	at java.awt.EventQueue.dispatchEvent(EventQueue.java:714) [na:1.8.0_25]
	at java.awt.EventDispatchThread.pumpOneEventForFilters(EventDispatchThread.java:201) [na:1.8.0_25]
	at java.awt.EventDispatchThread.pumpEventsForFilter(EventDispatchThread.java:116) [na:1.8.0_25]
	at java.awt.EventDispatchThread.pumpEventsForHierarchy(EventDispatchThread.java:105) [na:1.8.0_25]
	at java.awt.EventDispatchThread.pumpEvents(EventDispatchThread.java:101) [na:1.8.0_25]
	at java.awt.EventDispatchThread.pumpEvents(EventDispatchThread.java:93) [na:1.8.0_25]
	at java.awt.EventDispatchThread.run(EventDispatchThread.java:82) [na:1.8.0_25]
2015-11-14 19:24:58 - Error Loading bootstrap information. Registration failed
2015-11-14 19:24:58 - Error Loading bootstrap information. Registration failed
2015-11-14 19:24:58 - Error Loading bootstrap information. Registration failed
2015-11-14 19:24:58 - Error Loading bootstrap information. Registration failed
2015-11-14 19:24:58 - Error Loading bootstrap information. Registration failed
2015-11-14 19:24:58 - Error Loading bootstrap information. Registration failed
2015-11-14 19:24:58 - Error Loading bootstrap information. Registration failed
2015-11-14 19:24:58 - Error Loading bootstrap information. Registration failed
2015-11-14 19:24:58 - Error Loading bootstrap information. Registration failed
2015-11-14 19:24:58 - Error Loading bootstrap information. Registration failed
2015-11-14 19:24:58 - Error Loading bootstrap information. Registration failed
2015-11-14 19:24:58 - Error Loading bootstrap information. Registration failed
2015-11-14 19:24:58 - Error Loading bootstrap information. Registration failed
2015-11-14 19:24:58 - Error Loading bootstrap information. Registration failed
2015-11-14 19:24:58 - Error Loading bootstrap information. Registration failed
2015-11-14 19:24:58 - Error Loading bootstrap information. Registration failed
2015-11-14 19:24:58 - Error Loading bootstrap information. Registration failed
2015-11-14 19:24:58 - Error Loading bootstrap information. Registration failed
2015-11-14 19:24:58 - Error Loading bootstrap information. Registration failed
2015-11-14 19:24:58 - Error Loading bootstrap information. Registration failed
2015-11-14 19:24:58 - Error Loading bootstrap information. Registration failed
2015-11-14 19:24:58 - Error Loading bootstrap information. Registration failed
2015-11-14 19:24:58 - Error Loading bootstrap information. Registration failed
2015-11-14 19:24:58 - Error Loading bootstrap information. Registration failed
2015-11-14 19:24:58 - Error Loading bootstrap information. Registration failed
2015-11-14 19:24:58 - Error Loading bootstrap information. Registration failed
2015-11-14 19:24:58 - Error Loading bootstrap information. Registration failed
2015-11-14 19:24:58 - Error Loading bootstrap information. Registration failed
2015-11-14 19:24:58 - Error Loading bootstrap information. Registration failed
2015-11-14 19:24:58 - Error Loading bootstrap information. Registration failed
2015-11-14 19:24:58 - Error Loading bootstrap information. Registration failed
2015-11-14 19:24:59 - Error Loading bootstrap information. Registration failed
2015-11-14 19:24:59 - Error Loading bootstrap information. Registration failed
2015-11-14 19:24:59 - Error Loading bootstrap information. Registration failed
2015-11-14 19:24:59 - Error Loading bootstrap information. Registration failed
2015-11-14 19:24:59 - Error Loading bootstrap information. Registration failed
2015-11-14 19:24:59 - Error Loading bootstrap information. Registration failed
2015-11-14 19:24:59 - Error Loading bootstrap information. Registration failed
2015-11-14 19:24:59 - Error Loading bootstrap information. Registration failed
2015-11-14 19:24:59 - Error Loading bootstrap information. Registration failed
2015-11-14 19:24:59 - Error Loading bootstrap information. Registration failed
2015-11-14 19:24:59 - Error Loading bootstrap information. Registration failed
2015-11-14 19:24:59 - Error Loading bootstrap information. Registration failed
2015-11-14 19:24:59 - Error Loading bootstrap information. Registration failed
2015-11-14 19:24:59 - Error Loading bootstrap information. Registration failed
2015-11-14 19:24:59 - Error Loading bootstrap information. Registration failed
2015-11-14 19:24:59 - Error Loading bootstrap information. Registration failed
2015-11-14 19:24:59 - Error Loading bootstrap information. Registration failed
2015-11-14 19:24:59 - Error Loading bootstrap information. Registration failed
2015-11-14 19:24:59 - Error Loading bootstrap information. Registration failed
2015-11-14 19:24:59 - Error Loading bootstrap information. Registration failed
2015-11-14 19:24:59 - Error Loading bootstrap information. Registration failed
2015-11-14 19:24:59 - Error Loading bootstrap information. Registration failed
2015-11-14 19:24:59 - Error Loading bootstrap information. Registration failed
2015-11-14 19:24:59 - Error Loading bootstrap information. Registration failed
2015-11-14 19:24:59 - Error Loading bootstrap information. Registration failed
2015-11-14 19:24:59 - Error Loading bootstrap information. Registration failed
2015-11-14 19:24:59 - Error Loading bootstrap information. Registration failed
2015-11-14 19:24:59 - Error Loading bootstrap information. Registration failed
2015-11-14 19:24:59 - Error Loading bootstrap information. Registration failed
2015-11-14 19:24:59 - Error Loading bootstrap information. Registration failed
2015-11-14 19:24:59 - Error Loading bootstrap information. Registration failed
2015-11-14 19:24:59 - Error Loading bootstrap information. Registration failed
2015-11-14 19:24:59 - Error Loading bootstrap information. Registration failed
2015-11-14 19:24:59 - Error Loading bootstrap information. Registration failed
2015-11-14 19:24:59 - Error Loading bootstrap information. Registration failed
2015-11-14 19:24:59 - Error Loading bootstrap information. Registration failed
2015-11-14 19:24:59 - Error Loading bootstrap information. Registration failed
2015-11-14 19:24:59 - Error Loading bootstrap information. Registration failed
2015-11-14 19:24:59 - Error Loading bootstrap information. Registration failed
2015-11-14 19:24:59 - Error Loading bootstrap information. Registration failed
2015-11-14 19:24:59 - Error Loading bootstrap information. Registration failed
2015-11-14 19:24:59 - Error Loading bootstrap information. Registration failed
2015-11-14 19:24:59 - Error Loading bootstrap information. Registration failed
2015-11-14 19:24:59 - Error Loading bootstrap information. Registration failed
2015-11-14 19:24:59 - Error Loading bootstrap information. Registration failed
2015-11-14 19:24:59 - Error Loading bootstrap information. Registration failed
2015-11-14 19:24:59 - Error Loading bootstrap information. Registration failed
2015-11-14 19:24:59 - Error Loading bootstrap information. Registration failed
2015-11-14 19:24:59 - Error Loading bootstrap information. Registration failed
2015-11-14 19:24:59 - Error Loading bootstrap information. Registration failed
2015-11-14 19:24:59 - Error Loading bootstrap information. Registration failed
2015-11-14 19:24:59 - Error Loading bootstrap information. Registration failed
2015-11-14 19:24:59 - Error Loading bootstrap information. Registration failed
2015-11-14 19:24:59 - Error Loading bootstrap information. Registration failed
2015-11-14 19:24:59 - Error Loading bootstrap information. Registration failed
2015-11-14 19:24:59 - Error Loading bootstrap information. Registration failed
2015-11-14 19:25:00 - Error Loading bootstrap information. Registration failed
2015-11-14 19:25:00 - Error Loading bootstrap information. Registration failed
2015-11-14 19:25:00 - Error Loading bootstrap information. Registration failed
2015-11-14 19:25:00 - Error Loading bootstrap information. Registration failed
2015-11-14 19:25:00 - Error Loading bootstrap information. Registration failed
2015-11-14 19:25:00 - Error Loading bootstrap information. Registration failed
2015-11-14 19:25:00 - Error Loading bootstrap information. Registration failed
2015-11-14 19:25:00 - Error Loading bootstrap information. Registration failed
2015-11-14 19:25:00 - Error Loading bootstrap information. Registration failed
2015-11-14 19:25:00 - Error Loading bootstrap information. Registration failed
2015-11-14 19:25:00 - Error Loading bootstrap information. Registration failed
2015-11-14 19:25:00 - Error Loading bootstrap information. Registration failed
2015-11-14 19:25:00 - Error Loading bootstrap information. Registration failed
2015-11-14 19:25:00 - Error Loading bootstrap information. Registration failed
2015-11-14 19:25:00 - Error Loading bootstrap information. Registration failed
2015-11-14 19:25:00 - Error Loading bootstrap information. Registration failed
2015-11-14 19:25:00 - Error Loading bootstrap information. Registration failed
2015-11-14 19:25:00 - Error Loading bootstrap information. Registration failed
2015-11-14 19:25:00 - Error Loading bootstrap information. Registration failed
2015-11-14 19:25:00 - Error Loading bootstrap information. Registration failed
2015-11-14 19:25:00 - Error Loading bootstrap information. Registration failed
2015-11-14 19:25:00 - Error Loading bootstrap information. Registration failed
2015-11-14 19:25:00 - Error Loading bootstrap information. Registration failed
2015-11-14 19:25:00 - Error Loading bootstrap information. Registration failed
2015-11-14 19:25:00 - Error Loading bootstrap information. Registration failed
2015-11-14 19:25:00 - Error Loading bootstrap information. Registration failed
2015-11-14 19:25:00 - Error Loading bootstrap information. Registration failed
2015-11-14 19:25:00 - Error Loading bootstrap information. Registration failed
2015-11-14 19:25:00 - Error Loading bootstrap information. Registration failed
2015-11-14 19:25:00 - Error Loading bootstrap information. Registration failed
2015-11-14 19:25:00 - Error Loading bootstrap information. Registration failed
2015-11-14 19:25:00 - Error Loading bootstrap information. Registration failed
2015-11-14 19:25:00 - Error Loading bootstrap information. Registration failed
2015-11-14 19:25:00 - Error Loading bootstrap information. Registration failed
2015-11-14 19:25:00 - Error Loading bootstrap information. Registration failed
2015-11-14 19:25:00 - Error Loading bootstrap information. Registration failed
2015-11-14 19:25:00 - Error Loading bootstrap information. Registration failed
2015-11-14 19:25:00 - Error Loading bootstrap information. Registration failed
2015-11-14 19:25:00 - Error Loading bootstrap information. Registration failed
2015-11-14 19:25:00 - Error Loading bootstrap information. Registration failed
2015-11-14 19:25:00 - Error Loading bootstrap information. Registration failed
2015-11-14 19:25:00 - Error Loading bootstrap information. Registration failed
2015-11-14 19:25:00 - Error Loading bootstrap information. Registration failed
2015-11-14 19:25:39 - Error Loading bootstrap information. Registration failed
2015-11-14 19:25:39 - {}
java.lang.IllegalStateException: None of the server endpoints could be started
	at org.eclipse.californium.core.CoapServer.start(CoapServer.java:200) ~[californium-core-1.0.0-M3.jar:na]
	at org.mars.m2m.apiExtension.LeshanClientExt.start(LeshanClientExt.java:122) ~[classes/:na]
	at org.mars.m2m.demo.LwM2mClients.AttackerDeviceClient.StartDevice(AttackerDeviceClient.java:118) ~[classes/:na]
	at org.mars.m2m.demo.uav.Attacker.startAttackerDevice(Attacker.java:609) ~[classes/:na]
	at org.mars.m2m.demo.uav.Attacker.initUAV(Attacker.java:591) ~[classes/:na]
	at org.mars.m2m.demo.uav.Attacker.<init>(Attacker.java:161) ~[classes/:na]
	at org.mars.m2m.demo.world.World.initScoutsAndAttackers(World.java:264) ~[classes/:na]
	at org.mars.m2m.demo.world.World.initUAVs(World.java:312) ~[classes/:na]
	at org.mars.m2m.demo.world.World.<init>(World.java:144) ~[classes/:na]
	at org.mars.m2m.demo.ui.AnimationPanel.initComponents(AnimationPanel.java:162) ~[classes/:na]
	at org.mars.m2m.demo.ui.FieldUI.<init>(FieldUI.java:26) [classes/:na]
	at org.mars.m2m.demo.ui.FieldUI$1.run(FieldUI.java:125) [classes/:na]
	at java.awt.event.InvocationEvent.dispatch(InvocationEvent.java:311) [na:1.8.0_25]
	at java.awt.EventQueue.dispatchEventImpl(EventQueue.java:744) [na:1.8.0_25]
	at java.awt.EventQueue.access$400(EventQueue.java:97) [na:1.8.0_25]
	at java.awt.EventQueue$3.run(EventQueue.java:697) [na:1.8.0_25]
	at java.awt.EventQueue$3.run(EventQueue.java:691) [na:1.8.0_25]
	at java.security.AccessController.doPrivileged(Native Method) [na:1.8.0_25]
	at java.security.ProtectionDomain$1.doIntersectionPrivilege(ProtectionDomain.java:75) [na:1.8.0_25]
	at java.awt.EventQueue.dispatchEvent(EventQueue.java:714) [na:1.8.0_25]
	at java.awt.EventDispatchThread.pumpOneEventForFilters(EventDispatchThread.java:201) [na:1.8.0_25]
	at java.awt.EventDispatchThread.pumpEventsForFilter(EventDispatchThread.java:116) [na:1.8.0_25]
	at java.awt.EventDispatchThread.pumpEventsForHierarchy(EventDispatchThread.java:105) [na:1.8.0_25]
	at java.awt.EventDispatchThread.pumpEvents(EventDispatchThread.java:101) [na:1.8.0_25]
	at java.awt.EventDispatchThread.pumpEvents(EventDispatchThread.java:93) [na:1.8.0_25]
	at java.awt.EventDispatchThread.run(EventDispatchThread.java:82) [na:1.8.0_25]
2015-11-14 19:30:56 - Error Loading bootstrap information. Registration failed
2015-11-14 19:30:56 - Error Loading bootstrap information. Registration failed
2015-11-14 19:30:56 - Error Loading bootstrap information. Registration failed
2015-11-14 19:30:56 - Error Loading bootstrap information. Registration failed
2015-11-14 19:30:56 - Error Loading bootstrap information. Registration failed
2015-11-14 19:30:56 - Error Loading bootstrap information. Registration failed
2015-11-14 19:30:56 - Error Loading bootstrap information. Registration failed
2015-11-14 19:30:56 - Error Loading bootstrap information. Registration failed
2015-11-14 19:30:56 - Error Loading bootstrap information. Registration failed
2015-11-14 19:30:56 - Error Loading bootstrap information. Registration failed
2015-11-14 19:30:56 - Error Loading bootstrap information. Registration failed
2015-11-14 19:30:56 - Error Loading bootstrap information. Registration failed
2015-11-14 19:30:56 - Error Loading bootstrap information. Registration failed
2015-11-14 19:30:56 - Error Loading bootstrap information. Registration failed
2015-11-14 19:30:56 - Error Loading bootstrap information. Registration failed
2015-11-14 19:30:56 - Error Loading bootstrap information. Registration failed
2015-11-14 19:30:56 - Error Loading bootstrap information. Registration failed
2015-11-14 19:30:56 - Error Loading bootstrap information. Registration failed
2015-11-14 19:30:56 - Error Loading bootstrap information. Registration failed
2015-11-14 19:30:56 - Error Loading bootstrap information. Registration failed
2015-11-14 19:30:56 - Error Loading bootstrap information. Registration failed
2015-11-14 19:30:56 - Error Loading bootstrap information. Registration failed
2015-11-14 19:30:56 - Error Loading bootstrap information. Registration failed
2015-11-14 19:30:56 - Error Loading bootstrap information. Registration failed
2015-11-14 19:30:56 - Error Loading bootstrap information. Registration failed
2015-11-14 19:30:56 - Error Loading bootstrap information. Registration failed
2015-11-14 19:30:56 - Error Loading bootstrap information. Registration failed
2015-11-14 19:30:56 - Error Loading bootstrap information. Registration failed
2015-11-14 19:30:56 - Error Loading bootstrap information. Registration failed
2015-11-14 19:30:56 - Error Loading bootstrap information. Registration failed
2015-11-14 19:30:56 - Error Loading bootstrap information. Registration failed
2015-11-14 19:30:56 - Error Loading bootstrap information. Registration failed
2015-11-14 19:30:56 - Error Loading bootstrap information. Registration failed
2015-11-14 19:30:56 - Error Loading bootstrap information. Registration failed
2015-11-14 19:30:56 - Error Loading bootstrap information. Registration failed
2015-11-14 19:30:56 - Error Loading bootstrap information. Registration failed
2015-11-14 19:30:56 - Error Loading bootstrap information. Registration failed
2015-11-14 19:30:56 - Error Loading bootstrap information. Registration failed
2015-11-14 19:30:56 - Error Loading bootstrap information. Registration failed
2015-11-14 19:30:56 - Error Loading bootstrap information. Registration failed
2015-11-14 19:30:56 - Error Loading bootstrap information. Registration failed
2015-11-14 19:30:56 - Error Loading bootstrap information. Registration failed
2015-11-14 19:30:56 - Error Loading bootstrap information. Registration failed
2015-11-14 19:30:56 - Error Loading bootstrap information. Registration failed
2015-11-14 19:30:56 - Error Loading bootstrap information. Registration failed
2015-11-14 19:30:56 - Error Loading bootstrap information. Registration failed
2015-11-14 19:30:56 - Error Loading bootstrap information. Registration failed
2015-11-14 19:30:56 - Error Loading bootstrap information. Registration failed
2015-11-14 19:30:56 - Error Loading bootstrap information. Registration failed
2015-11-14 19:30:56 - Error Loading bootstrap information. Registration failed
2015-11-14 19:30:56 - Error Loading bootstrap information. Registration failed
2015-11-14 19:30:56 - Error Loading bootstrap information. Registration failed
2015-11-14 19:30:57 - Error Loading bootstrap information. Registration failed
2015-11-14 19:30:57 - Error Loading bootstrap information. Registration failed
2015-11-14 19:30:57 - Error Loading bootstrap information. Registration failed
2015-11-14 19:30:57 - Error Loading bootstrap information. Registration failed
2015-11-14 19:30:57 - Error Loading bootstrap information. Registration failed
2015-11-14 19:30:57 - Error Loading bootstrap information. Registration failed
2015-11-14 19:30:57 - Error Loading bootstrap information. Registration failed
2015-11-14 19:30:57 - Error Loading bootstrap information. Registration failed
2015-11-14 19:30:57 - Error Loading bootstrap information. Registration failed
2015-11-14 19:30:57 - Error Loading bootstrap information. Registration failed
2015-11-14 19:30:57 - Error Loading bootstrap information. Registration failed
2015-11-14 19:30:57 - Error Loading bootstrap information. Registration failed
2015-11-14 19:30:57 - Error Loading bootstrap information. Registration failed
2015-11-14 19:30:57 - Error Loading bootstrap information. Registration failed
2015-11-14 19:30:57 - Error Loading bootstrap information. Registration failed
2015-11-14 19:30:57 - Error Loading bootstrap information. Registration failed
2015-11-14 19:30:57 - Error Loading bootstrap information. Registration failed
2015-11-14 19:30:57 - Error Loading bootstrap information. Registration failed
2015-11-14 19:30:57 - Error Loading bootstrap information. Registration failed
2015-11-14 19:30:57 - Error Loading bootstrap information. Registration failed
2015-11-14 19:30:57 - Error Loading bootstrap information. Registration failed
2015-11-14 19:30:57 - Error Loading bootstrap information. Registration failed
2015-11-14 19:30:57 - Error Loading bootstrap information. Registration failed
2015-11-14 19:30:57 - Error Loading bootstrap information. Registration failed
2015-11-14 19:30:57 - Error Loading bootstrap information. Registration failed
2015-11-14 19:30:57 - Error Loading bootstrap information. Registration failed
2015-11-14 19:30:57 - Error Loading bootstrap information. Registration failed
2015-11-14 19:30:57 - Error Loading bootstrap information. Registration failed
2015-11-14 19:30:57 - Error Loading bootstrap information. Registration failed
2015-11-14 19:30:57 - Error Loading bootstrap information. Registration failed
2015-11-14 19:30:57 - Error Loading bootstrap information. Registration failed
2015-11-14 19:30:57 - Error Loading bootstrap information. Registration failed
2015-11-14 19:30:57 - Error Loading bootstrap information. Registration failed
2015-11-14 19:30:57 - Error Loading bootstrap information. Registration failed
2015-11-14 19:30:57 - Error Loading bootstrap information. Registration failed
2015-11-14 19:30:57 - Error Loading bootstrap information. Registration failed
2015-11-14 19:30:57 - Error Loading bootstrap information. Registration failed
2015-11-14 19:30:57 - Error Loading bootstrap information. Registration failed
2015-11-14 19:30:57 - Error Loading bootstrap information. Registration failed
2015-11-14 19:30:57 - Error Loading bootstrap information. Registration failed
2015-11-14 19:30:57 - Error Loading bootstrap information. Registration failed
2015-11-14 19:30:57 - Error Loading bootstrap information. Registration failed
2015-11-14 19:30:57 - Error Loading bootstrap information. Registration failed
2015-11-14 19:30:57 - Error Loading bootstrap information. Registration failed
2015-11-14 19:30:57 - Error Loading bootstrap information. Registration failed
2015-11-14 19:30:57 - Error Loading bootstrap information. Registration failed
2015-11-14 19:30:57 - Error Loading bootstrap information. Registration failed
2015-11-14 19:30:57 - Error Loading bootstrap information. Registration failed
2015-11-14 19:30:57 - Error Loading bootstrap information. Registration failed
2015-11-14 19:30:57 - Error Loading bootstrap information. Registration failed
2015-11-14 19:30:57 - Error Loading bootstrap information. Registration failed
2015-11-14 19:30:57 - Error Loading bootstrap information. Registration failed
2015-11-14 19:30:57 - Error Loading bootstrap information. Registration failed
2015-11-14 19:30:57 - Error Loading bootstrap information. Registration failed
2015-11-14 19:30:57 - Error Loading bootstrap information. Registration failed
2015-11-14 19:30:57 - Error Loading bootstrap information. Registration failed
2015-11-14 19:30:57 - Error Loading bootstrap information. Registration failed
2015-11-14 19:30:57 - Error Loading bootstrap information. Registration failed
2015-11-14 19:30:58 - Error Loading bootstrap information. Registration failed
2015-11-14 19:30:58 - Error Loading bootstrap information. Registration failed
2015-11-14 19:30:58 - Error Loading bootstrap information. Registration failed
2015-11-14 19:30:58 - Error Loading bootstrap information. Registration failed
2015-11-14 19:30:58 - Error Loading bootstrap information. Registration failed
2015-11-14 19:30:58 - Error Loading bootstrap information. Registration failed
2015-11-14 19:30:58 - Error Loading bootstrap information. Registration failed
2015-11-14 19:30:58 - Error Loading bootstrap information. Registration failed
2015-11-14 19:30:58 - Error Loading bootstrap information. Registration failed
2015-11-14 19:30:58 - Error Loading bootstrap information. Registration failed
2015-11-14 19:30:58 - Error Loading bootstrap information. Registration failed
2015-11-14 19:30:58 - Error Loading bootstrap information. Registration failed
2015-11-14 19:30:58 - Error Loading bootstrap information. Registration failed
2015-11-14 19:30:58 - Error Loading bootstrap information. Registration failed
2015-11-14 19:30:58 - Error Loading bootstrap information. Registration failed
2015-11-14 19:30:58 - Error Loading bootstrap information. Registration failed
2015-11-14 19:30:58 - Error Loading bootstrap information. Registration failed
2015-11-14 19:30:58 - Error Loading bootstrap information. Registration failed
2015-11-14 19:30:58 - Error Loading bootstrap information. Registration failed
2015-11-14 19:30:58 - Error Loading bootstrap information. Registration failed
2015-11-14 19:31:01 - Error Loading bootstrap information. Registration failed
2015-11-14 19:31:01 - Error Loading bootstrap information. Registration failed
2015-11-14 19:31:01 - Error Loading bootstrap information. Registration failed
2015-11-14 19:31:01 - Error Loading bootstrap information. Registration failed
2015-11-14 19:31:01 - Error Loading bootstrap information. Registration failed
2015-11-14 19:31:01 - Error Loading bootstrap information. Registration failed
2015-11-14 19:31:01 - Error Loading bootstrap information. Registration failed
2015-11-14 19:31:01 - Error Loading bootstrap information. Registration failed
2015-11-14 19:31:01 - Error Loading bootstrap information. Registration failed
2015-11-14 19:31:01 - Error Loading bootstrap information. Registration failed
2015-11-14 19:31:01 - Error Loading bootstrap information. Registration failed
2015-11-14 19:31:01 - Error Loading bootstrap information. Registration failed
2015-11-14 19:31:01 - Error Loading bootstrap information. Registration failed
2015-11-14 19:31:01 - Error Loading bootstrap information. Registration failed
2015-11-14 19:31:01 - Error Loading bootstrap information. Registration failed
2015-11-14 19:31:01 - Error Loading bootstrap information. Registration failed
2015-11-14 19:31:01 - Error Loading bootstrap information. Registration failed
2015-11-14 19:31:01 - Error Loading bootstrap information. Registration failed
2015-11-14 19:31:01 - Error Loading bootstrap information. Registration failed
2015-11-14 19:31:01 - Error Loading bootstrap information. Registration failed
2015-11-14 19:31:01 - Error Loading bootstrap information. Registration failed
2015-11-14 19:31:01 - Error Loading bootstrap information. Registration failed
2015-11-14 19:31:01 - Error Loading bootstrap information. Registration failed
2015-11-14 19:31:01 - Error Loading bootstrap information. Registration failed
2015-11-14 19:31:01 - Error Loading bootstrap information. Registration failed
2015-11-14 19:31:01 - Error Loading bootstrap information. Registration failed
2015-11-14 19:31:01 - Error Loading bootstrap information. Registration failed
2015-11-14 19:31:01 - Error Loading bootstrap information. Registration failed
2015-11-14 19:31:01 - Error Loading bootstrap information. Registration failed
2015-11-14 19:31:01 - Error Loading bootstrap information. Registration failed
2015-11-14 19:31:01 - Error Loading bootstrap information. Registration failed
2015-11-14 19:31:01 - Error Loading bootstrap information. Registration failed
2015-11-14 19:31:01 - Error Loading bootstrap information. Registration failed
2015-11-14 19:31:02 - Error Loading bootstrap information. Registration failed
2015-11-14 19:31:02 - Error Loading bootstrap information. Registration failed
2015-11-14 19:31:02 - Error Loading bootstrap information. Registration failed
2015-11-14 19:31:02 - Error Loading bootstrap information. Registration failed
2015-11-14 19:31:02 - Error Loading bootstrap information. Registration failed
2015-11-14 19:31:02 - Error Loading bootstrap information. Registration failed
2015-11-14 19:31:02 - Error Loading bootstrap information. Registration failed
2015-11-14 19:31:02 - Error Loading bootstrap information. Registration failed
2015-11-14 19:31:02 - Error Loading bootstrap information. Registration failed
2015-11-14 19:31:02 - Error Loading bootstrap information. Registration failed
2015-11-14 19:31:02 - Error Loading bootstrap information. Registration failed
2015-11-14 19:31:02 - Error Loading bootstrap information. Registration failed
2015-11-14 19:31:02 - Error Loading bootstrap information. Registration failed
2015-11-14 19:31:02 - Error Loading bootstrap information. Registration failed
2015-11-14 19:31:02 - Error Loading bootstrap information. Registration failed
2015-11-14 19:31:02 - Error Loading bootstrap information. Registration failed
2015-11-14 19:31:02 - Error Loading bootstrap information. Registration failed
2015-11-14 19:31:02 - Error Loading bootstrap information. Registration failed
2015-11-14 19:31:02 - Error Loading bootstrap information. Registration failed
2015-11-14 19:31:02 - Error Loading bootstrap information. Registration failed
2015-11-14 19:31:02 - Error Loading bootstrap information. Registration failed
2015-11-14 19:31:02 - Error Loading bootstrap information. Registration failed
2015-11-14 19:31:02 - Error Loading bootstrap information. Registration failed
2015-11-14 19:31:02 - Error Loading bootstrap information. Registration failed
2015-11-14 19:31:02 - Error Loading bootstrap information. Registration failed
2015-11-14 19:31:02 - Error Loading bootstrap information. Registration failed
2015-11-14 19:31:02 - Error Loading bootstrap information. Registration failed
2015-11-14 19:31:02 - Error Loading bootstrap information. Registration failed
2015-11-14 19:31:02 - Error Loading bootstrap information. Registration failed
2015-11-14 19:31:02 - Error Loading bootstrap information. Registration failed
2015-11-14 19:31:02 - Error Loading bootstrap information. Registration failed
2015-11-14 19:31:02 - Error Loading bootstrap information. Registration failed
2015-11-14 19:31:02 - Error Loading bootstrap information. Registration failed
2015-11-14 19:31:02 - Error Loading bootstrap information. Registration failed
2015-11-14 19:31:02 - Error Loading bootstrap information. Registration failed
2015-11-14 19:31:02 - Error Loading bootstrap information. Registration failed
2015-11-14 19:31:02 - Error Loading bootstrap information. Registration failed
2015-11-14 19:31:02 - Error Loading bootstrap information. Registration failed
2015-11-14 19:31:02 - Error Loading bootstrap information. Registration failed
2015-11-14 19:31:02 - Error Loading bootstrap information. Registration failed
2015-11-14 19:31:02 - Error Loading bootstrap information. Registration failed
2015-11-14 19:31:02 - Error Loading bootstrap information. Registration failed
2015-11-14 19:31:02 - Error Loading bootstrap information. Registration failed
2015-11-14 19:31:02 - Error Loading bootstrap information. Registration failed
2015-11-14 19:31:02 - Error Loading bootstrap information. Registration failed
2015-11-14 19:31:02 - Error Loading bootstrap information. Registration failed
2015-11-14 19:31:02 - Error Loading bootstrap information. Registration failed
2015-11-14 19:31:02 - Error Loading bootstrap information. Registration failed
2015-11-14 19:31:02 - Error Loading bootstrap information. Registration failed
2015-11-14 19:31:02 - Error Loading bootstrap information. Registration failed
2015-11-14 19:31:02 - Error Loading bootstrap information. Registration failed
2015-11-14 19:31:02 - Error Loading bootstrap information. Registration failed
2015-11-14 19:31:02 - Error Loading bootstrap information. Registration failed
2015-11-14 19:31:02 - Error Loading bootstrap information. Registration failed
2015-11-14 19:31:02 - Error Loading bootstrap information. Registration failed
2015-11-14 19:31:02 - Error Loading bootstrap information. Registration failed
2015-11-14 19:31:02 - Error Loading bootstrap information. Registration failed
2015-11-14 19:31:02 - Error Loading bootstrap information. Registration failed
2015-11-14 19:31:02 - Error Loading bootstrap information. Registration failed
2015-11-14 19:31:02 - Error Loading bootstrap information. Registration failed
2015-11-14 19:31:02 - Error Loading bootstrap information. Registration failed
2015-11-14 19:31:02 - Error Loading bootstrap information. Registration failed
2015-11-14 19:31:02 - Error Loading bootstrap information. Registration failed
2015-11-14 19:31:02 - Error Loading bootstrap information. Registration failed
2015-11-14 19:31:02 - Error Loading bootstrap information. Registration failed
2015-11-14 19:31:02 - Error Loading bootstrap information. Registration failed
2015-11-14 19:31:02 - Error Loading bootstrap information. Registration failed
2015-11-14 19:31:02 - Error Loading bootstrap information. Registration failed
2015-11-14 19:31:02 - Error Loading bootstrap information. Registration failed
2015-11-14 19:31:02 - Error Loading bootstrap information. Registration failed
2015-11-14 19:31:02 - Error Loading bootstrap information. Registration failed
2015-11-14 19:31:02 - Error Loading bootstrap information. Registration failed
2015-11-14 19:31:02 - Error Loading bootstrap information. Registration failed
2015-11-14 19:31:02 - Error Loading bootstrap information. Registration failed
2015-11-14 19:31:02 - Error Loading bootstrap information. Registration failed
2015-11-14 19:31:02 - Error Loading bootstrap information. Registration failed
2015-11-14 19:31:03 - Error Loading bootstrap information. Registration failed
2015-11-14 19:31:03 - Error Loading bootstrap information. Registration failed
2015-11-14 19:31:03 - Error Loading bootstrap information. Registration failed
2015-11-14 19:31:03 - Error Loading bootstrap information. Registration failed
2015-11-14 19:31:03 - Error Loading bootstrap information. Registration failed
2015-11-14 19:31:03 - Error Loading bootstrap information. Registration failed
2015-11-14 19:31:03 - Error Loading bootstrap information. Registration failed
2015-11-14 19:31:03 - Error Loading bootstrap information. Registration failed
2015-11-14 19:31:03 - Error Loading bootstrap information. Registration failed
2015-11-14 19:31:03 - Error Loading bootstrap information. Registration failed
2015-11-14 19:31:03 - Error Loading bootstrap information. Registration failed
2015-11-14 19:31:03 - Error Loading bootstrap information. Registration failed
2015-11-14 19:31:03 - Error Loading bootstrap information. Registration failed
2015-11-14 19:31:03 - Error Loading bootstrap information. Registration failed
2015-11-14 19:31:03 - Error Loading bootstrap information. Registration failed
2015-11-14 19:31:03 - Error Loading bootstrap information. Registration failed
2015-11-14 19:31:03 - Error Loading bootstrap information. Registration failed
2015-11-14 19:31:03 - Error Loading bootstrap information. Registration failed
2015-11-14 19:31:03 - Error Loading bootstrap information. Registration failed
2015-11-14 19:31:03 - Error Loading bootstrap information. Registration failed
2015-11-14 19:31:03 - Error Loading bootstrap information. Registration failed
2015-11-14 19:31:06 - Error Loading bootstrap information. Registration failed
2015-11-14 19:31:06 - Error Loading bootstrap information. Registration failed
2015-11-14 19:31:06 - Error Loading bootstrap information. Registration failed
2015-11-14 19:31:06 - Error Loading bootstrap information. Registration failed
2015-11-14 19:31:06 - Error Loading bootstrap information. Registration failed
2015-11-14 19:31:06 - Error Loading bootstrap information. Registration failed
2015-11-14 19:31:06 - Error Loading bootstrap information. Registration failed
2015-11-14 19:31:06 - Error Loading bootstrap information. Registration failed
2015-11-14 19:31:06 - Error Loading bootstrap information. Registration failed
2015-11-14 19:31:06 - Error Loading bootstrap information. Registration failed
2015-11-14 19:31:06 - Error Loading bootstrap information. Registration failed
2015-11-14 19:31:06 - Error Loading bootstrap information. Registration failed
2015-11-14 19:31:06 - Error Loading bootstrap information. Registration failed
2015-11-14 19:31:06 - Error Loading bootstrap information. Registration failed
2015-11-14 19:31:06 - Error Loading bootstrap information. Registration failed
2015-11-14 19:31:06 - Error Loading bootstrap information. Registration failed
2015-11-14 19:31:06 - Error Loading bootstrap information. Registration failed
2015-11-14 19:31:06 - Error Loading bootstrap information. Registration failed
2015-11-14 19:31:06 - Error Loading bootstrap information. Registration failed
2015-11-14 19:31:06 - Error Loading bootstrap information. Registration failed
2015-11-14 19:31:06 - Error Loading bootstrap information. Registration failed
2015-11-14 19:31:06 - Error Loading bootstrap information. Registration failed
2015-11-14 19:31:06 - Error Loading bootstrap information. Registration failed
2015-11-14 19:31:06 - Error Loading bootstrap information. Registration failed
2015-11-14 19:31:06 - Error Loading bootstrap information. Registration failed
2015-11-14 19:31:06 - Error Loading bootstrap information. Registration failed
2015-11-14 19:31:06 - Error Loading bootstrap information. Registration failed
2015-11-14 19:31:06 - Error Loading bootstrap information. Registration failed
2015-11-14 19:31:06 - Error Loading bootstrap information. Registration failed
2015-11-14 19:31:06 - Error Loading bootstrap information. Registration failed
2015-11-14 19:31:06 - Error Loading bootstrap information. Registration failed
2015-11-14 19:31:06 - Error Loading bootstrap information. Registration failed
2015-11-14 19:31:06 - Error Loading bootstrap information. Registration failed
2015-11-14 19:31:06 - Error Loading bootstrap information. Registration failed
2015-11-14 19:31:06 - Error Loading bootstrap information. Registration failed
2015-11-14 19:31:06 - Error Loading bootstrap information. Registration failed
2015-11-14 19:31:06 - Error Loading bootstrap information. Registration failed
2015-11-14 19:31:06 - Error Loading bootstrap information. Registration failed
2015-11-14 19:31:06 - Error Loading bootstrap information. Registration failed
2015-11-14 19:31:06 - Error Loading bootstrap information. Registration failed
2015-11-14 19:31:06 - Error Loading bootstrap information. Registration failed
2015-11-14 19:31:06 - Error Loading bootstrap information. Registration failed
2015-11-14 19:31:06 - Error Loading bootstrap information. Registration failed
2015-11-14 19:31:06 - Error Loading bootstrap information. Registration failed
2015-11-14 19:31:06 - Error Loading bootstrap information. Registration failed
2015-11-14 19:31:06 - Error Loading bootstrap information. Registration failed
2015-11-14 19:31:06 - Error Loading bootstrap information. Registration failed
2015-11-14 19:31:06 - Error Loading bootstrap information. Registration failed
2015-11-14 19:31:06 - Error Loading bootstrap information. Registration failed
2015-11-14 19:31:06 - Error Loading bootstrap information. Registration failed
2015-11-14 19:31:06 - Error Loading bootstrap information. Registration failed
2015-11-14 19:31:07 - Error Loading bootstrap information. Registration failed
2015-11-14 19:31:07 - Error Loading bootstrap information. Registration failed
2015-11-14 19:31:07 - Error Loading bootstrap information. Registration failed
2015-11-14 19:31:07 - Error Loading bootstrap information. Registration failed
2015-11-14 19:31:07 - Error Loading bootstrap information. Registration failed
2015-11-14 19:31:07 - Error Loading bootstrap information. Registration failed
2015-11-14 19:31:07 - Error Loading bootstrap information. Registration failed
2015-11-14 19:31:07 - Error Loading bootstrap information. Registration failed
2015-11-14 19:31:07 - Error Loading bootstrap information. Registration failed
2015-11-14 19:31:07 - Error Loading bootstrap information. Registration failed
2015-11-14 19:31:07 - Error Loading bootstrap information. Registration failed
2015-11-14 19:31:07 - Error Loading bootstrap information. Registration failed
2015-11-14 19:31:07 - Error Loading bootstrap information. Registration failed
2015-11-14 19:31:07 - Error Loading bootstrap information. Registration failed
2015-11-14 19:31:07 - Error Loading bootstrap information. Registration failed
2015-11-14 19:31:07 - Error Loading bootstrap information. Registration failed
2015-11-14 19:31:07 - Error Loading bootstrap information. Registration failed
2015-11-14 19:31:07 - Error Loading bootstrap information. Registration failed
2015-11-14 19:31:07 - Error Loading bootstrap information. Registration failed
2015-11-14 19:31:07 - Error Loading bootstrap information. Registration failed
2015-11-14 19:31:07 - Error Loading bootstrap information. Registration failed
2015-11-14 19:31:07 - Error Loading bootstrap information. Registration failed
2015-11-14 19:31:07 - Error Loading bootstrap information. Registration failed
2015-11-14 19:31:07 - Error Loading bootstrap information. Registration failed
2015-11-14 19:31:07 - Error Loading bootstrap information. Registration failed
2015-11-14 19:31:07 - Error Loading bootstrap information. Registration failed
2015-11-14 19:31:07 - Error Loading bootstrap information. Registration failed
2015-11-14 19:31:07 - Error Loading bootstrap information. Registration failed
2015-11-14 19:31:07 - Error Loading bootstrap information. Registration failed
2015-11-14 19:31:07 - Error Loading bootstrap information. Registration failed
2015-11-14 19:31:07 - Error Loading bootstrap information. Registration failed
2015-11-14 19:31:07 - Error Loading bootstrap information. Registration failed
2015-11-14 19:31:07 - Error Loading bootstrap information. Registration failed
2015-11-14 19:31:07 - Error Loading bootstrap information. Registration failed
2015-11-14 19:31:07 - Error Loading bootstrap information. Registration failed
2015-11-14 19:31:07 - Error Loading bootstrap information. Registration failed
2015-11-14 19:31:07 - Error Loading bootstrap information. Registration failed
2015-11-14 19:31:07 - Error Loading bootstrap information. Registration failed
2015-11-14 19:31:07 - Error Loading bootstrap information. Registration failed
2015-11-14 19:31:07 - Error Loading bootstrap information. Registration failed
2015-11-14 19:31:07 - Error Loading bootstrap information. Registration failed
2015-11-14 19:31:07 - Error Loading bootstrap information. Registration failed
2015-11-14 19:31:07 - Error Loading bootstrap information. Registration failed
2015-11-14 19:31:07 - Error Loading bootstrap information. Registration failed
2015-11-14 19:31:07 - Error Loading bootstrap information. Registration failed
2015-11-14 19:31:07 - Error Loading bootstrap information. Registration failed
2015-11-14 19:31:07 - Error Loading bootstrap information. Registration failed
2015-11-14 19:31:07 - Error Loading bootstrap information. Registration failed
2015-11-14 19:31:07 - Error Loading bootstrap information. Registration failed
2015-11-14 19:31:07 - Error Loading bootstrap information. Registration failed
2015-11-14 19:31:07 - Error Loading bootstrap information. Registration failed
2015-11-14 19:31:07 - Error Loading bootstrap information. Registration failed
2015-11-14 19:31:07 - Error Loading bootstrap information. Registration failed
2015-11-14 19:31:07 - Error Loading bootstrap information. Registration failed
2015-11-14 19:31:07 - Error Loading bootstrap information. Registration failed
2015-11-14 19:31:07 - Error Loading bootstrap information. Registration failed
2015-11-14 19:31:07 - Error Loading bootstrap information. Registration failed
2015-11-14 19:31:07 - Error Loading bootstrap information. Registration failed
2015-11-14 19:31:08 - Error Loading bootstrap information. Registration failed
2015-11-14 19:31:08 - Error Loading bootstrap information. Registration failed
2015-11-14 19:31:08 - Error Loading bootstrap information. Registration failed
2015-11-14 19:31:08 - Error Loading bootstrap information. Registration failed
2015-11-14 19:31:08 - Error Loading bootstrap information. Registration failed
2015-11-14 19:31:08 - Error Loading bootstrap information. Registration failed
2015-11-14 19:31:08 - Error Loading bootstrap information. Registration failed
2015-11-14 19:31:08 - Error Loading bootstrap information. Registration failed
2015-11-14 19:31:08 - Error Loading bootstrap information. Registration failed
2015-11-14 19:31:08 - Error Loading bootstrap information. Registration failed
2015-11-14 19:31:08 - Error Loading bootstrap information. Registration failed
2015-11-14 19:31:08 - Error Loading bootstrap information. Registration failed
2015-11-14 19:31:08 - Error Loading bootstrap information. Registration failed
2015-11-14 19:31:08 - Error Loading bootstrap information. Registration failed
2015-11-14 19:31:08 - Error Loading bootstrap information. Registration failed
2015-11-14 19:31:08 - Error Loading bootstrap information. Registration failed
2015-11-14 19:31:08 - Error Loading bootstrap information. Registration failed
2015-11-14 19:31:08 - Error Loading bootstrap information. Registration failed
2015-11-14 19:31:08 - Error Loading bootstrap information. Registration failed
2015-11-14 19:31:08 - Error Loading bootstrap information. Registration failed
2015-11-14 19:31:08 - Error Loading bootstrap information. Registration failed
2015-11-14 19:31:11 - Error Loading bootstrap information. Registration failed
2015-11-14 19:31:11 - Error Loading bootstrap information. Registration failed
2015-11-14 19:31:11 - Error Loading bootstrap information. Registration failed
2015-11-14 19:31:11 - Error Loading bootstrap information. Registration failed
2015-11-14 19:31:11 - Error Loading bootstrap information. Registration failed
2015-11-14 19:31:11 - Error Loading bootstrap information. Registration failed
2015-11-14 19:31:11 - Error Loading bootstrap information. Registration failed
2015-11-14 19:31:11 - Error Loading bootstrap information. Registration failed
2015-11-14 19:31:11 - Error Loading bootstrap information. Registration failed
2015-11-14 19:31:11 - Error Loading bootstrap information. Registration failed
2015-11-14 19:31:11 - Error Loading bootstrap information. Registration failed
2015-11-14 19:31:11 - Error Loading bootstrap information. Registration failed
2015-11-14 19:31:11 - Error Loading bootstrap information. Registration failed
2015-11-14 19:31:11 - Error Loading bootstrap information. Registration failed
2015-11-14 19:31:11 - Error Loading bootstrap information. Registration failed
2015-11-14 19:31:11 - Error Loading bootstrap information. Registration failed
2015-11-14 19:31:11 - Error Loading bootstrap information. Registration failed
2015-11-14 19:31:11 - Error Loading bootstrap information. Registration failed
2015-11-14 19:31:11 - Error Loading bootstrap information. Registration failed
2015-11-14 19:31:11 - Error Loading bootstrap information. Registration failed
2015-11-14 19:31:11 - Error Loading bootstrap information. Registration failed
2015-11-14 19:31:11 - Error Loading bootstrap information. Registration failed
2015-11-14 19:31:11 - Error Loading bootstrap information. Registration failed
2015-11-14 19:31:11 - Error Loading bootstrap information. Registration failed
2015-11-14 19:31:11 - Error Loading bootstrap information. Registration failed
2015-11-14 19:31:11 - Error Loading bootstrap information. Registration failed
2015-11-14 19:31:11 - Error Loading bootstrap information. Registration failed
2015-11-14 19:31:11 - Error Loading bootstrap information. Registration failed
2015-11-14 19:31:11 - Error Loading bootstrap information. Registration failed
2015-11-14 19:31:11 - Error Loading bootstrap information. Registration failed
2015-11-14 19:31:11 - Error Loading bootstrap information. Registration failed
2015-11-14 19:31:11 - Error Loading bootstrap information. Registration failed
2015-11-14 19:31:11 - Error Loading bootstrap information. Registration failed
2015-11-14 19:31:11 - Error Loading bootstrap information. Registration failed
2015-11-14 19:31:11 - Error Loading bootstrap information. Registration failed
2015-11-14 19:31:11 - Error Loading bootstrap information. Registration failed
2015-11-14 19:31:11 - Error Loading bootstrap information. Registration failed
2015-11-14 19:31:11 - Error Loading bootstrap information. Registration failed
2015-11-14 19:31:11 - Error Loading bootstrap information. Registration failed
2015-11-14 19:31:11 - Error Loading bootstrap information. Registration failed
2015-11-14 19:31:11 - Error Loading bootstrap information. Registration failed
2015-11-14 19:31:11 - Error Loading bootstrap information. Registration failed
2015-11-14 19:31:11 - Error Loading bootstrap information. Registration failed
2015-11-14 19:31:11 - Error Loading bootstrap information. Registration failed
2015-11-14 19:31:11 - Error Loading bootstrap information. Registration failed
2015-11-14 19:31:11 - Error Loading bootstrap information. Registration failed
2015-11-14 19:31:11 - Error Loading bootstrap information. Registration failed
2015-11-14 19:31:11 - Error Loading bootstrap information. Registration failed
2015-11-14 19:31:11 - Error Loading bootstrap information. Registration failed
2015-11-14 19:31:11 - Error Loading bootstrap information. Registration failed
2015-11-14 19:31:11 - Error Loading bootstrap information. Registration failed
2015-11-14 19:31:12 - Error Loading bootstrap information. Registration failed
2015-11-14 19:31:12 - Error Loading bootstrap information. Registration failed
2015-11-14 19:31:12 - Error Loading bootstrap information. Registration failed
2015-11-14 19:31:12 - Error Loading bootstrap information. Registration failed
2015-11-14 19:31:12 - Error Loading bootstrap information. Registration failed
2015-11-14 19:31:12 - Error Loading bootstrap information. Registration failed
2015-11-14 19:31:12 - Error Loading bootstrap information. Registration failed
2015-11-14 19:31:12 - Error Loading bootstrap information. Registration failed
2015-11-14 19:31:12 - Error Loading bootstrap information. Registration failed
2015-11-14 19:31:12 - Error Loading bootstrap information. Registration failed
2015-11-14 19:31:12 - Error Loading bootstrap information. Registration failed
2015-11-14 19:31:12 - Error Loading bootstrap information. Registration failed
2015-11-14 19:31:12 - Error Loading bootstrap information. Registration failed
2015-11-14 19:31:12 - Error Loading bootstrap information. Registration failed
2015-11-14 19:31:12 - Error Loading bootstrap information. Registration failed
2015-11-14 19:31:12 - Error Loading bootstrap information. Registration failed
2015-11-14 19:31:12 - Error Loading bootstrap information. Registration failed
2015-11-14 19:31:12 - Error Loading bootstrap information. Registration failed
2015-11-14 19:31:12 - Error Loading bootstrap information. Registration failed
2015-11-14 19:31:12 - Error Loading bootstrap information. Registration failed
2015-11-14 19:31:12 - Error Loading bootstrap information. Registration failed
2015-11-14 19:31:12 - Error Loading bootstrap information. Registration failed
2015-11-14 19:31:12 - Error Loading bootstrap information. Registration failed
2015-11-14 19:31:12 - Error Loading bootstrap information. Registration failed
2015-11-14 19:31:12 - Error Loading bootstrap information. Registration failed
2015-11-14 19:31:12 - Error Loading bootstrap information. Registration failed
2015-11-14 19:31:12 - Error Loading bootstrap information. Registration failed
2015-11-14 19:31:12 - Error Loading bootstrap information. Registration failed
2015-11-14 19:31:12 - Error Loading bootstrap information. Registration failed
2015-11-14 19:31:12 - Error Loading bootstrap information. Registration failed
2015-11-14 19:31:12 - Error Loading bootstrap information. Registration failed
2015-11-14 19:31:12 - Error Loading bootstrap information. Registration failed
2015-11-14 19:31:12 - Error Loading bootstrap information. Registration failed
2015-11-14 19:31:12 - Error Loading bootstrap information. Registration failed
2015-11-14 19:31:12 - Error Loading bootstrap information. Registration failed
2015-11-14 19:31:12 - Error Loading bootstrap information. Registration failed
2015-11-14 19:31:12 - Error Loading bootstrap information. Registration failed
2015-11-14 19:31:12 - Error Loading bootstrap information. Registration failed
2015-11-14 19:31:12 - Error Loading bootstrap information. Registration failed
2015-11-14 19:31:12 - Error Loading bootstrap information. Registration failed
2015-11-14 19:31:12 - Error Loading bootstrap information. Registration failed
2015-11-14 19:31:12 - Error Loading bootstrap information. Registration failed
2015-11-14 19:31:12 - Error Loading bootstrap information. Registration failed
2015-11-14 19:31:12 - Error Loading bootstrap information. Registration failed
2015-11-14 19:31:12 - Error Loading bootstrap information. Registration failed
2015-11-14 19:31:12 - Error Loading bootstrap information. Registration failed
2015-11-14 19:31:12 - Error Loading bootstrap information. Registration failed
2015-11-14 19:31:12 - Error Loading bootstrap information. Registration failed
2015-11-14 19:31:12 - Error Loading bootstrap information. Registration failed
2015-11-14 19:31:12 - Error Loading bootstrap information. Registration failed
2015-11-14 19:31:12 - Error Loading bootstrap information. Registration failed
2015-11-14 19:31:12 - Error Loading bootstrap information. Registration failed
2015-11-14 19:31:12 - Error Loading bootstrap information. Registration failed
2015-11-14 19:31:12 - Error Loading bootstrap information. Registration failed
2015-11-14 19:31:12 - Error Loading bootstrap information. Registration failed
2015-11-14 19:31:12 - Error Loading bootstrap information. Registration failed
2015-11-14 19:31:12 - Error Loading bootstrap information. Registration failed
2015-11-14 19:31:12 - Error Loading bootstrap information. Registration failed
2015-11-14 19:31:13 - Error Loading bootstrap information. Registration failed
2015-11-14 19:31:13 - Error Loading bootstrap information. Registration failed
2015-11-14 19:31:13 - Error Loading bootstrap information. Registration failed
2015-11-14 19:31:13 - Error Loading bootstrap information. Registration failed
2015-11-14 19:31:13 - Error Loading bootstrap information. Registration failed
2015-11-14 19:31:13 - Error Loading bootstrap information. Registration failed
2015-11-14 19:31:13 - Error Loading bootstrap information. Registration failed
2015-11-14 19:31:13 - Error Loading bootstrap information. Registration failed
2015-11-14 19:31:13 - Error Loading bootstrap information. Registration failed
2015-11-14 19:31:13 - Error Loading bootstrap information. Registration failed
2015-11-14 19:31:13 - Error Loading bootstrap information. Registration failed
2015-11-14 19:31:13 - Error Loading bootstrap information. Registration failed
2015-11-14 19:31:13 - Error Loading bootstrap information. Registration failed
2015-11-14 19:31:13 - Error Loading bootstrap information. Registration failed
2015-11-14 19:31:13 - Error Loading bootstrap information. Registration failed
2015-11-14 19:31:13 - Error Loading bootstrap information. Registration failed
2015-11-14 19:31:13 - Error Loading bootstrap information. Registration failed
2015-11-14 19:31:13 - Error Loading bootstrap information. Registration failed
2015-11-14 19:31:13 - Error Loading bootstrap information. Registration failed
2015-11-14 19:31:13 - Error Loading bootstrap information. Registration failed
2015-11-14 19:31:13 - Error Loading bootstrap information. Registration failed
2015-11-14 19:31:16 - Error Loading bootstrap information. Registration failed
2015-11-14 19:31:16 - Error Loading bootstrap information. Registration failed
2015-11-14 19:31:16 - Error Loading bootstrap information. Registration failed
2015-11-14 19:31:16 - Error Loading bootstrap information. Registration failed
2015-11-14 19:31:16 - Error Loading bootstrap information. Registration failed
2015-11-14 19:31:16 - Error Loading bootstrap information. Registration failed
2015-11-14 19:31:16 - Error Loading bootstrap information. Registration failed
2015-11-14 19:31:16 - Error Loading bootstrap information. Registration failed
2015-11-14 19:31:16 - Error Loading bootstrap information. Registration failed
2015-11-14 19:31:16 - Error Loading bootstrap information. Registration failed
2015-11-14 19:31:16 - Error Loading bootstrap information. Registration failed
2015-11-14 19:31:16 - Error Loading bootstrap information. Registration failed
2015-11-14 19:31:16 - Error Loading bootstrap information. Registration failed
2015-11-14 19:31:16 - Error Loading bootstrap information. Registration failed
2015-11-14 19:31:16 - Error Loading bootstrap information. Registration failed
2015-11-14 19:31:16 - Error Loading bootstrap information. Registration failed
2015-11-14 19:31:16 - Error Loading bootstrap information. Registration failed
2015-11-14 19:31:16 - Error Loading bootstrap information. Registration failed
2015-11-14 19:31:16 - Error Loading bootstrap information. Registration failed
2015-11-14 19:31:16 - Error Loading bootstrap information. Registration failed
2015-11-14 19:31:16 - Error Loading bootstrap information. Registration failed
2015-11-14 19:31:16 - Error Loading bootstrap information. Registration failed
2015-11-14 19:31:16 - Error Loading bootstrap information. Registration failed
2015-11-14 19:31:16 - Error Loading bootstrap information. Registration failed
2015-11-14 19:31:16 - Error Loading bootstrap information. Registration failed
2015-11-14 19:31:16 - Error Loading bootstrap information. Registration failed
2015-11-14 19:31:16 - Error Loading bootstrap information. Registration failed
2015-11-14 19:31:16 - Error Loading bootstrap information. Registration failed
2015-11-14 19:31:16 - Error Loading bootstrap information. Registration failed
2015-11-14 19:31:16 - Error Loading bootstrap information. Registration failed
2015-11-14 19:31:16 - Error Loading bootstrap information. Registration failed
2015-11-14 19:31:16 - Error Loading bootstrap information. Registration failed
2015-11-14 19:31:16 - Error Loading bootstrap information. Registration failed
2015-11-14 19:31:16 - Error Loading bootstrap information. Registration failed
2015-11-14 19:31:16 - Error Loading bootstrap information. Registration failed
2015-11-14 19:31:16 - Error Loading bootstrap information. Registration failed
2015-11-14 19:31:16 - Error Loading bootstrap information. Registration failed
2015-11-14 19:31:16 - Error Loading bootstrap information. Registration failed
2015-11-14 19:31:16 - Error Loading bootstrap information. Registration failed
2015-11-14 19:31:16 - Error Loading bootstrap information. Registration failed
2015-11-14 19:31:16 - Error Loading bootstrap information. Registration failed
2015-11-14 19:31:16 - Error Loading bootstrap information. Registration failed
2015-11-14 19:31:16 - Error Loading bootstrap information. Registration failed
2015-11-14 19:31:16 - Error Loading bootstrap information. Registration failed
2015-11-14 19:31:16 - Error Loading bootstrap information. Registration failed
2015-11-14 19:31:16 - Error Loading bootstrap information. Registration failed
2015-11-14 19:31:16 - Error Loading bootstrap information. Registration failed
2015-11-14 19:31:16 - Error Loading bootstrap information. Registration failed
2015-11-14 19:31:16 - Error Loading bootstrap information. Registration failed
2015-11-14 19:31:16 - Error Loading bootstrap information. Registration failed
2015-11-14 19:31:16 - Error Loading bootstrap information. Registration failed
2015-11-14 19:31:17 - Error Loading bootstrap information. Registration failed
2015-11-14 19:31:17 - Error Loading bootstrap information. Registration failed
2015-11-14 19:31:17 - Error Loading bootstrap information. Registration failed
2015-11-14 19:31:17 - Error Loading bootstrap information. Registration failed
2015-11-14 19:31:17 - Error Loading bootstrap information. Registration failed
2015-11-14 19:31:17 - Error Loading bootstrap information. Registration failed
2015-11-14 19:31:17 - Error Loading bootstrap information. Registration failed
2015-11-14 19:31:17 - Error Loading bootstrap information. Registration failed
2015-11-14 19:31:17 - Error Loading bootstrap information. Registration failed
2015-11-14 19:31:17 - Error Loading bootstrap information. Registration failed
2015-11-14 19:31:17 - Error Loading bootstrap information. Registration failed
2015-11-14 19:31:17 - Error Loading bootstrap information. Registration failed
2015-11-14 19:31:17 - Error Loading bootstrap information. Registration failed
2015-11-14 19:31:17 - Error Loading bootstrap information. Registration failed
2015-11-14 19:31:17 - Error Loading bootstrap information. Registration failed
2015-11-14 19:31:17 - Error Loading bootstrap information. Registration failed
2015-11-14 19:31:17 - Error Loading bootstrap information. Registration failed
2015-11-14 19:31:17 - Error Loading bootstrap information. Registration failed
2015-11-14 19:31:17 - Error Loading bootstrap information. Registration failed
2015-11-14 19:31:17 - Error Loading bootstrap information. Registration failed
2015-11-14 19:31:17 - Error Loading bootstrap information. Registration failed
2015-11-14 19:31:17 - Error Loading bootstrap information. Registration failed
2015-11-14 19:31:17 - Error Loading bootstrap information. Registration failed
2015-11-14 19:31:17 - Error Loading bootstrap information. Registration failed
2015-11-14 19:31:17 - Error Loading bootstrap information. Registration failed
2015-11-14 19:31:17 - Error Loading bootstrap information. Registration failed
2015-11-14 19:31:17 - Error Loading bootstrap information. Registration failed
2015-11-14 19:31:17 - Error Loading bootstrap information. Registration failed
2015-11-14 19:31:17 - Error Loading bootstrap information. Registration failed
2015-11-14 19:31:17 - Error Loading bootstrap information. Registration failed
2015-11-14 19:31:17 - Error Loading bootstrap information. Registration failed
2015-11-14 19:31:17 - Error Loading bootstrap information. Registration failed
2015-11-14 19:31:17 - Error Loading bootstrap information. Registration failed
2015-11-14 19:31:17 - Error Loading bootstrap information. Registration failed
2015-11-14 19:31:17 - Error Loading bootstrap information. Registration failed
2015-11-14 19:31:17 - Error Loading bootstrap information. Registration failed
2015-11-14 19:31:17 - Error Loading bootstrap information. Registration failed
2015-11-14 19:31:17 - Error Loading bootstrap information. Registration failed
2015-11-14 19:31:17 - Error Loading bootstrap information. Registration failed
2015-11-14 19:31:17 - Error Loading bootstrap information. Registration failed
2015-11-14 19:31:17 - Error Loading bootstrap information. Registration failed
2015-11-14 19:31:18 - Error Loading bootstrap information. Registration failed
2015-11-14 19:31:18 - Error Loading bootstrap information. Registration failed
2015-11-14 19:31:18 - Error Loading bootstrap information. Registration failed
2015-11-14 19:31:18 - Error Loading bootstrap information. Registration failed
2015-11-14 19:31:18 - Error Loading bootstrap information. Registration failed
2015-11-14 19:31:18 - Error Loading bootstrap information. Registration failed
2015-11-14 19:31:18 - Error Loading bootstrap information. Registration failed
2015-11-14 19:31:18 - Error Loading bootstrap information. Registration failed
2015-11-14 19:31:18 - Error Loading bootstrap information. Registration failed
2015-11-14 19:31:18 - Error Loading bootstrap information. Registration failed
2015-11-14 19:31:18 - Error Loading bootstrap information. Registration failed
2015-11-14 19:31:18 - Error Loading bootstrap information. Registration failed
2015-11-14 19:31:18 - Error Loading bootstrap information. Registration failed
2015-11-14 19:31:18 - Error Loading bootstrap information. Registration failed
2015-11-14 19:31:18 - Error Loading bootstrap information. Registration failed
2015-11-14 19:31:18 - Error Loading bootstrap information. Registration failed
2015-11-14 19:31:18 - Error Loading bootstrap information. Registration failed
2015-11-14 19:31:18 - Error Loading bootstrap information. Registration failed
2015-11-14 19:31:18 - Error Loading bootstrap information. Registration failed
2015-11-14 19:31:18 - Error Loading bootstrap information. Registration failed
2015-11-14 19:31:18 - Error Loading bootstrap information. Registration failed
2015-11-14 19:31:18 - Error Loading bootstrap information. Registration failed
2015-11-14 19:31:18 - Error Loading bootstrap information. Registration failed
2015-11-14 19:31:18 - Error Loading bootstrap information. Registration failed
2015-11-14 19:31:18 - Error Loading bootstrap information. Registration failed
2015-11-14 19:31:18 - Error Loading bootstrap information. Registration failed
2015-11-14 19:31:18 - Error Loading bootstrap information. Registration failed
2015-11-14 19:31:18 - Error Loading bootstrap information. Registration failed
2015-11-14 19:31:18 - Error Loading bootstrap information. Registration failed
2015-11-14 19:31:18 - Error Loading bootstrap information. Registration failed
2015-11-14 19:31:18 - Error Loading bootstrap information. Registration failed
2015-11-14 19:31:18 - Error Loading bootstrap information. Registration failed
2015-11-14 19:31:18 - Error Loading bootstrap information. Registration failed
2015-11-14 19:31:18 - Error Loading bootstrap information. Registration failed
2015-11-14 19:31:18 - Error Loading bootstrap information. Registration failed
2015-11-14 19:31:18 - Error Loading bootstrap information. Registration failed
2015-11-14 19:31:18 - Error Loading bootstrap information. Registration failed
2015-11-14 19:31:18 - Error Loading bootstrap information. Registration failed
2015-11-14 19:34:30 - null
2015-11-14 19:35:03 - null
2015-11-14 19:35:03 - null
2015-11-14 19:35:31 - null
2015-11-14 23:12:53 - null
2015-11-14 23:12:55 - null
2015-11-14 23:12:57 - null
2015-11-14 23:12:57 - null
2015-11-14 23:13:06 - null
2015-11-14 23:13:07 - null
2015-11-14 23:13:07 - null
2015-11-14 23:13:07 - null
2015-11-14 23:13:09 - null
2015-11-14 23:13:09 - null
2015-11-14 23:13:11 - null
2015-11-14 23:13:11 - null
2015-11-14 23:13:12 - null
2015-11-14 23:13:12 - null
2015-11-14 23:13:12 - null
2015-11-14 23:13:17 - null
2015-11-14 23:13:17 - null
2015-11-14 23:13:18 - null
2015-11-14 23:13:18 - null
2015-11-14 23:13:18 - null
2015-11-14 23:13:18 - null
2015-11-14 23:13:18 - null
2015-11-14 23:13:20 - null
2015-11-14 23:13:20 - null
2015-11-14 23:13:20 - null
2015-11-14 23:13:20 - null
2015-11-14 23:13:20 - null
2015-11-14 23:13:22 - null
2015-11-14 23:13:25 - null
2015-11-14 23:13:25 - null
2015-11-14 23:13:25 - null
2015-11-14 23:13:29 - null
2015-11-14 23:13:29 - null
2015-11-14 23:13:31 - changes 3 > initialChanges 2
2015-11-14 23:13:34 - null
2015-11-14 23:13:40 - null
2015-11-14 23:13:40 - null
2015-11-14 23:13:42 - null
2015-11-14 23:13:42 - null
2015-11-14 23:13:42 - null
2015-11-14 23:13:42 - null
2015-11-14 23:13:42 - null
2015-11-14 23:13:42 - null
2015-11-14 23:13:42 - null
2015-11-14 23:13:42 - null
2015-11-14 23:13:42 - null
2015-11-14 23:13:45 - null
2015-11-14 23:13:45 - null
2015-11-14 23:13:47 - null
2015-11-14 23:13:47 - null
2015-11-14 23:13:47 - null
2015-11-14 23:13:47 - null
2015-11-14 23:13:47 - changes 5 > initialChanges 4
2015-11-14 23:13:47 - null
2015-11-14 23:13:47 - null
2015-11-14 23:13:54 - null
2015-11-14 23:13:54 - null
2015-11-14 23:13:54 - null
2015-11-14 23:13:54 - null
2015-11-14 23:13:54 - null
2015-11-14 23:13:54 - null
2015-11-14 23:13:54 - null
2015-11-14 23:13:58 - null
2015-11-14 23:13:59 - null
2015-11-14 23:13:59 - null
2015-11-14 23:13:59 - null
2015-11-14 23:13:59 - null
2015-11-14 23:13:59 - null
2015-11-14 23:13:59 - null
2015-11-14 23:13:59 - null
2015-11-14 23:13:59 - null
2015-11-14 23:13:59 - null
2015-11-14 23:13:59 - null
2015-11-14 23:13:59 - null
2015-11-14 23:13:59 - null
2015-11-14 23:13:59 - null
2015-11-14 23:13:59 - null
2015-11-14 23:13:59 - changes 24 > initialChanges 23
2015-11-14 23:14:01 - null
2015-11-14 23:14:01 - null
2015-11-14 23:14:01 - null
2015-11-14 23:14:01 - null
2015-11-14 23:14:01 - null
2015-11-14 23:14:02 - null
2015-11-14 23:14:02 - null
2015-11-14 23:14:02 - null
2015-11-14 23:14:02 - null
2015-11-14 23:14:02 - null
2015-11-14 23:14:02 - null
2015-11-14 23:14:02 - null
2015-11-14 23:14:02 - null
2015-11-14 23:14:02 - null
2015-11-14 23:14:02 - null
2015-11-14 23:14:02 - null
2015-11-14 23:14:02 - null
2015-11-14 23:14:02 - null
2015-11-14 23:14:02 - null
2015-11-14 23:14:03 - null
2015-11-14 23:14:04 - null
2015-11-14 23:14:05 - null
2015-11-14 23:14:05 - null
2015-11-14 23:14:05 - null
2015-11-14 23:14:05 - null
2015-11-14 23:14:06 - null
2015-11-14 23:14:07 - null
2015-11-14 23:14:07 - null
2015-11-14 23:14:07 - null
2015-11-14 23:14:07 - null
2015-11-14 23:14:07 - null
2015-11-14 23:14:07 - null
2015-11-14 23:14:07 - null
2015-11-14 23:14:07 - null
2015-11-14 23:14:08 - null
2015-11-14 23:14:08 - null
2015-11-14 23:14:08 - null
2015-11-14 23:14:08 - null
2015-11-14 23:14:09 - null
2015-11-14 23:14:09 - null
2015-11-14 23:14:11 - null
2015-11-14 23:14:11 - null
2015-11-14 23:14:12 - null
2015-11-14 23:14:15 - null
2015-11-14 23:14:15 - null
2015-11-14 23:14:15 - null
2015-11-14 23:14:15 - null
2015-11-14 23:14:15 - null
2015-11-14 23:14:15 - null
2015-11-14 23:14:15 - null
2015-11-14 23:14:23 - null
2015-11-14 23:14:24 - null
2015-11-14 23:14:29 - changes 19 > initialChanges 18
2015-11-14 23:14:29 - null
2015-11-14 23:14:30 - null
2015-11-14 23:14:30 - null
2015-11-14 23:14:31 - null
2015-11-14 23:14:33 - null
2015-11-14 23:14:34 - null
2015-11-14 23:14:34 - null
2015-11-14 23:14:37 - null
2015-11-14 23:14:37 - null
2015-11-14 23:14:37 - null
2015-11-14 23:14:38 - null
2015-11-14 23:14:38 - null
2015-11-14 23:14:40 - null
2015-11-14 23:14:40 - null
2015-11-14 23:14:40 - null
2015-11-14 23:14:40 - null
2015-11-14 23:14:40 - null
2015-11-14 23:14:40 - null
2015-11-14 23:14:40 - null
2015-11-14 23:14:41 - null
2015-11-14 23:14:43 - null
2015-11-14 23:14:44 - null
2015-11-14 23:14:47 - null
2015-11-14 23:14:47 - null
2015-11-14 23:14:47 - null
2015-11-14 23:14:47 - null
2015-11-14 23:14:48 - null
2015-11-14 23:14:48 - null
2015-11-14 23:14:48 - null
2015-11-14 23:14:48 - null
2015-11-14 23:14:48 - null
2015-11-14 23:14:48 - null
2015-11-14 23:14:48 - null
2015-11-14 23:14:48 - null
2015-11-14 23:14:48 - null
2015-11-14 23:14:48 - null
2015-11-14 23:14:48 - null
2015-11-14 23:14:48 - null
2015-11-14 23:14:48 - null
2015-11-14 23:14:48 - null
