2015-09-10 11:57:44 - unknown-source: {E213} null
2015-09-10 11:57:44 - unknown-source: {E213} null
2015-09-10 11:57:44 - unknown-source: {E213} null
2015-09-10 11:57:45 - unknown-source: {E213} null
2015-09-10 11:57:45 - unknown-source: {E213} null
2015-09-10 11:57:45 - unknown-source: {E213} null
2015-09-10 11:57:45 - unknown-source: {E213} null
2015-09-10 11:57:45 - unknown-source: {E213} null
2015-09-10 11:57:45 - unknown-source: {E213} null
2015-09-10 11:57:45 - unknown-source: {E213} null
2015-09-10 11:57:45 - unknown-source: {E213} null
2015-09-10 12:00:28 - unknown-source: {E213} null
2015-09-10 12:00:28 - unknown-source: {E213} null
2015-09-10 12:00:29 - unknown-source: {E213} null
2015-09-10 12:00:29 - unknown-source: {E213} null
2015-09-10 12:00:29 - unknown-source: {E213} null
2015-09-10 12:00:29 - unknown-source: {E213} null
2015-09-10 12:00:29 - unknown-source: {E213} null
2015-09-10 12:00:29 - unknown-source: {E213} null
2015-09-10 12:00:29 - unknown-source: {E213} null
2015-09-10 12:00:29 - unknown-source: {E213} null
2015-09-10 12:00:29 - unknown-source: {E213} null
2015-09-10 12:01:03 - unknown-source: {E213} null
2015-09-10 12:01:03 - unknown-source: {E213} null
2015-09-10 12:01:04 - unknown-source: {E213} null
2015-09-10 12:01:04 - unknown-source: {E213} null
2015-09-10 12:01:04 - unknown-source: {E213} null
2015-09-10 12:01:04 - unknown-source: {E213} null
2015-09-10 12:01:04 - unknown-source: {E213} null
2015-09-10 12:01:04 - unknown-source: {E213} null
2015-09-10 12:01:04 - unknown-source: {E213} null
2015-09-10 12:01:04 - unknown-source: {E213} null
2015-09-10 12:01:04 - unknown-source: {E213} null
2015-09-10 19:22:16 - unknown-source: {E213} null
2015-09-10 19:22:17 - unknown-source: {E213} null
2015-09-10 19:22:17 - unknown-source: {E213} null
2015-09-10 19:22:17 - unknown-source: {E213} null
2015-09-10 19:22:17 - unknown-source: {E213} null
2015-09-10 19:22:17 - unknown-source: {E213} null
2015-09-10 19:22:17 - unknown-source: {E213} null
2015-09-10 19:22:17 - unknown-source: {E213} null
2015-09-10 19:22:17 - unknown-source: {E213} null
2015-09-10 19:22:17 - unknown-source: {E213} null
2015-09-10 19:22:17 - unknown-source: {E213} null
2015-09-10 19:22:17 - java.lang.IllegalStateException: Instance must have a class with a default constructor
2015-09-10 19:24:06 - unknown-source: {E213} null
2015-09-10 19:24:06 - unknown-source: {E213} null
2015-09-10 19:24:06 - unknown-source: {E213} null
2015-09-10 19:24:06 - unknown-source: {E213} null
2015-09-10 19:24:06 - unknown-source: {E213} null
2015-09-10 19:24:06 - unknown-source: {E213} null
2015-09-10 19:24:07 - unknown-source: {E213} null
2015-09-10 19:24:07 - unknown-source: {E213} null
2015-09-10 19:24:07 - unknown-source: {E213} null
2015-09-10 19:24:07 - unknown-source: {E213} null
2015-09-10 19:24:07 - unknown-source: {E213} null
2015-09-10 19:24:07 - java.lang.IllegalStateException: Instance must have a class with a default constructor
2015-09-10 19:26:28 - unknown-source: {E213} null
2015-09-10 19:26:28 - unknown-source: {E213} null
2015-09-10 19:26:29 - unknown-source: {E213} null
2015-09-10 19:26:29 - unknown-source: {E213} null
2015-09-10 19:26:29 - unknown-source: {E213} null
2015-09-10 19:26:29 - unknown-source: {E213} null
2015-09-10 19:26:29 - unknown-source: {E213} null
2015-09-10 19:26:29 - unknown-source: {E213} null
2015-09-10 19:26:29 - unknown-source: {E213} null
2015-09-10 19:26:29 - unknown-source: {E213} null
2015-09-10 19:26:29 - unknown-source: {E213} null
2015-09-10 19:26:30 - java.lang.IllegalStateException: Instance must have a class with a default constructor
2015-09-10 19:28:11 - unknown-source: {E213} null
2015-09-10 19:28:11 - unknown-source: {E213} null
2015-09-10 19:28:12 - unknown-source: {E213} null
2015-09-10 19:28:12 - unknown-source: {E213} null
2015-09-10 19:28:12 - unknown-source: {E213} null
2015-09-10 19:28:12 - unknown-source: {E213} null
2015-09-10 19:28:12 - unknown-source: {E213} null
2015-09-10 19:28:12 - unknown-source: {E213} null
2015-09-10 19:28:12 - unknown-source: {E213} null
2015-09-10 19:28:12 - unknown-source: {E213} null
2015-09-10 19:28:12 - unknown-source: {E213} null
2015-09-10 19:28:12 - java.lang.IllegalStateException: Instance must have a class with a default constructor
2015-09-10 19:29:56 - unknown-source: {E213} null
2015-09-10 19:29:57 - unknown-source: {E213} null
2015-09-10 19:29:57 - unknown-source: {E213} null
2015-09-10 19:29:57 - unknown-source: {E213} null
2015-09-10 19:29:57 - unknown-source: {E213} null
2015-09-10 19:29:57 - unknown-source: {E213} null
2015-09-10 19:29:57 - unknown-source: {E213} null
2015-09-10 19:29:57 - unknown-source: {E213} null
2015-09-10 19:29:57 - unknown-source: {E213} null
2015-09-10 19:29:58 - unknown-source: {E213} null
2015-09-10 19:29:58 - unknown-source: {E213} null
2015-09-10 19:31:30 - unknown-source: {E213} null
2015-09-10 19:31:30 - unknown-source: {E213} null
2015-09-10 19:31:31 - unknown-source: {E213} null
2015-09-10 19:31:31 - unknown-source: {E213} null
2015-09-10 19:31:31 - unknown-source: {E213} null
2015-09-10 19:31:31 - unknown-source: {E213} null
2015-09-10 19:31:31 - unknown-source: {E213} null
2015-09-10 19:31:31 - unknown-source: {E213} null
2015-09-10 19:31:31 - unknown-source: {E213} null
2015-09-10 19:31:31 - unknown-source: {E213} null
2015-09-10 19:31:31 - unknown-source: {E213} null
2015-09-10 19:32:52 - unknown-source: {E213} null
2015-09-10 19:32:52 - unknown-source: {E213} null
2015-09-10 19:32:53 - unknown-source: {E213} null
2015-09-10 19:32:53 - unknown-source: {E213} null
2015-09-10 19:32:53 - unknown-source: {E213} null
2015-09-10 19:32:53 - unknown-source: {E213} null
2015-09-10 19:32:53 - unknown-source: {E213} null
2015-09-10 19:32:53 - unknown-source: {E213} null
2015-09-10 19:32:53 - unknown-source: {E213} null
2015-09-10 19:32:53 - unknown-source: {E213} null
2015-09-10 19:32:53 - unknown-source: {E213} null
2015-09-10 19:44:06 - unknown-source: {E213} null
2015-09-10 19:44:06 - unknown-source: {E213} null
2015-09-10 19:44:06 - unknown-source: {E213} null
2015-09-10 19:44:06 - unknown-source: {E213} null
2015-09-10 19:44:06 - unknown-source: {E213} null
2015-09-10 19:44:06 - unknown-source: {E213} null
2015-09-10 19:44:06 - unknown-source: {E213} null
2015-09-10 19:44:06 - unknown-source: {E213} null
2015-09-10 19:44:07 - unknown-source: {E213} null
2015-09-10 19:44:07 - unknown-source: {E213} null
2015-09-10 19:44:07 - unknown-source: {E213} null
2015-09-10 19:44:07 - java.lang.IllegalStateException: Instance must have a class with a default constructor
2015-09-10 19:44:41 - unknown-source: {E213} null
2015-09-10 19:44:41 - unknown-source: {E213} null
2015-09-10 19:44:42 - unknown-source: {E213} null
2015-09-10 19:44:42 - unknown-source: {E213} null
2015-09-10 19:44:42 - unknown-source: {E213} null
2015-09-10 19:44:42 - unknown-source: {E213} null
2015-09-10 19:44:42 - unknown-source: {E213} null
2015-09-10 19:44:42 - unknown-source: {E213} null
2015-09-10 19:44:42 - unknown-source: {E213} null
2015-09-10 19:44:42 - unknown-source: {E213} null
2015-09-10 19:44:42 - unknown-source: {E213} null
2015-09-10 19:44:42 - java.lang.IllegalStateException: Instance must have a class with a default constructor
2015-09-10 19:45:46 - unknown-source: {E213} null
2015-09-10 19:46:21 - unknown-source: {E213} null
2015-09-10 19:47:28 - unknown-source: {E213} null
2015-09-10 19:49:09 - unknown-source: {E213} null
2015-09-10 19:50:14 - unknown-source: {E213} null
2015-09-10 19:50:41 - unknown-source: {E213} null
2015-09-10 19:50:41 - unknown-source: {E213} null
2015-09-10 19:50:41 - unknown-source: {E213} null
2015-09-10 19:50:41 - unknown-source: {E213} null
2015-09-10 19:50:41 - unknown-source: {E213} null
2015-09-10 19:50:41 - unknown-source: {E213} null
2015-09-10 19:50:41 - unknown-source: {E213} null
2015-09-10 19:50:42 - unknown-source: {E213} null
2015-09-10 19:50:42 - unknown-source: {E213} null
2015-09-10 19:50:42 - unknown-source: {E213} null
2015-09-10 19:50:42 - unknown-source: {E213} null
2015-09-10 19:50:42 - java.lang.IllegalStateException: Instance must have a class with a default constructor
2015-09-10 19:50:52 - unknown-source: {E213} null
2015-09-10 19:50:52 - unknown-source: {E213} null
2015-09-10 19:50:53 - unknown-source: {E213} null
2015-09-10 19:50:53 - unknown-source: {E213} null
2015-09-10 19:50:53 - unknown-source: {E213} null
2015-09-10 19:50:53 - unknown-source: {E213} null
2015-09-10 19:50:53 - unknown-source: {E213} null
2015-09-10 19:50:53 - unknown-source: {E213} null
2015-09-10 19:50:53 - unknown-source: {E213} null
2015-09-10 19:50:53 - unknown-source: {E213} null
2015-09-10 19:50:53 - unknown-source: {E213} null
2015-09-10 19:50:53 - java.lang.IllegalStateException: Instance must have a class with a default constructor
2015-09-10 19:51:29 - unknown-source: {E213} null
2015-09-10 19:52:25 - unknown-source: {E213} null
2015-09-10 19:54:57 - unknown-source: {E213} null
2015-09-10 19:55:54 - unknown-source: {E213} null
2015-09-10 19:56:13 - unknown-source: {E213} null
2015-09-10 19:56:47 - unknown-source: {E213} null
2015-09-10 19:57:52 - unknown-source: {E213} null
2015-09-10 19:58:09 - unknown-source: {E213} null
2015-09-10 19:58:09 - unknown-source: {E213} null
2015-09-10 19:58:10 - unknown-source: {E213} null
2015-09-10 19:58:10 - unknown-source: {E213} null
2015-09-10 19:58:10 - unknown-source: {E213} null
2015-09-10 19:58:10 - unknown-source: {E213} null
2015-09-10 19:58:10 - unknown-source: {E213} null
2015-09-10 19:58:10 - unknown-source: {E213} null
2015-09-10 19:58:10 - unknown-source: {E213} null
2015-09-10 19:58:10 - unknown-source: {E213} null
2015-09-10 19:58:10 - unknown-source: {E213} null
2015-09-10 19:58:10 - java.lang.IllegalStateException: Instance must have a class with a default constructor
2015-09-10 19:58:57 - unknown-source: {E213} null
2015-09-10 19:58:57 - unknown-source: {E213} null
2015-09-10 19:58:57 - unknown-source: {E213} null
2015-09-10 19:58:57 - unknown-source: {E213} null
2015-09-10 19:58:57 - unknown-source: {E213} null
2015-09-10 19:58:57 - unknown-source: {E213} null
2015-09-10 19:58:57 - unknown-source: {E213} null
2015-09-10 19:58:57 - unknown-source: {E213} null
2015-09-10 19:58:57 - unknown-source: {E213} null
2015-09-10 19:58:57 - unknown-source: {E213} null
2015-09-10 19:58:57 - unknown-source: {E213} null
2015-09-10 19:58:58 - java.lang.IllegalStateException: Instance must have a class with a default constructor
2015-09-10 20:00:23 - unknown-source: {E213} null
2015-09-10 20:00:23 - unknown-source: {E213} null
2015-09-10 20:00:23 - unknown-source: {E213} null
2015-09-10 20:00:23 - unknown-source: {E213} null
2015-09-10 20:00:23 - unknown-source: {E213} null
2015-09-10 20:00:23 - unknown-source: {E213} null
2015-09-10 20:00:23 - unknown-source: {E213} null
2015-09-10 20:00:23 - unknown-source: {E213} null
2015-09-10 20:00:23 - unknown-source: {E213} null
2015-09-10 20:00:23 - unknown-source: {E213} null
2015-09-10 20:00:23 - unknown-source: {E213} null
2015-09-10 20:01:36 - unknown-source: {E213} null
2015-09-10 20:01:36 - unknown-source: {E213} null
2015-09-10 20:01:37 - unknown-source: {E213} null
2015-09-10 20:01:37 - unknown-source: {E213} null
2015-09-10 20:01:37 - unknown-source: {E213} null
2015-09-10 20:01:37 - unknown-source: {E213} null
2015-09-10 20:01:37 - unknown-source: {E213} null
2015-09-10 20:01:37 - unknown-source: {E213} null
2015-09-10 20:01:37 - unknown-source: {E213} null
2015-09-10 20:01:37 - unknown-source: {E213} null
2015-09-10 20:01:37 - unknown-source: {E213} null
2015-09-10 20:03:41 - unknown-source: {E213} null
2015-09-10 20:03:41 - unknown-source: {E213} null
2015-09-10 20:03:41 - unknown-source: {E213} null
2015-09-10 20:03:41 - unknown-source: {E213} null
2015-09-10 20:03:41 - unknown-source: {E213} null
2015-09-10 20:03:41 - unknown-source: {E213} null
2015-09-10 20:03:41 - unknown-source: {E213} null
2015-09-10 20:03:41 - unknown-source: {E213} null
2015-09-10 20:03:41 - unknown-source: {E213} null
2015-09-10 20:03:42 - unknown-source: {E213} null
2015-09-10 20:03:42 - unknown-source: {E213} null
2015-09-10 20:05:22 - unknown-source: {E213} null
2015-09-10 20:05:22 - unknown-source: {E213} null
2015-09-10 20:05:22 - unknown-source: {E213} null
2015-09-10 20:05:22 - unknown-source: {E213} null
2015-09-10 20:05:23 - unknown-source: {E213} null
2015-09-10 20:05:23 - unknown-source: {E213} null
2015-09-10 20:05:23 - unknown-source: {E213} null
2015-09-10 20:05:23 - unknown-source: {E213} null
2015-09-10 20:05:23 - unknown-source: {E213} null
2015-09-10 20:05:23 - unknown-source: {E213} null
2015-09-10 20:05:23 - unknown-source: {E213} null
2015-09-10 20:06:11 - unknown-source: {E213} null
2015-09-10 20:06:11 - unknown-source: {E213} null
2015-09-10 20:06:11 - unknown-source: {E213} null
2015-09-10 20:06:11 - unknown-source: {E213} null
2015-09-10 20:06:11 - unknown-source: {E213} null
2015-09-10 20:06:11 - unknown-source: {E213} null
2015-09-10 20:06:12 - unknown-source: {E213} null
2015-09-10 20:06:12 - unknown-source: {E213} null
2015-09-10 20:06:12 - unknown-source: {E213} null
2015-09-10 20:06:12 - unknown-source: {E213} null
2015-09-10 20:06:12 - unknown-source: {E213} null
2015-09-10 20:08:13 - unknown-source: {E213} null
2015-09-10 20:08:13 - unknown-source: {E213} null
2015-09-10 20:08:13 - unknown-source: {E213} null
2015-09-10 20:08:14 - unknown-source: {E213} null
2015-09-10 20:08:14 - unknown-source: {E213} null
2015-09-10 20:08:14 - unknown-source: {E213} null
2015-09-10 20:08:14 - unknown-source: {E213} null
2015-09-10 20:08:14 - unknown-source: {E213} null
2015-09-10 20:08:14 - unknown-source: {E213} null
2015-09-10 20:08:14 - unknown-source: {E213} null
2015-09-10 20:08:14 - unknown-source: {E213} null
2015-09-10 20:09:31 - unknown-source: {E213} null
2015-09-10 20:09:31 - unknown-source: {E213} null
2015-09-10 20:09:31 - unknown-source: {E213} null
2015-09-10 20:09:32 - unknown-source: {E213} null
2015-09-10 20:09:32 - unknown-source: {E213} null
2015-09-10 20:09:32 - unknown-source: {E213} null
2015-09-10 20:09:32 - unknown-source: {E213} null
2015-09-10 20:09:32 - unknown-source: {E213} null
2015-09-10 20:09:32 - unknown-source: {E213} null
2015-09-10 20:09:32 - unknown-source: {E213} null
2015-09-10 20:09:32 - unknown-source: {E213} null
2015-09-10 20:09:32 - java.lang.IllegalStateException: Instance must have a class with a default constructor
2015-09-10 20:10:07 - unknown-source: {E213} null
2015-09-10 20:10:08 - unknown-source: {E213} null
2015-09-10 20:10:08 - unknown-source: {E213} null
2015-09-10 20:10:08 - unknown-source: {E213} null
2015-09-10 20:10:08 - unknown-source: {E213} null
2015-09-10 20:10:08 - unknown-source: {E213} null
2015-09-10 20:10:08 - unknown-source: {E213} null
2015-09-10 20:10:08 - unknown-source: {E213} null
2015-09-10 20:10:08 - unknown-source: {E213} null
2015-09-10 20:10:08 - unknown-source: {E213} null
2015-09-10 20:10:08 - unknown-source: {E213} null
2015-09-10 20:10:08 - java.lang.IllegalStateException: Instance must have a class with a default constructor
2015-09-10 20:14:04 - unknown-source: {E213} null
2015-09-10 20:14:04 - unknown-source: {E213} null
2015-09-10 20:14:04 - unknown-source: {E213} null
2015-09-10 20:14:04 - unknown-source: {E213} null
2015-09-10 20:14:04 - unknown-source: {E213} null
2015-09-10 20:14:04 - unknown-source: {E213} null
2015-09-10 20:14:04 - unknown-source: {E213} null
2015-09-10 20:14:04 - unknown-source: {E213} null
2015-09-10 20:14:04 - unknown-source: {E213} null
2015-09-10 20:14:04 - unknown-source: {E213} null
2015-09-10 20:14:04 - unknown-source: {E213} null
2015-09-10 20:15:01 - unknown-source: {E213} null
2015-09-10 20:15:01 - unknown-source: {E213} null
2015-09-10 20:15:02 - unknown-source: {E213} null
2015-09-10 20:15:02 - unknown-source: {E213} null
2015-09-10 20:15:02 - unknown-source: {E213} null
2015-09-10 20:15:02 - unknown-source: {E213} null
2015-09-10 20:15:02 - unknown-source: {E213} null
2015-09-10 20:15:02 - unknown-source: {E213} null
2015-09-10 20:15:02 - unknown-source: {E213} null
2015-09-10 20:15:02 - unknown-source: {E213} null
2015-09-10 20:15:02 - unknown-source: {E213} null
2015-09-10 20:17:40 - unknown-source: {E213} null
2015-09-10 20:17:40 - unknown-source: {E213} null
2015-09-10 20:17:40 - unknown-source: {E213} null
2015-09-10 20:17:40 - unknown-source: {E213} null
2015-09-10 20:17:40 - unknown-source: {E213} null
2015-09-10 20:17:40 - unknown-source: {E213} null
2015-09-10 20:17:40 - unknown-source: {E213} null
2015-09-10 20:17:40 - unknown-source: {E213} null
2015-09-10 20:17:40 - unknown-source: {E213} null
2015-09-10 20:17:40 - unknown-source: {E213} null
2015-09-10 20:17:40 - unknown-source: {E213} null
2015-09-10 20:23:47 - unknown-source: {E213} null
2015-09-10 20:23:47 - unknown-source: {E213} null
2015-09-10 20:23:48 - unknown-source: {E213} null
2015-09-10 20:23:49 - unknown-source: {E213} null
2015-09-10 20:23:50 - unknown-source: {E213} null
2015-09-10 20:23:51 - unknown-source: {E213} null
2015-09-10 20:23:52 - unknown-source: {E213} null
2015-09-10 20:23:53 - unknown-source: {E213} null
2015-09-10 20:23:54 - unknown-source: {E213} null
2015-09-10 20:23:56 - unknown-source: {E213} null
2015-09-10 20:23:57 - unknown-source: {E213} null
2015-09-10 20:26:03 - unknown-source: {E213} null
2015-09-10 20:26:03 - unknown-source: {E213} null
2015-09-10 20:26:03 - unknown-source: {E213} null
2015-09-10 20:26:03 - unknown-source: {E213} null
2015-09-10 20:26:03 - unknown-source: {E213} null
2015-09-10 20:26:04 - unknown-source: {E213} null
2015-09-10 20:26:04 - unknown-source: {E213} null
2015-09-10 20:26:04 - unknown-source: {E213} null
2015-09-10 20:26:04 - unknown-source: {E213} null
2015-09-10 20:26:04 - unknown-source: {E213} null
2015-09-10 20:26:04 - unknown-source: {E213} null
2015-09-10 20:27:17 - unknown-source: {E213} null
2015-09-10 20:27:17 - unknown-source: {E213} null
2015-09-10 20:27:18 - unknown-source: {E213} null
2015-09-10 20:27:18 - unknown-source: {E213} null
2015-09-10 20:27:18 - unknown-source: {E213} null
2015-09-10 20:27:18 - unknown-source: {E213} null
2015-09-10 20:27:18 - unknown-source: {E213} null
2015-09-10 20:27:18 - unknown-source: {E213} null
2015-09-10 20:27:18 - unknown-source: {E213} null
2015-09-10 20:27:18 - unknown-source: {E213} null
2015-09-10 20:27:19 - unknown-source: {E213} null
2015-09-10 20:28:25 - unknown-source: {E213} null
2015-09-10 20:28:25 - unknown-source: {E213} null
2015-09-10 20:28:25 - unknown-source: {E213} null
2015-09-10 20:28:25 - unknown-source: {E213} null
2015-09-10 20:28:26 - unknown-source: {E213} null
2015-09-10 20:28:26 - unknown-source: {E213} null
2015-09-10 20:28:26 - unknown-source: {E213} null
2015-09-10 20:28:26 - unknown-source: {E213} null
2015-09-10 20:28:26 - unknown-source: {E213} null
2015-09-10 20:28:26 - unknown-source: {E213} null
2015-09-10 20:28:26 - unknown-source: {E213} null
2015-09-10 20:30:39 - unknown-source: {E213} null
2015-09-10 20:30:39 - unknown-source: {E213} null
2015-09-10 20:30:39 - unknown-source: {E213} null
2015-09-10 20:30:39 - unknown-source: {E213} null
2015-09-10 20:30:39 - unknown-source: {E213} null
2015-09-10 20:30:40 - unknown-source: {E213} null
2015-09-10 20:30:40 - unknown-source: {E213} null
2015-09-10 20:30:40 - unknown-source: {E213} null
2015-09-10 20:30:40 - unknown-source: {E213} null
2015-09-10 20:30:40 - unknown-source: {E213} null
2015-09-10 20:30:40 - unknown-source: {E213} null
2015-09-10 20:34:03 - unknown-source: {E213} null
2015-09-10 20:34:03 - unknown-source: {E213} null
2015-09-10 20:34:03 - unknown-source: {E213} null
2015-09-10 20:34:03 - unknown-source: {E213} null
2015-09-10 20:34:03 - unknown-source: {E213} null
2015-09-10 20:34:03 - unknown-source: {E213} null
2015-09-10 20:34:03 - unknown-source: {E213} null
2015-09-10 20:34:03 - unknown-source: {E213} null
2015-09-10 20:34:03 - unknown-source: {E213} null
2015-09-10 20:34:03 - unknown-source: {E213} null
2015-09-10 20:34:04 - unknown-source: {E213} null
2015-09-10 20:38:25 - unknown-source: {E213} null
2015-09-10 20:38:25 - unknown-source: {E213} null
2015-09-10 20:38:26 - unknown-source: {E213} null
2015-09-10 20:38:26 - unknown-source: {E213} null
2015-09-10 20:38:26 - unknown-source: {E213} null
2015-09-10 20:38:26 - unknown-source: {E213} null
2015-09-10 20:38:26 - unknown-source: {E213} null
2015-09-10 20:38:26 - unknown-source: {E213} null
2015-09-10 20:38:26 - unknown-source: {E213} null
2015-09-10 20:38:26 - unknown-source: {E213} null
2015-09-10 20:38:26 - unknown-source: {E213} null
2015-09-10 20:44:42 - unknown-source: {E213} null
2015-09-10 20:44:43 - unknown-source: {E213} null
2015-09-10 20:44:43 - unknown-source: {E213} null
2015-09-10 20:44:43 - unknown-source: {E213} null
2015-09-10 20:44:43 - unknown-source: {E213} null
2015-09-10 20:44:43 - unknown-source: {E213} null
2015-09-10 20:44:44 - unknown-source: {E213} null
2015-09-10 20:44:44 - unknown-source: {E213} null
2015-09-10 20:44:44 - unknown-source: {E213} null
2015-09-10 20:44:44 - unknown-source: {E213} null
2015-09-10 20:44:44 - unknown-source: {E213} null
2015-09-10 20:48:31 - unknown-source: {E213} null
2015-09-10 20:48:32 - unknown-source: {E213} null
2015-09-10 20:48:32 - unknown-source: {E213} null
2015-09-10 20:48:32 - unknown-source: {E213} null
2015-09-10 20:48:32 - unknown-source: {E213} null
2015-09-10 20:48:32 - unknown-source: {E213} null
2015-09-10 20:48:33 - unknown-source: {E213} null
2015-09-10 20:48:33 - unknown-source: {E213} null
2015-09-10 20:48:35 - unknown-source: {E213} null
2015-09-10 20:48:37 - unknown-source: {E213} null
2015-09-10 20:48:38 - unknown-source: {E213} null
2015-09-10 20:49:22 - unknown-source: {E213} null
2015-09-10 20:49:22 - unknown-source: {E213} null
2015-09-10 20:49:22 - unknown-source: {E213} null
2015-09-10 20:49:22 - unknown-source: {E213} null
2015-09-10 20:49:22 - unknown-source: {E213} null
2015-09-10 20:49:22 - unknown-source: {E213} null
2015-09-10 20:49:22 - unknown-source: {E213} null
2015-09-10 20:49:22 - unknown-source: {E213} null
2015-09-10 20:49:22 - unknown-source: {E213} null
2015-09-10 20:49:22 - unknown-source: {E213} null
2015-09-10 20:49:22 - unknown-source: {E213} null
2015-09-10 20:53:36 - unknown-source: {E213} null
2015-09-10 20:53:36 - unknown-source: {E213} null
2015-09-10 20:53:36 - unknown-source: {E213} null
2015-09-10 20:53:36 - unknown-source: {E213} null
2015-09-10 20:53:38 - unknown-source: {E213} null
2015-09-10 20:53:41 - unknown-source: {E213} null
2015-09-10 20:53:45 - unknown-source: {E213} null
2015-09-10 20:53:49 - unknown-source: {E213} null
2015-09-10 20:53:56 - unknown-source: {E213} null
2015-09-10 20:54:23 - unknown-source: {E213} null
2015-09-10 20:54:23 - unknown-source: {E213} null
2015-09-10 20:54:23 - unknown-source: {E213} null
2015-09-10 20:54:23 - unknown-source: {E213} null
2015-09-10 20:54:23 - unknown-source: {E213} null
2015-09-10 20:54:23 - unknown-source: {E213} null
2015-09-10 20:54:23 - unknown-source: {E213} null
2015-09-10 20:54:24 - unknown-source: {E213} null
2015-09-10 20:54:24 - unknown-source: {E213} null
2015-09-10 20:54:24 - unknown-source: {E213} null
2015-09-10 20:54:24 - unknown-source: {E213} null
2015-09-10 20:55:32 - unknown-source: {E213} null
2015-09-10 20:55:32 - unknown-source: {E213} null
2015-09-10 20:55:53 - unknown-source: {E213} null
2015-09-10 20:55:53 - unknown-source: {E213} null
2015-09-10 20:55:54 - unknown-source: {E213} null
2015-09-10 20:55:54 - unknown-source: {E213} null
2015-09-10 20:55:54 - unknown-source: {E213} null
2015-09-10 20:55:54 - unknown-source: {E213} null
2015-09-10 20:55:54 - unknown-source: {E213} null
2015-09-10 20:55:54 - unknown-source: {E213} null
2015-09-10 20:55:54 - unknown-source: {E213} null
2015-09-10 20:55:54 - unknown-source: {E213} null
2015-09-10 20:55:54 - unknown-source: {E213} null
2015-09-10 21:02:08 - unknown-source: {E213} null
2015-09-10 21:02:08 - unknown-source: {E213} null
2015-09-10 21:02:09 - unknown-source: {E213} null
2015-09-10 21:02:09 - unknown-source: {E213} null
2015-09-10 21:02:09 - unknown-source: {E213} null
2015-09-10 21:02:09 - unknown-source: {E213} null
2015-09-10 21:02:10 - unknown-source: {E213} null
2015-09-10 21:02:10 - unknown-source: {E213} null
2015-09-10 21:02:10 - unknown-source: {E213} null
2015-09-10 21:02:10 - unknown-source: {E213} null
2015-09-10 21:02:10 - unknown-source: {E213} null
2015-09-10 21:07:33 - unknown-source: {E213} null
2015-09-10 21:07:33 - unknown-source: {E213} null
2015-09-10 21:07:34 - unknown-source: {E213} null
2015-09-10 21:07:34 - unknown-source: {E213} null
2015-09-10 21:07:34 - unknown-source: {E213} null
2015-09-10 21:07:34 - unknown-source: {E213} null
2015-09-10 21:07:34 - unknown-source: {E213} null
2015-09-10 21:07:34 - unknown-source: {E213} null
2015-09-10 21:07:34 - unknown-source: {E213} null
2015-09-10 21:07:34 - unknown-source: {E213} null
2015-09-10 21:07:35 - unknown-source: {E213} null
2015-09-10 21:10:05 - unknown-source: {E213} null
2015-09-10 21:10:05 - unknown-source: {E213} null
2015-09-10 21:10:05 - unknown-source: {E213} null
2015-09-10 21:10:05 - unknown-source: {E213} null
2015-09-10 21:10:05 - unknown-source: {E213} null
2015-09-10 21:10:05 - unknown-source: {E213} null
2015-09-10 21:10:05 - unknown-source: {E213} null
2015-09-10 21:10:05 - unknown-source: {E213} null
2015-09-10 21:10:06 - unknown-source: {E213} null
2015-09-10 21:10:06 - unknown-source: {E213} null
2015-09-10 21:10:06 - unknown-source: {E213} null
2015-09-10 21:17:47 - Exception while handling a request on the /12204 resource
com.google.gson.JsonSyntaxException: java.lang.IllegalStateException: Expected BEGIN_OBJECT but was NUMBER at line 1 column 2
	at com.google.gson.internal.bind.ReflectiveTypeAdapterFactory$Adapter.read(ReflectiveTypeAdapterFactory.java:176) ~[gson-2.2.4.jar:na]
	at com.google.gson.Gson.fromJson(Gson.java:803) ~[gson-2.2.4.jar:na]
	at com.google.gson.Gson.fromJson(Gson.java:768) ~[gson-2.2.4.jar:na]
	at com.google.gson.Gson.fromJson(Gson.java:717) ~[gson-2.2.4.jar:na]
	at com.google.gson.Gson.fromJson(Gson.java:689) ~[gson-2.2.4.jar:na]
	at org.mars.m2m.Devices.FlightControl.write(FlightControl.java:53) ~[classes/:na]
	at org.eclipse.leshan.client.resource.ObjectEnabler.doWrite(ObjectEnabler.java:164) ~[leshan-all-0.1.11-M5.jar:na]
	at org.eclipse.leshan.client.resource.BaseObjectEnabler.write(BaseObjectEnabler.java:111) ~[leshan-all-0.1.11-M5.jar:na]
	at org.eclipse.leshan.client.californium.impl.ObjectResource.handlePUT(ObjectResource.java:158) ~[leshan-all-0.1.11-M5.jar:na]
	at org.eclipse.californium.core.CoapResource.handleRequest(CoapResource.java:208) ~[californium-core-1.0.0-M3.jar:na]
	at org.eclipse.leshan.client.californium.impl.ObjectResource.handleRequest(ObjectResource.java:84) ~[leshan-all-0.1.11-M5.jar:na]
	at org.eclipse.californium.core.server.ServerMessageDeliverer.deliverRequest(ServerMessageDeliverer.java:81) [californium-core-1.0.0-M3.jar:na]
	at org.eclipse.californium.core.network.stack.CoapStack$StackTopAdapter.receiveRequest(CoapStack.java:180) [californium-core-1.0.0-M3.jar:na]
	at org.eclipse.californium.core.network.stack.AbstractLayer.receiveRequest(AbstractLayer.java:88) [californium-core-1.0.0-M3.jar:na]
	at org.eclipse.californium.core.network.stack.AbstractLayer.receiveRequest(AbstractLayer.java:88) [californium-core-1.0.0-M3.jar:na]
	at org.eclipse.californium.core.network.stack.BlockwiseLayer.receiveRequest(BlockwiseLayer.java:242) [californium-core-1.0.0-M3.jar:na]
	at org.eclipse.californium.core.network.stack.AbstractLayer.receiveRequest(AbstractLayer.java:88) [californium-core-1.0.0-M3.jar:na]
	at org.eclipse.californium.core.network.stack.TokenLayer.receiveRequest(TokenLayer.java:72) [californium-core-1.0.0-M3.jar:na]
	at org.eclipse.californium.core.network.stack.AbstractLayer.receiveRequest(AbstractLayer.java:88) [californium-core-1.0.0-M3.jar:na]
	at org.eclipse.californium.core.network.stack.ReliabilityLayer.receiveRequest(ReliabilityLayer.java:221) [californium-core-1.0.0-M3.jar:na]
	at org.eclipse.californium.core.network.stack.AbstractLayer.receiveRequest(AbstractLayer.java:88) [californium-core-1.0.0-M3.jar:na]
	at org.eclipse.californium.core.network.stack.CoapStack.receiveRequest(CoapStack.java:133) [californium-core-1.0.0-M3.jar:na]
	at org.eclipse.californium.core.network.CoAPEndpoint$InboxImpl.receiveMessage(CoAPEndpoint.java:594) [californium-core-1.0.0-M3.jar:na]
	at org.eclipse.californium.core.network.CoAPEndpoint$InboxImpl.access$700(CoAPEndpoint.java:530) [californium-core-1.0.0-M3.jar:na]
	at org.eclipse.californium.core.network.CoAPEndpoint$InboxImpl$1.run(CoAPEndpoint.java:542) [californium-core-1.0.0-M3.jar:na]
	at org.eclipse.californium.core.network.CoAPEndpoint$5.run(CoAPEndpoint.java:678) [californium-core-1.0.0-M3.jar:na]
	at java.util.concurrent.Executors$RunnableAdapter.call(Executors.java:511) [na:1.8.0_25]
	at java.util.concurrent.FutureTask.run(FutureTask.java:266) [na:1.8.0_25]
	at java.util.concurrent.ScheduledThreadPoolExecutor$ScheduledFutureTask.access$201(ScheduledThreadPoolExecutor.java:180) [na:1.8.0_25]
	at java.util.concurrent.ScheduledThreadPoolExecutor$ScheduledFutureTask.run(ScheduledThreadPoolExecutor.java:293) [na:1.8.0_25]
	at java.util.concurrent.ThreadPoolExecutor.runWorker(ThreadPoolExecutor.java:1142) [na:1.8.0_25]
	at java.util.concurrent.ThreadPoolExecutor$Worker.run(ThreadPoolExecutor.java:617) [na:1.8.0_25]
	at java.lang.Thread.run(Thread.java:745) [na:1.8.0_25]
Caused by: java.lang.IllegalStateException: Expected BEGIN_OBJECT but was NUMBER at line 1 column 2
	at com.google.gson.stream.JsonReader.beginObject(JsonReader.java:374) ~[gson-2.2.4.jar:na]
	at com.google.gson.internal.bind.ReflectiveTypeAdapterFactory$Adapter.read(ReflectiveTypeAdapterFactory.java:165) ~[gson-2.2.4.jar:na]
	... 32 common frames omitted
2015-09-10 21:21:34 - unknown-source: {E213} null
2015-09-10 21:21:34 - unknown-source: {E213} null
2015-09-10 21:21:34 - unknown-source: {E213} null
2015-09-10 21:21:35 - unknown-source: {E213} null
2015-09-10 21:21:35 - unknown-source: {E213} null
2015-09-10 21:21:35 - unknown-source: {E213} null
2015-09-10 21:21:35 - unknown-source: {E213} null
2015-09-10 21:21:35 - unknown-source: {E213} null
2015-09-10 21:21:35 - unknown-source: {E213} null
2015-09-10 21:21:35 - unknown-source: {E213} null
2015-09-10 21:21:35 - unknown-source: {E213} null
2015-09-10 21:23:05 - Exception while handling a request on the /12204 resource
com.google.gson.JsonSyntaxException: java.lang.IllegalStateException: Expected BEGIN_OBJECT but was BEGIN_ARRAY at line 1 column 2
	at com.google.gson.internal.bind.ReflectiveTypeAdapterFactory$Adapter.read(ReflectiveTypeAdapterFactory.java:176) ~[gson-2.2.4.jar:na]
	at com.google.gson.Gson.fromJson(Gson.java:803) ~[gson-2.2.4.jar:na]
	at com.google.gson.Gson.fromJson(Gson.java:768) ~[gson-2.2.4.jar:na]
	at com.google.gson.Gson.fromJson(Gson.java:717) ~[gson-2.2.4.jar:na]
	at com.google.gson.Gson.fromJson(Gson.java:689) ~[gson-2.2.4.jar:na]
	at org.mars.m2m.Devices.FlightControl.write(FlightControl.java:53) ~[classes/:na]
	at org.eclipse.leshan.client.resource.ObjectEnabler.doWrite(ObjectEnabler.java:164) ~[leshan-all-0.1.11-M5.jar:na]
	at org.eclipse.leshan.client.resource.BaseObjectEnabler.write(BaseObjectEnabler.java:111) ~[leshan-all-0.1.11-M5.jar:na]
	at org.eclipse.leshan.client.californium.impl.ObjectResource.handlePUT(ObjectResource.java:158) ~[leshan-all-0.1.11-M5.jar:na]
	at org.eclipse.californium.core.CoapResource.handleRequest(CoapResource.java:208) ~[californium-core-1.0.0-M3.jar:na]
	at org.eclipse.leshan.client.californium.impl.ObjectResource.handleRequest(ObjectResource.java:84) ~[leshan-all-0.1.11-M5.jar:na]
	at org.eclipse.californium.core.server.ServerMessageDeliverer.deliverRequest(ServerMessageDeliverer.java:81) [californium-core-1.0.0-M3.jar:na]
	at org.eclipse.californium.core.network.stack.CoapStack$StackTopAdapter.receiveRequest(CoapStack.java:180) [californium-core-1.0.0-M3.jar:na]
	at org.eclipse.californium.core.network.stack.AbstractLayer.receiveRequest(AbstractLayer.java:88) [californium-core-1.0.0-M3.jar:na]
	at org.eclipse.californium.core.network.stack.AbstractLayer.receiveRequest(AbstractLayer.java:88) [californium-core-1.0.0-M3.jar:na]
	at org.eclipse.californium.core.network.stack.BlockwiseLayer.receiveRequest(BlockwiseLayer.java:242) [californium-core-1.0.0-M3.jar:na]
	at org.eclipse.californium.core.network.stack.AbstractLayer.receiveRequest(AbstractLayer.java:88) [californium-core-1.0.0-M3.jar:na]
	at org.eclipse.californium.core.network.stack.TokenLayer.receiveRequest(TokenLayer.java:72) [californium-core-1.0.0-M3.jar:na]
	at org.eclipse.californium.core.network.stack.AbstractLayer.receiveRequest(AbstractLayer.java:88) [californium-core-1.0.0-M3.jar:na]
	at org.eclipse.californium.core.network.stack.ReliabilityLayer.receiveRequest(ReliabilityLayer.java:221) [californium-core-1.0.0-M3.jar:na]
	at org.eclipse.californium.core.network.stack.AbstractLayer.receiveRequest(AbstractLayer.java:88) [californium-core-1.0.0-M3.jar:na]
	at org.eclipse.californium.core.network.stack.CoapStack.receiveRequest(CoapStack.java:133) [californium-core-1.0.0-M3.jar:na]
	at org.eclipse.californium.core.network.CoAPEndpoint$InboxImpl.receiveMessage(CoAPEndpoint.java:594) [californium-core-1.0.0-M3.jar:na]
	at org.eclipse.californium.core.network.CoAPEndpoint$InboxImpl.access$700(CoAPEndpoint.java:530) [californium-core-1.0.0-M3.jar:na]
	at org.eclipse.californium.core.network.CoAPEndpoint$InboxImpl$1.run(CoAPEndpoint.java:542) [californium-core-1.0.0-M3.jar:na]
	at org.eclipse.californium.core.network.CoAPEndpoint$5.run(CoAPEndpoint.java:678) [californium-core-1.0.0-M3.jar:na]
	at java.util.concurrent.Executors$RunnableAdapter.call(Executors.java:511) [na:1.8.0_25]
	at java.util.concurrent.FutureTask.run(FutureTask.java:266) [na:1.8.0_25]
	at java.util.concurrent.ScheduledThreadPoolExecutor$ScheduledFutureTask.access$201(ScheduledThreadPoolExecutor.java:180) [na:1.8.0_25]
	at java.util.concurrent.ScheduledThreadPoolExecutor$ScheduledFutureTask.run(ScheduledThreadPoolExecutor.java:293) [na:1.8.0_25]
	at java.util.concurrent.ThreadPoolExecutor.runWorker(ThreadPoolExecutor.java:1142) [na:1.8.0_25]
	at java.util.concurrent.ThreadPoolExecutor$Worker.run(ThreadPoolExecutor.java:617) [na:1.8.0_25]
	at java.lang.Thread.run(Thread.java:745) [na:1.8.0_25]
Caused by: java.lang.IllegalStateException: Expected BEGIN_OBJECT but was BEGIN_ARRAY at line 1 column 2
	at com.google.gson.stream.JsonReader.beginObject(JsonReader.java:374) ~[gson-2.2.4.jar:na]
	at com.google.gson.internal.bind.ReflectiveTypeAdapterFactory$Adapter.read(ReflectiveTypeAdapterFactory.java:165) ~[gson-2.2.4.jar:na]
	... 32 common frames omitted
2015-09-10 21:23:24 - Exception while handling a request on the /12204 resource
com.google.gson.JsonSyntaxException: java.lang.IllegalStateException: Expected BEGIN_OBJECT but was BEGIN_ARRAY at line 1 column 2
	at com.google.gson.internal.bind.ReflectiveTypeAdapterFactory$Adapter.read(ReflectiveTypeAdapterFactory.java:176) ~[gson-2.2.4.jar:na]
	at com.google.gson.Gson.fromJson(Gson.java:803) ~[gson-2.2.4.jar:na]
	at com.google.gson.Gson.fromJson(Gson.java:768) ~[gson-2.2.4.jar:na]
	at com.google.gson.Gson.fromJson(Gson.java:717) ~[gson-2.2.4.jar:na]
	at com.google.gson.Gson.fromJson(Gson.java:689) ~[gson-2.2.4.jar:na]
	at org.mars.m2m.Devices.FlightControl.write(FlightControl.java:53) ~[classes/:na]
	at org.eclipse.leshan.client.resource.ObjectEnabler.doWrite(ObjectEnabler.java:164) ~[leshan-all-0.1.11-M5.jar:na]
	at org.eclipse.leshan.client.resource.BaseObjectEnabler.write(BaseObjectEnabler.java:111) ~[leshan-all-0.1.11-M5.jar:na]
	at org.eclipse.leshan.client.californium.impl.ObjectResource.handlePUT(ObjectResource.java:158) ~[leshan-all-0.1.11-M5.jar:na]
	at org.eclipse.californium.core.CoapResource.handleRequest(CoapResource.java:208) ~[californium-core-1.0.0-M3.jar:na]
	at org.eclipse.leshan.client.californium.impl.ObjectResource.handleRequest(ObjectResource.java:84) ~[leshan-all-0.1.11-M5.jar:na]
	at org.eclipse.californium.core.server.ServerMessageDeliverer.deliverRequest(ServerMessageDeliverer.java:81) [californium-core-1.0.0-M3.jar:na]
	at org.eclipse.californium.core.network.stack.CoapStack$StackTopAdapter.receiveRequest(CoapStack.java:180) [californium-core-1.0.0-M3.jar:na]
	at org.eclipse.californium.core.network.stack.AbstractLayer.receiveRequest(AbstractLayer.java:88) [californium-core-1.0.0-M3.jar:na]
	at org.eclipse.californium.core.network.stack.AbstractLayer.receiveRequest(AbstractLayer.java:88) [californium-core-1.0.0-M3.jar:na]
	at org.eclipse.californium.core.network.stack.BlockwiseLayer.receiveRequest(BlockwiseLayer.java:242) [californium-core-1.0.0-M3.jar:na]
	at org.eclipse.californium.core.network.stack.AbstractLayer.receiveRequest(AbstractLayer.java:88) [californium-core-1.0.0-M3.jar:na]
	at org.eclipse.californium.core.network.stack.TokenLayer.receiveRequest(TokenLayer.java:72) [californium-core-1.0.0-M3.jar:na]
	at org.eclipse.californium.core.network.stack.AbstractLayer.receiveRequest(AbstractLayer.java:88) [californium-core-1.0.0-M3.jar:na]
	at org.eclipse.californium.core.network.stack.ReliabilityLayer.receiveRequest(ReliabilityLayer.java:221) [californium-core-1.0.0-M3.jar:na]
	at org.eclipse.californium.core.network.stack.AbstractLayer.receiveRequest(AbstractLayer.java:88) [californium-core-1.0.0-M3.jar:na]
	at org.eclipse.californium.core.network.stack.CoapStack.receiveRequest(CoapStack.java:133) [californium-core-1.0.0-M3.jar:na]
	at org.eclipse.californium.core.network.CoAPEndpoint$InboxImpl.receiveMessage(CoAPEndpoint.java:594) [californium-core-1.0.0-M3.jar:na]
	at org.eclipse.californium.core.network.CoAPEndpoint$InboxImpl.access$700(CoAPEndpoint.java:530) [californium-core-1.0.0-M3.jar:na]
	at org.eclipse.californium.core.network.CoAPEndpoint$InboxImpl$1.run(CoAPEndpoint.java:542) [californium-core-1.0.0-M3.jar:na]
	at org.eclipse.californium.core.network.CoAPEndpoint$5.run(CoAPEndpoint.java:678) [californium-core-1.0.0-M3.jar:na]
	at java.util.concurrent.Executors$RunnableAdapter.call(Executors.java:511) [na:1.8.0_25]
	at java.util.concurrent.FutureTask.run(FutureTask.java:266) [na:1.8.0_25]
	at java.util.concurrent.ScheduledThreadPoolExecutor$ScheduledFutureTask.access$201(ScheduledThreadPoolExecutor.java:180) [na:1.8.0_25]
	at java.util.concurrent.ScheduledThreadPoolExecutor$ScheduledFutureTask.run(ScheduledThreadPoolExecutor.java:293) [na:1.8.0_25]
	at java.util.concurrent.ThreadPoolExecutor.runWorker(ThreadPoolExecutor.java:1142) [na:1.8.0_25]
	at java.util.concurrent.ThreadPoolExecutor$Worker.run(ThreadPoolExecutor.java:617) [na:1.8.0_25]
	at java.lang.Thread.run(Thread.java:745) [na:1.8.0_25]
Caused by: java.lang.IllegalStateException: Expected BEGIN_OBJECT but was BEGIN_ARRAY at line 1 column 2
	at com.google.gson.stream.JsonReader.beginObject(JsonReader.java:374) ~[gson-2.2.4.jar:na]
	at com.google.gson.internal.bind.ReflectiveTypeAdapterFactory$Adapter.read(ReflectiveTypeAdapterFactory.java:165) ~[gson-2.2.4.jar:na]
	... 32 common frames omitted
2015-09-10 21:34:08 - unknown-source: {E213} null
2015-09-10 21:34:08 - unknown-source: {E213} null
2015-09-10 21:34:08 - unknown-source: {E213} null
2015-09-10 21:34:08 - unknown-source: {E213} null
2015-09-10 21:34:09 - unknown-source: {E213} null
2015-09-10 21:34:09 - unknown-source: {E213} null
2015-09-10 21:34:09 - unknown-source: {E213} null
2015-09-10 21:34:09 - unknown-source: {E213} null
2015-09-10 21:34:09 - unknown-source: {E213} null
2015-09-10 21:34:09 - unknown-source: {E213} null
2015-09-10 21:34:09 - unknown-source: {E213} null
2015-09-10 21:34:13 - Exception while handling a request on the /12204 resource
com.google.gson.JsonSyntaxException: java.lang.IllegalStateException: Expected BEGIN_OBJECT but was BEGIN_ARRAY at line 1 column 2
	at com.google.gson.internal.bind.ReflectiveTypeAdapterFactory$Adapter.read(ReflectiveTypeAdapterFactory.java:176) ~[gson-2.2.4.jar:na]
	at com.google.gson.Gson.fromJson(Gson.java:803) ~[gson-2.2.4.jar:na]
	at com.google.gson.Gson.fromJson(Gson.java:768) ~[gson-2.2.4.jar:na]
	at com.google.gson.Gson.fromJson(Gson.java:717) ~[gson-2.2.4.jar:na]
	at com.google.gson.Gson.fromJson(Gson.java:689) ~[gson-2.2.4.jar:na]
	at org.mars.m2m.Devices.FlightControl.write(FlightControl.java:53) ~[classes/:na]
	at org.eclipse.leshan.client.resource.ObjectEnabler.doWrite(ObjectEnabler.java:164) ~[leshan-all-0.1.11-M5.jar:na]
	at org.eclipse.leshan.client.resource.BaseObjectEnabler.write(BaseObjectEnabler.java:111) ~[leshan-all-0.1.11-M5.jar:na]
	at org.eclipse.leshan.client.californium.impl.ObjectResource.handlePUT(ObjectResource.java:158) ~[leshan-all-0.1.11-M5.jar:na]
	at org.eclipse.californium.core.CoapResource.handleRequest(CoapResource.java:208) ~[californium-core-1.0.0-M3.jar:na]
	at org.eclipse.leshan.client.californium.impl.ObjectResource.handleRequest(ObjectResource.java:84) ~[leshan-all-0.1.11-M5.jar:na]
	at org.eclipse.californium.core.server.ServerMessageDeliverer.deliverRequest(ServerMessageDeliverer.java:81) [californium-core-1.0.0-M3.jar:na]
	at org.eclipse.californium.core.network.stack.CoapStack$StackTopAdapter.receiveRequest(CoapStack.java:180) [californium-core-1.0.0-M3.jar:na]
	at org.eclipse.californium.core.network.stack.AbstractLayer.receiveRequest(AbstractLayer.java:88) [californium-core-1.0.0-M3.jar:na]
	at org.eclipse.californium.core.network.stack.AbstractLayer.receiveRequest(AbstractLayer.java:88) [californium-core-1.0.0-M3.jar:na]
	at org.eclipse.californium.core.network.stack.BlockwiseLayer.receiveRequest(BlockwiseLayer.java:242) [californium-core-1.0.0-M3.jar:na]
	at org.eclipse.californium.core.network.stack.AbstractLayer.receiveRequest(AbstractLayer.java:88) [californium-core-1.0.0-M3.jar:na]
	at org.eclipse.californium.core.network.stack.TokenLayer.receiveRequest(TokenLayer.java:72) [californium-core-1.0.0-M3.jar:na]
	at org.eclipse.californium.core.network.stack.AbstractLayer.receiveRequest(AbstractLayer.java:88) [californium-core-1.0.0-M3.jar:na]
	at org.eclipse.californium.core.network.stack.ReliabilityLayer.receiveRequest(ReliabilityLayer.java:221) [californium-core-1.0.0-M3.jar:na]
	at org.eclipse.californium.core.network.stack.AbstractLayer.receiveRequest(AbstractLayer.java:88) [californium-core-1.0.0-M3.jar:na]
	at org.eclipse.californium.core.network.stack.CoapStack.receiveRequest(CoapStack.java:133) [californium-core-1.0.0-M3.jar:na]
	at org.eclipse.californium.core.network.CoAPEndpoint$InboxImpl.receiveMessage(CoAPEndpoint.java:594) [californium-core-1.0.0-M3.jar:na]
	at org.eclipse.californium.core.network.CoAPEndpoint$InboxImpl.access$700(CoAPEndpoint.java:530) [californium-core-1.0.0-M3.jar:na]
	at org.eclipse.californium.core.network.CoAPEndpoint$InboxImpl$1.run(CoAPEndpoint.java:542) [californium-core-1.0.0-M3.jar:na]
	at org.eclipse.californium.core.network.CoAPEndpoint$5.run(CoAPEndpoint.java:678) [californium-core-1.0.0-M3.jar:na]
	at java.util.concurrent.Executors$RunnableAdapter.call(Executors.java:511) [na:1.8.0_25]
	at java.util.concurrent.FutureTask.run(FutureTask.java:266) [na:1.8.0_25]
	at java.util.concurrent.ScheduledThreadPoolExecutor$ScheduledFutureTask.access$201(ScheduledThreadPoolExecutor.java:180) [na:1.8.0_25]
	at java.util.concurrent.ScheduledThreadPoolExecutor$ScheduledFutureTask.run(ScheduledThreadPoolExecutor.java:293) [na:1.8.0_25]
	at java.util.concurrent.ThreadPoolExecutor.runWorker(ThreadPoolExecutor.java:1142) [na:1.8.0_25]
	at java.util.concurrent.ThreadPoolExecutor$Worker.run(ThreadPoolExecutor.java:617) [na:1.8.0_25]
	at java.lang.Thread.run(Thread.java:745) [na:1.8.0_25]
Caused by: java.lang.IllegalStateException: Expected BEGIN_OBJECT but was BEGIN_ARRAY at line 1 column 2
	at com.google.gson.stream.JsonReader.beginObject(JsonReader.java:374) ~[gson-2.2.4.jar:na]
	at com.google.gson.internal.bind.ReflectiveTypeAdapterFactory$Adapter.read(ReflectiveTypeAdapterFactory.java:165) ~[gson-2.2.4.jar:na]
	... 32 common frames omitted
2015-09-10 21:34:13 - Exception while handling a request on the /12204 resource
com.google.gson.JsonSyntaxException: java.lang.IllegalStateException: Expected BEGIN_OBJECT but was BEGIN_ARRAY at line 1 column 2
	at com.google.gson.internal.bind.ReflectiveTypeAdapterFactory$Adapter.read(ReflectiveTypeAdapterFactory.java:176) ~[gson-2.2.4.jar:na]
	at com.google.gson.Gson.fromJson(Gson.java:803) ~[gson-2.2.4.jar:na]
	at com.google.gson.Gson.fromJson(Gson.java:768) ~[gson-2.2.4.jar:na]
	at com.google.gson.Gson.fromJson(Gson.java:717) ~[gson-2.2.4.jar:na]
	at com.google.gson.Gson.fromJson(Gson.java:689) ~[gson-2.2.4.jar:na]
	at org.mars.m2m.Devices.FlightControl.write(FlightControl.java:53) ~[classes/:na]
	at org.eclipse.leshan.client.resource.ObjectEnabler.doWrite(ObjectEnabler.java:164) ~[leshan-all-0.1.11-M5.jar:na]
	at org.eclipse.leshan.client.resource.BaseObjectEnabler.write(BaseObjectEnabler.java:111) ~[leshan-all-0.1.11-M5.jar:na]
	at org.eclipse.leshan.client.californium.impl.ObjectResource.handlePUT(ObjectResource.java:158) ~[leshan-all-0.1.11-M5.jar:na]
	at org.eclipse.californium.core.CoapResource.handleRequest(CoapResource.java:208) ~[californium-core-1.0.0-M3.jar:na]
	at org.eclipse.leshan.client.californium.impl.ObjectResource.handleRequest(ObjectResource.java:84) ~[leshan-all-0.1.11-M5.jar:na]
	at org.eclipse.californium.core.server.ServerMessageDeliverer.deliverRequest(ServerMessageDeliverer.java:81) [californium-core-1.0.0-M3.jar:na]
	at org.eclipse.californium.core.network.stack.CoapStack$StackTopAdapter.receiveRequest(CoapStack.java:180) [californium-core-1.0.0-M3.jar:na]
	at org.eclipse.californium.core.network.stack.AbstractLayer.receiveRequest(AbstractLayer.java:88) [californium-core-1.0.0-M3.jar:na]
	at org.eclipse.californium.core.network.stack.AbstractLayer.receiveRequest(AbstractLayer.java:88) [californium-core-1.0.0-M3.jar:na]
	at org.eclipse.californium.core.network.stack.BlockwiseLayer.receiveRequest(BlockwiseLayer.java:242) [californium-core-1.0.0-M3.jar:na]
	at org.eclipse.californium.core.network.stack.AbstractLayer.receiveRequest(AbstractLayer.java:88) [californium-core-1.0.0-M3.jar:na]
	at org.eclipse.californium.core.network.stack.TokenLayer.receiveRequest(TokenLayer.java:72) [californium-core-1.0.0-M3.jar:na]
	at org.eclipse.californium.core.network.stack.AbstractLayer.receiveRequest(AbstractLayer.java:88) [californium-core-1.0.0-M3.jar:na]
	at org.eclipse.californium.core.network.stack.ReliabilityLayer.receiveRequest(ReliabilityLayer.java:221) [californium-core-1.0.0-M3.jar:na]
	at org.eclipse.californium.core.network.stack.AbstractLayer.receiveRequest(AbstractLayer.java:88) [californium-core-1.0.0-M3.jar:na]
	at org.eclipse.californium.core.network.stack.CoapStack.receiveRequest(CoapStack.java:133) [californium-core-1.0.0-M3.jar:na]
	at org.eclipse.californium.core.network.CoAPEndpoint$InboxImpl.receiveMessage(CoAPEndpoint.java:594) [californium-core-1.0.0-M3.jar:na]
	at org.eclipse.californium.core.network.CoAPEndpoint$InboxImpl.access$700(CoAPEndpoint.java:530) [californium-core-1.0.0-M3.jar:na]
	at org.eclipse.californium.core.network.CoAPEndpoint$InboxImpl$1.run(CoAPEndpoint.java:542) [californium-core-1.0.0-M3.jar:na]
	at org.eclipse.californium.core.network.CoAPEndpoint$5.run(CoAPEndpoint.java:678) [californium-core-1.0.0-M3.jar:na]
	at java.util.concurrent.Executors$RunnableAdapter.call(Executors.java:511) [na:1.8.0_25]
	at java.util.concurrent.FutureTask.run(FutureTask.java:266) [na:1.8.0_25]
	at java.util.concurrent.ScheduledThreadPoolExecutor$ScheduledFutureTask.access$201(ScheduledThreadPoolExecutor.java:180) [na:1.8.0_25]
	at java.util.concurrent.ScheduledThreadPoolExecutor$ScheduledFutureTask.run(ScheduledThreadPoolExecutor.java:293) [na:1.8.0_25]
	at java.util.concurrent.ThreadPoolExecutor.runWorker(ThreadPoolExecutor.java:1142) [na:1.8.0_25]
	at java.util.concurrent.ThreadPoolExecutor$Worker.run(ThreadPoolExecutor.java:617) [na:1.8.0_25]
	at java.lang.Thread.run(Thread.java:745) [na:1.8.0_25]
Caused by: java.lang.IllegalStateException: Expected BEGIN_OBJECT but was BEGIN_ARRAY at line 1 column 2
	at com.google.gson.stream.JsonReader.beginObject(JsonReader.java:374) ~[gson-2.2.4.jar:na]
	at com.google.gson.internal.bind.ReflectiveTypeAdapterFactory$Adapter.read(ReflectiveTypeAdapterFactory.java:165) ~[gson-2.2.4.jar:na]
	... 32 common frames omitted
2015-09-10 21:34:14 - Exception while handling a request on the /12204 resource
com.google.gson.JsonSyntaxException: java.lang.IllegalStateException: Expected BEGIN_OBJECT but was BEGIN_ARRAY at line 1 column 2
	at com.google.gson.internal.bind.ReflectiveTypeAdapterFactory$Adapter.read(ReflectiveTypeAdapterFactory.java:176) ~[gson-2.2.4.jar:na]
	at com.google.gson.Gson.fromJson(Gson.java:803) ~[gson-2.2.4.jar:na]
	at com.google.gson.Gson.fromJson(Gson.java:768) ~[gson-2.2.4.jar:na]
	at com.google.gson.Gson.fromJson(Gson.java:717) ~[gson-2.2.4.jar:na]
	at com.google.gson.Gson.fromJson(Gson.java:689) ~[gson-2.2.4.jar:na]
	at org.mars.m2m.Devices.FlightControl.write(FlightControl.java:53) ~[classes/:na]
	at org.eclipse.leshan.client.resource.ObjectEnabler.doWrite(ObjectEnabler.java:164) ~[leshan-all-0.1.11-M5.jar:na]
	at org.eclipse.leshan.client.resource.BaseObjectEnabler.write(BaseObjectEnabler.java:111) ~[leshan-all-0.1.11-M5.jar:na]
	at org.eclipse.leshan.client.californium.impl.ObjectResource.handlePUT(ObjectResource.java:158) ~[leshan-all-0.1.11-M5.jar:na]
	at org.eclipse.californium.core.CoapResource.handleRequest(CoapResource.java:208) ~[californium-core-1.0.0-M3.jar:na]
	at org.eclipse.leshan.client.californium.impl.ObjectResource.handleRequest(ObjectResource.java:84) ~[leshan-all-0.1.11-M5.jar:na]
	at org.eclipse.californium.core.server.ServerMessageDeliverer.deliverRequest(ServerMessageDeliverer.java:81) [californium-core-1.0.0-M3.jar:na]
	at org.eclipse.californium.core.network.stack.CoapStack$StackTopAdapter.receiveRequest(CoapStack.java:180) [californium-core-1.0.0-M3.jar:na]
	at org.eclipse.californium.core.network.stack.AbstractLayer.receiveRequest(AbstractLayer.java:88) [californium-core-1.0.0-M3.jar:na]
	at org.eclipse.californium.core.network.stack.AbstractLayer.receiveRequest(AbstractLayer.java:88) [californium-core-1.0.0-M3.jar:na]
	at org.eclipse.californium.core.network.stack.BlockwiseLayer.receiveRequest(BlockwiseLayer.java:242) [californium-core-1.0.0-M3.jar:na]
	at org.eclipse.californium.core.network.stack.AbstractLayer.receiveRequest(AbstractLayer.java:88) [californium-core-1.0.0-M3.jar:na]
	at org.eclipse.californium.core.network.stack.TokenLayer.receiveRequest(TokenLayer.java:72) [californium-core-1.0.0-M3.jar:na]
	at org.eclipse.californium.core.network.stack.AbstractLayer.receiveRequest(AbstractLayer.java:88) [californium-core-1.0.0-M3.jar:na]
	at org.eclipse.californium.core.network.stack.ReliabilityLayer.receiveRequest(ReliabilityLayer.java:221) [californium-core-1.0.0-M3.jar:na]
	at org.eclipse.californium.core.network.stack.AbstractLayer.receiveRequest(AbstractLayer.java:88) [californium-core-1.0.0-M3.jar:na]
	at org.eclipse.californium.core.network.stack.CoapStack.receiveRequest(CoapStack.java:133) [californium-core-1.0.0-M3.jar:na]
	at org.eclipse.californium.core.network.CoAPEndpoint$InboxImpl.receiveMessage(CoAPEndpoint.java:594) [californium-core-1.0.0-M3.jar:na]
	at org.eclipse.californium.core.network.CoAPEndpoint$InboxImpl.access$700(CoAPEndpoint.java:530) [californium-core-1.0.0-M3.jar:na]
	at org.eclipse.californium.core.network.CoAPEndpoint$InboxImpl$1.run(CoAPEndpoint.java:542) [californium-core-1.0.0-M3.jar:na]
	at org.eclipse.californium.core.network.CoAPEndpoint$5.run(CoAPEndpoint.java:678) [californium-core-1.0.0-M3.jar:na]
	at java.util.concurrent.Executors$RunnableAdapter.call(Executors.java:511) [na:1.8.0_25]
	at java.util.concurrent.FutureTask.run(FutureTask.java:266) [na:1.8.0_25]
	at java.util.concurrent.ScheduledThreadPoolExecutor$ScheduledFutureTask.access$201(ScheduledThreadPoolExecutor.java:180) [na:1.8.0_25]
	at java.util.concurrent.ScheduledThreadPoolExecutor$ScheduledFutureTask.run(ScheduledThreadPoolExecutor.java:293) [na:1.8.0_25]
	at java.util.concurrent.ThreadPoolExecutor.runWorker(ThreadPoolExecutor.java:1142) [na:1.8.0_25]
	at java.util.concurrent.ThreadPoolExecutor$Worker.run(ThreadPoolExecutor.java:617) [na:1.8.0_25]
	at java.lang.Thread.run(Thread.java:745) [na:1.8.0_25]
Caused by: java.lang.IllegalStateException: Expected BEGIN_OBJECT but was BEGIN_ARRAY at line 1 column 2
	at com.google.gson.stream.JsonReader.beginObject(JsonReader.java:374) ~[gson-2.2.4.jar:na]
	at com.google.gson.internal.bind.ReflectiveTypeAdapterFactory$Adapter.read(ReflectiveTypeAdapterFactory.java:165) ~[gson-2.2.4.jar:na]
	... 32 common frames omitted
2015-09-10 21:34:14 - Exception while handling a request on the /12204 resource
com.google.gson.JsonSyntaxException: java.lang.IllegalStateException: Expected BEGIN_OBJECT but was BEGIN_ARRAY at line 1 column 2
	at com.google.gson.internal.bind.ReflectiveTypeAdapterFactory$Adapter.read(ReflectiveTypeAdapterFactory.java:176) ~[gson-2.2.4.jar:na]
	at com.google.gson.Gson.fromJson(Gson.java:803) ~[gson-2.2.4.jar:na]
	at com.google.gson.Gson.fromJson(Gson.java:768) ~[gson-2.2.4.jar:na]
	at com.google.gson.Gson.fromJson(Gson.java:717) ~[gson-2.2.4.jar:na]
	at com.google.gson.Gson.fromJson(Gson.java:689) ~[gson-2.2.4.jar:na]
	at org.mars.m2m.Devices.FlightControl.write(FlightControl.java:53) ~[classes/:na]
	at org.eclipse.leshan.client.resource.ObjectEnabler.doWrite(ObjectEnabler.java:164) ~[leshan-all-0.1.11-M5.jar:na]
	at org.eclipse.leshan.client.resource.BaseObjectEnabler.write(BaseObjectEnabler.java:111) ~[leshan-all-0.1.11-M5.jar:na]
	at org.eclipse.leshan.client.californium.impl.ObjectResource.handlePUT(ObjectResource.java:158) ~[leshan-all-0.1.11-M5.jar:na]
	at org.eclipse.californium.core.CoapResource.handleRequest(CoapResource.java:208) ~[californium-core-1.0.0-M3.jar:na]
	at org.eclipse.leshan.client.californium.impl.ObjectResource.handleRequest(ObjectResource.java:84) ~[leshan-all-0.1.11-M5.jar:na]
	at org.eclipse.californium.core.server.ServerMessageDeliverer.deliverRequest(ServerMessageDeliverer.java:81) [californium-core-1.0.0-M3.jar:na]
	at org.eclipse.californium.core.network.stack.CoapStack$StackTopAdapter.receiveRequest(CoapStack.java:180) [californium-core-1.0.0-M3.jar:na]
	at org.eclipse.californium.core.network.stack.AbstractLayer.receiveRequest(AbstractLayer.java:88) [californium-core-1.0.0-M3.jar:na]
	at org.eclipse.californium.core.network.stack.AbstractLayer.receiveRequest(AbstractLayer.java:88) [californium-core-1.0.0-M3.jar:na]
	at org.eclipse.californium.core.network.stack.BlockwiseLayer.receiveRequest(BlockwiseLayer.java:242) [californium-core-1.0.0-M3.jar:na]
	at org.eclipse.californium.core.network.stack.AbstractLayer.receiveRequest(AbstractLayer.java:88) [californium-core-1.0.0-M3.jar:na]
	at org.eclipse.californium.core.network.stack.TokenLayer.receiveRequest(TokenLayer.java:72) [californium-core-1.0.0-M3.jar:na]
	at org.eclipse.californium.core.network.stack.AbstractLayer.receiveRequest(AbstractLayer.java:88) [californium-core-1.0.0-M3.jar:na]
	at org.eclipse.californium.core.network.stack.ReliabilityLayer.receiveRequest(ReliabilityLayer.java:221) [californium-core-1.0.0-M3.jar:na]
	at org.eclipse.californium.core.network.stack.AbstractLayer.receiveRequest(AbstractLayer.java:88) [californium-core-1.0.0-M3.jar:na]
	at org.eclipse.californium.core.network.stack.CoapStack.receiveRequest(CoapStack.java:133) [californium-core-1.0.0-M3.jar:na]
	at org.eclipse.californium.core.network.CoAPEndpoint$InboxImpl.receiveMessage(CoAPEndpoint.java:594) [californium-core-1.0.0-M3.jar:na]
	at org.eclipse.californium.core.network.CoAPEndpoint$InboxImpl.access$700(CoAPEndpoint.java:530) [californium-core-1.0.0-M3.jar:na]
	at org.eclipse.californium.core.network.CoAPEndpoint$InboxImpl$1.run(CoAPEndpoint.java:542) [californium-core-1.0.0-M3.jar:na]
	at org.eclipse.californium.core.network.CoAPEndpoint$5.run(CoAPEndpoint.java:678) [californium-core-1.0.0-M3.jar:na]
	at java.util.concurrent.Executors$RunnableAdapter.call(Executors.java:511) [na:1.8.0_25]
	at java.util.concurrent.FutureTask.run(FutureTask.java:266) [na:1.8.0_25]
	at java.util.concurrent.ScheduledThreadPoolExecutor$ScheduledFutureTask.access$201(ScheduledThreadPoolExecutor.java:180) [na:1.8.0_25]
	at java.util.concurrent.ScheduledThreadPoolExecutor$ScheduledFutureTask.run(ScheduledThreadPoolExecutor.java:293) [na:1.8.0_25]
	at java.util.concurrent.ThreadPoolExecutor.runWorker(ThreadPoolExecutor.java:1142) [na:1.8.0_25]
	at java.util.concurrent.ThreadPoolExecutor$Worker.run(ThreadPoolExecutor.java:617) [na:1.8.0_25]
	at java.lang.Thread.run(Thread.java:745) [na:1.8.0_25]
Caused by: java.lang.IllegalStateException: Expected BEGIN_OBJECT but was BEGIN_ARRAY at line 1 column 2
	at com.google.gson.stream.JsonReader.beginObject(JsonReader.java:374) ~[gson-2.2.4.jar:na]
	at com.google.gson.internal.bind.ReflectiveTypeAdapterFactory$Adapter.read(ReflectiveTypeAdapterFactory.java:165) ~[gson-2.2.4.jar:na]
	... 32 common frames omitted
2015-09-10 21:34:14 - Exception while handling a request on the /12204 resource
com.google.gson.JsonSyntaxException: java.lang.IllegalStateException: Expected BEGIN_OBJECT but was BEGIN_ARRAY at line 1 column 2
	at com.google.gson.internal.bind.ReflectiveTypeAdapterFactory$Adapter.read(ReflectiveTypeAdapterFactory.java:176) ~[gson-2.2.4.jar:na]
	at com.google.gson.Gson.fromJson(Gson.java:803) ~[gson-2.2.4.jar:na]
	at com.google.gson.Gson.fromJson(Gson.java:768) ~[gson-2.2.4.jar:na]
	at com.google.gson.Gson.fromJson(Gson.java:717) ~[gson-2.2.4.jar:na]
	at com.google.gson.Gson.fromJson(Gson.java:689) ~[gson-2.2.4.jar:na]
	at org.mars.m2m.Devices.FlightControl.write(FlightControl.java:53) ~[classes/:na]
	at org.eclipse.leshan.client.resource.ObjectEnabler.doWrite(ObjectEnabler.java:164) ~[leshan-all-0.1.11-M5.jar:na]
	at org.eclipse.leshan.client.resource.BaseObjectEnabler.write(BaseObjectEnabler.java:111) ~[leshan-all-0.1.11-M5.jar:na]
	at org.eclipse.leshan.client.californium.impl.ObjectResource.handlePUT(ObjectResource.java:158) ~[leshan-all-0.1.11-M5.jar:na]
	at org.eclipse.californium.core.CoapResource.handleRequest(CoapResource.java:208) ~[californium-core-1.0.0-M3.jar:na]
	at org.eclipse.leshan.client.californium.impl.ObjectResource.handleRequest(ObjectResource.java:84) ~[leshan-all-0.1.11-M5.jar:na]
	at org.eclipse.californium.core.server.ServerMessageDeliverer.deliverRequest(ServerMessageDeliverer.java:81) [californium-core-1.0.0-M3.jar:na]
	at org.eclipse.californium.core.network.stack.CoapStack$StackTopAdapter.receiveRequest(CoapStack.java:180) [californium-core-1.0.0-M3.jar:na]
	at org.eclipse.californium.core.network.stack.AbstractLayer.receiveRequest(AbstractLayer.java:88) [californium-core-1.0.0-M3.jar:na]
	at org.eclipse.californium.core.network.stack.AbstractLayer.receiveRequest(AbstractLayer.java:88) [californium-core-1.0.0-M3.jar:na]
	at org.eclipse.californium.core.network.stack.BlockwiseLayer.receiveRequest(BlockwiseLayer.java:242) [californium-core-1.0.0-M3.jar:na]
	at org.eclipse.californium.core.network.stack.AbstractLayer.receiveRequest(AbstractLayer.java:88) [californium-core-1.0.0-M3.jar:na]
	at org.eclipse.californium.core.network.stack.TokenLayer.receiveRequest(TokenLayer.java:72) [californium-core-1.0.0-M3.jar:na]
	at org.eclipse.californium.core.network.stack.AbstractLayer.receiveRequest(AbstractLayer.java:88) [californium-core-1.0.0-M3.jar:na]
	at org.eclipse.californium.core.network.stack.ReliabilityLayer.receiveRequest(ReliabilityLayer.java:221) [californium-core-1.0.0-M3.jar:na]
	at org.eclipse.californium.core.network.stack.AbstractLayer.receiveRequest(AbstractLayer.java:88) [californium-core-1.0.0-M3.jar:na]
	at org.eclipse.californium.core.network.stack.CoapStack.receiveRequest(CoapStack.java:133) [californium-core-1.0.0-M3.jar:na]
	at org.eclipse.californium.core.network.CoAPEndpoint$InboxImpl.receiveMessage(CoAPEndpoint.java:594) [californium-core-1.0.0-M3.jar:na]
	at org.eclipse.californium.core.network.CoAPEndpoint$InboxImpl.access$700(CoAPEndpoint.java:530) [californium-core-1.0.0-M3.jar:na]
	at org.eclipse.californium.core.network.CoAPEndpoint$InboxImpl$1.run(CoAPEndpoint.java:542) [californium-core-1.0.0-M3.jar:na]
	at org.eclipse.californium.core.network.CoAPEndpoint$5.run(CoAPEndpoint.java:678) [californium-core-1.0.0-M3.jar:na]
	at java.util.concurrent.Executors$RunnableAdapter.call(Executors.java:511) [na:1.8.0_25]
	at java.util.concurrent.FutureTask.run(FutureTask.java:266) [na:1.8.0_25]
	at java.util.concurrent.ScheduledThreadPoolExecutor$ScheduledFutureTask.access$201(ScheduledThreadPoolExecutor.java:180) [na:1.8.0_25]
	at java.util.concurrent.ScheduledThreadPoolExecutor$ScheduledFutureTask.run(ScheduledThreadPoolExecutor.java:293) [na:1.8.0_25]
	at java.util.concurrent.ThreadPoolExecutor.runWorker(ThreadPoolExecutor.java:1142) [na:1.8.0_25]
	at java.util.concurrent.ThreadPoolExecutor$Worker.run(ThreadPoolExecutor.java:617) [na:1.8.0_25]
	at java.lang.Thread.run(Thread.java:745) [na:1.8.0_25]
Caused by: java.lang.IllegalStateException: Expected BEGIN_OBJECT but was BEGIN_ARRAY at line 1 column 2
	at com.google.gson.stream.JsonReader.beginObject(JsonReader.java:374) ~[gson-2.2.4.jar:na]
	at com.google.gson.internal.bind.ReflectiveTypeAdapterFactory$Adapter.read(ReflectiveTypeAdapterFactory.java:165) ~[gson-2.2.4.jar:na]
	... 32 common frames omitted
2015-09-10 21:42:58 - unknown-source: {E213} null
2015-09-10 21:42:58 - unknown-source: {E213} null
2015-09-10 21:42:58 - unknown-source: {E213} null
2015-09-10 21:42:58 - unknown-source: {E213} null
2015-09-10 21:42:58 - unknown-source: {E213} null
2015-09-10 21:42:58 - unknown-source: {E213} null
2015-09-10 21:42:58 - unknown-source: {E213} null
2015-09-10 21:42:58 - unknown-source: {E213} null
2015-09-10 21:42:58 - unknown-source: {E213} null
2015-09-10 21:42:58 - unknown-source: {E213} null
2015-09-10 21:42:58 - unknown-source: {E213} null
2015-09-10 21:44:32 - unknown-source: {E213} null
2015-09-10 21:44:32 - unknown-source: {E213} null
2015-09-10 21:44:33 - unknown-source: {E213} null
2015-09-10 21:44:33 - unknown-source: {E213} null
2015-09-10 21:44:33 - unknown-source: {E213} null
2015-09-10 21:44:34 - unknown-source: {E213} null
2015-09-10 21:44:34 - unknown-source: {E213} null
2015-09-10 21:44:34 - unknown-source: {E213} null
2015-09-10 21:44:34 - unknown-source: {E213} null
2015-09-10 21:44:34 - unknown-source: {E213} null
2015-09-10 21:44:34 - unknown-source: {E213} null
2015-09-10 21:48:08 - unknown-source: {E213} null
2015-09-10 21:48:09 - unknown-source: {E213} null
2015-09-10 21:48:10 - unknown-source: {E213} null
2015-09-10 21:48:10 - unknown-source: {E213} null
2015-09-10 21:48:10 - unknown-source: {E213} null
2015-09-10 21:48:10 - unknown-source: {E213} null
2015-09-10 21:48:10 - unknown-source: {E213} null
2015-09-10 21:48:10 - unknown-source: {E213} null
2015-09-10 21:48:10 - unknown-source: {E213} null
2015-09-10 21:48:10 - unknown-source: {E213} null
2015-09-10 21:48:10 - unknown-source: {E213} null
2015-09-10 21:48:17 - Exception while handling a request on the /12204 resource
com.google.gson.JsonSyntaxException: java.lang.IllegalStateException: Expected BEGIN_OBJECT but was NUMBER at line 1 column 1
	at com.google.gson.internal.bind.ReflectiveTypeAdapterFactory$Adapter.read(ReflectiveTypeAdapterFactory.java:176) ~[gson-2.2.4.jar:na]
	at com.google.gson.Gson.fromJson(Gson.java:803) ~[gson-2.2.4.jar:na]
	at com.google.gson.Gson.fromJson(Gson.java:768) ~[gson-2.2.4.jar:na]
	at com.google.gson.Gson.fromJson(Gson.java:717) ~[gson-2.2.4.jar:na]
	at com.google.gson.Gson.fromJson(Gson.java:689) ~[gson-2.2.4.jar:na]
	at org.mars.m2m.Devices.FlightControl.write(FlightControl.java:53) ~[classes/:na]
	at org.eclipse.leshan.client.resource.ObjectEnabler.doWrite(ObjectEnabler.java:164) ~[leshan-all-0.1.11-M5.jar:na]
	at org.eclipse.leshan.client.resource.BaseObjectEnabler.write(BaseObjectEnabler.java:111) ~[leshan-all-0.1.11-M5.jar:na]
	at org.eclipse.leshan.client.californium.impl.ObjectResource.handlePUT(ObjectResource.java:158) ~[leshan-all-0.1.11-M5.jar:na]
	at org.eclipse.californium.core.CoapResource.handleRequest(CoapResource.java:208) ~[californium-core-1.0.0-M3.jar:na]
	at org.eclipse.leshan.client.californium.impl.ObjectResource.handleRequest(ObjectResource.java:84) ~[leshan-all-0.1.11-M5.jar:na]
	at org.eclipse.californium.core.server.ServerMessageDeliverer.deliverRequest(ServerMessageDeliverer.java:81) [californium-core-1.0.0-M3.jar:na]
	at org.eclipse.californium.core.network.stack.CoapStack$StackTopAdapter.receiveRequest(CoapStack.java:180) [californium-core-1.0.0-M3.jar:na]
	at org.eclipse.californium.core.network.stack.AbstractLayer.receiveRequest(AbstractLayer.java:88) [californium-core-1.0.0-M3.jar:na]
	at org.eclipse.californium.core.network.stack.AbstractLayer.receiveRequest(AbstractLayer.java:88) [californium-core-1.0.0-M3.jar:na]
	at org.eclipse.californium.core.network.stack.BlockwiseLayer.receiveRequest(BlockwiseLayer.java:242) [californium-core-1.0.0-M3.jar:na]
	at org.eclipse.californium.core.network.stack.AbstractLayer.receiveRequest(AbstractLayer.java:88) [californium-core-1.0.0-M3.jar:na]
	at org.eclipse.californium.core.network.stack.TokenLayer.receiveRequest(TokenLayer.java:72) [californium-core-1.0.0-M3.jar:na]
	at org.eclipse.californium.core.network.stack.AbstractLayer.receiveRequest(AbstractLayer.java:88) [californium-core-1.0.0-M3.jar:na]
	at org.eclipse.californium.core.network.stack.ReliabilityLayer.receiveRequest(ReliabilityLayer.java:221) [californium-core-1.0.0-M3.jar:na]
	at org.eclipse.californium.core.network.stack.AbstractLayer.receiveRequest(AbstractLayer.java:88) [californium-core-1.0.0-M3.jar:na]
	at org.eclipse.californium.core.network.stack.CoapStack.receiveRequest(CoapStack.java:133) [californium-core-1.0.0-M3.jar:na]
	at org.eclipse.californium.core.network.CoAPEndpoint$InboxImpl.receiveMessage(CoAPEndpoint.java:594) [californium-core-1.0.0-M3.jar:na]
	at org.eclipse.californium.core.network.CoAPEndpoint$InboxImpl.access$700(CoAPEndpoint.java:530) [californium-core-1.0.0-M3.jar:na]
	at org.eclipse.californium.core.network.CoAPEndpoint$InboxImpl$1.run(CoAPEndpoint.java:542) [californium-core-1.0.0-M3.jar:na]
	at org.eclipse.californium.core.network.CoAPEndpoint$5.run(CoAPEndpoint.java:678) [californium-core-1.0.0-M3.jar:na]
	at java.util.concurrent.Executors$RunnableAdapter.call(Executors.java:511) [na:1.8.0_25]
	at java.util.concurrent.FutureTask.run(FutureTask.java:266) [na:1.8.0_25]
	at java.util.concurrent.ScheduledThreadPoolExecutor$ScheduledFutureTask.access$201(ScheduledThreadPoolExecutor.java:180) [na:1.8.0_25]
	at java.util.concurrent.ScheduledThreadPoolExecutor$ScheduledFutureTask.run(ScheduledThreadPoolExecutor.java:293) [na:1.8.0_25]
	at java.util.concurrent.ThreadPoolExecutor.runWorker(ThreadPoolExecutor.java:1142) [na:1.8.0_25]
	at java.util.concurrent.ThreadPoolExecutor$Worker.run(ThreadPoolExecutor.java:617) [na:1.8.0_25]
	at java.lang.Thread.run(Thread.java:745) [na:1.8.0_25]
Caused by: java.lang.IllegalStateException: Expected BEGIN_OBJECT but was NUMBER at line 1 column 1
	at com.google.gson.stream.JsonReader.beginObject(JsonReader.java:374) ~[gson-2.2.4.jar:na]
	at com.google.gson.internal.bind.ReflectiveTypeAdapterFactory$Adapter.read(ReflectiveTypeAdapterFactory.java:165) ~[gson-2.2.4.jar:na]
	... 32 common frames omitted
2015-09-10 21:48:17 - Exception while handling a request on the /12204 resource
com.google.gson.JsonSyntaxException: java.lang.IllegalStateException: Expected BEGIN_OBJECT but was NUMBER at line 1 column 1
	at com.google.gson.internal.bind.ReflectiveTypeAdapterFactory$Adapter.read(ReflectiveTypeAdapterFactory.java:176) ~[gson-2.2.4.jar:na]
	at com.google.gson.Gson.fromJson(Gson.java:803) ~[gson-2.2.4.jar:na]
	at com.google.gson.Gson.fromJson(Gson.java:768) ~[gson-2.2.4.jar:na]
	at com.google.gson.Gson.fromJson(Gson.java:717) ~[gson-2.2.4.jar:na]
	at com.google.gson.Gson.fromJson(Gson.java:689) ~[gson-2.2.4.jar:na]
	at org.mars.m2m.Devices.FlightControl.write(FlightControl.java:53) ~[classes/:na]
	at org.eclipse.leshan.client.resource.ObjectEnabler.doWrite(ObjectEnabler.java:164) ~[leshan-all-0.1.11-M5.jar:na]
	at org.eclipse.leshan.client.resource.BaseObjectEnabler.write(BaseObjectEnabler.java:111) ~[leshan-all-0.1.11-M5.jar:na]
	at org.eclipse.leshan.client.californium.impl.ObjectResource.handlePUT(ObjectResource.java:158) ~[leshan-all-0.1.11-M5.jar:na]
	at org.eclipse.californium.core.CoapResource.handleRequest(CoapResource.java:208) ~[californium-core-1.0.0-M3.jar:na]
	at org.eclipse.leshan.client.californium.impl.ObjectResource.handleRequest(ObjectResource.java:84) ~[leshan-all-0.1.11-M5.jar:na]
	at org.eclipse.californium.core.server.ServerMessageDeliverer.deliverRequest(ServerMessageDeliverer.java:81) [californium-core-1.0.0-M3.jar:na]
	at org.eclipse.californium.core.network.stack.CoapStack$StackTopAdapter.receiveRequest(CoapStack.java:180) [californium-core-1.0.0-M3.jar:na]
	at org.eclipse.californium.core.network.stack.AbstractLayer.receiveRequest(AbstractLayer.java:88) [californium-core-1.0.0-M3.jar:na]
	at org.eclipse.californium.core.network.stack.AbstractLayer.receiveRequest(AbstractLayer.java:88) [californium-core-1.0.0-M3.jar:na]
	at org.eclipse.californium.core.network.stack.BlockwiseLayer.receiveRequest(BlockwiseLayer.java:242) [californium-core-1.0.0-M3.jar:na]
	at org.eclipse.californium.core.network.stack.AbstractLayer.receiveRequest(AbstractLayer.java:88) [californium-core-1.0.0-M3.jar:na]
	at org.eclipse.californium.core.network.stack.TokenLayer.receiveRequest(TokenLayer.java:72) [californium-core-1.0.0-M3.jar:na]
	at org.eclipse.californium.core.network.stack.AbstractLayer.receiveRequest(AbstractLayer.java:88) [californium-core-1.0.0-M3.jar:na]
	at org.eclipse.californium.core.network.stack.ReliabilityLayer.receiveRequest(ReliabilityLayer.java:221) [californium-core-1.0.0-M3.jar:na]
	at org.eclipse.californium.core.network.stack.AbstractLayer.receiveRequest(AbstractLayer.java:88) [californium-core-1.0.0-M3.jar:na]
	at org.eclipse.californium.core.network.stack.CoapStack.receiveRequest(CoapStack.java:133) [californium-core-1.0.0-M3.jar:na]
	at org.eclipse.californium.core.network.CoAPEndpoint$InboxImpl.receiveMessage(CoAPEndpoint.java:594) [californium-core-1.0.0-M3.jar:na]
	at org.eclipse.californium.core.network.CoAPEndpoint$InboxImpl.access$700(CoAPEndpoint.java:530) [californium-core-1.0.0-M3.jar:na]
	at org.eclipse.californium.core.network.CoAPEndpoint$InboxImpl$1.run(CoAPEndpoint.java:542) [californium-core-1.0.0-M3.jar:na]
	at org.eclipse.californium.core.network.CoAPEndpoint$5.run(CoAPEndpoint.java:678) [californium-core-1.0.0-M3.jar:na]
	at java.util.concurrent.Executors$RunnableAdapter.call(Executors.java:511) [na:1.8.0_25]
	at java.util.concurrent.FutureTask.run(FutureTask.java:266) [na:1.8.0_25]
	at java.util.concurrent.ScheduledThreadPoolExecutor$ScheduledFutureTask.access$201(ScheduledThreadPoolExecutor.java:180) [na:1.8.0_25]
	at java.util.concurrent.ScheduledThreadPoolExecutor$ScheduledFutureTask.run(ScheduledThreadPoolExecutor.java:293) [na:1.8.0_25]
	at java.util.concurrent.ThreadPoolExecutor.runWorker(ThreadPoolExecutor.java:1142) [na:1.8.0_25]
	at java.util.concurrent.ThreadPoolExecutor$Worker.run(ThreadPoolExecutor.java:617) [na:1.8.0_25]
	at java.lang.Thread.run(Thread.java:745) [na:1.8.0_25]
Caused by: java.lang.IllegalStateException: Expected BEGIN_OBJECT but was NUMBER at line 1 column 1
	at com.google.gson.stream.JsonReader.beginObject(JsonReader.java:374) ~[gson-2.2.4.jar:na]
	at com.google.gson.internal.bind.ReflectiveTypeAdapterFactory$Adapter.read(ReflectiveTypeAdapterFactory.java:165) ~[gson-2.2.4.jar:na]
	... 32 common frames omitted
2015-09-10 21:48:17 - Exception while handling a request on the /12204 resource
com.google.gson.JsonSyntaxException: java.lang.IllegalStateException: Expected BEGIN_OBJECT but was NUMBER at line 1 column 1
	at com.google.gson.internal.bind.ReflectiveTypeAdapterFactory$Adapter.read(ReflectiveTypeAdapterFactory.java:176) ~[gson-2.2.4.jar:na]
	at com.google.gson.Gson.fromJson(Gson.java:803) ~[gson-2.2.4.jar:na]
	at com.google.gson.Gson.fromJson(Gson.java:768) ~[gson-2.2.4.jar:na]
	at com.google.gson.Gson.fromJson(Gson.java:717) ~[gson-2.2.4.jar:na]
	at com.google.gson.Gson.fromJson(Gson.java:689) ~[gson-2.2.4.jar:na]
	at org.mars.m2m.Devices.FlightControl.write(FlightControl.java:53) ~[classes/:na]
	at org.eclipse.leshan.client.resource.ObjectEnabler.doWrite(ObjectEnabler.java:164) ~[leshan-all-0.1.11-M5.jar:na]
	at org.eclipse.leshan.client.resource.BaseObjectEnabler.write(BaseObjectEnabler.java:111) ~[leshan-all-0.1.11-M5.jar:na]
	at org.eclipse.leshan.client.californium.impl.ObjectResource.handlePUT(ObjectResource.java:158) ~[leshan-all-0.1.11-M5.jar:na]
	at org.eclipse.californium.core.CoapResource.handleRequest(CoapResource.java:208) ~[californium-core-1.0.0-M3.jar:na]
	at org.eclipse.leshan.client.californium.impl.ObjectResource.handleRequest(ObjectResource.java:84) ~[leshan-all-0.1.11-M5.jar:na]
	at org.eclipse.californium.core.server.ServerMessageDeliverer.deliverRequest(ServerMessageDeliverer.java:81) [californium-core-1.0.0-M3.jar:na]
	at org.eclipse.californium.core.network.stack.CoapStack$StackTopAdapter.receiveRequest(CoapStack.java:180) [californium-core-1.0.0-M3.jar:na]
	at org.eclipse.californium.core.network.stack.AbstractLayer.receiveRequest(AbstractLayer.java:88) [californium-core-1.0.0-M3.jar:na]
	at org.eclipse.californium.core.network.stack.AbstractLayer.receiveRequest(AbstractLayer.java:88) [californium-core-1.0.0-M3.jar:na]
	at org.eclipse.californium.core.network.stack.BlockwiseLayer.receiveRequest(BlockwiseLayer.java:242) [californium-core-1.0.0-M3.jar:na]
	at org.eclipse.californium.core.network.stack.AbstractLayer.receiveRequest(AbstractLayer.java:88) [californium-core-1.0.0-M3.jar:na]
	at org.eclipse.californium.core.network.stack.TokenLayer.receiveRequest(TokenLayer.java:72) [californium-core-1.0.0-M3.jar:na]
	at org.eclipse.californium.core.network.stack.AbstractLayer.receiveRequest(AbstractLayer.java:88) [californium-core-1.0.0-M3.jar:na]
	at org.eclipse.californium.core.network.stack.ReliabilityLayer.receiveRequest(ReliabilityLayer.java:221) [californium-core-1.0.0-M3.jar:na]
	at org.eclipse.californium.core.network.stack.AbstractLayer.receiveRequest(AbstractLayer.java:88) [californium-core-1.0.0-M3.jar:na]
	at org.eclipse.californium.core.network.stack.CoapStack.receiveRequest(CoapStack.java:133) [californium-core-1.0.0-M3.jar:na]
	at org.eclipse.californium.core.network.CoAPEndpoint$InboxImpl.receiveMessage(CoAPEndpoint.java:594) [californium-core-1.0.0-M3.jar:na]
	at org.eclipse.californium.core.network.CoAPEndpoint$InboxImpl.access$700(CoAPEndpoint.java:530) [californium-core-1.0.0-M3.jar:na]
	at org.eclipse.californium.core.network.CoAPEndpoint$InboxImpl$1.run(CoAPEndpoint.java:542) [californium-core-1.0.0-M3.jar:na]
	at org.eclipse.californium.core.network.CoAPEndpoint$5.run(CoAPEndpoint.java:678) [californium-core-1.0.0-M3.jar:na]
	at java.util.concurrent.Executors$RunnableAdapter.call(Executors.java:511) [na:1.8.0_25]
	at java.util.concurrent.FutureTask.run(FutureTask.java:266) [na:1.8.0_25]
	at java.util.concurrent.ScheduledThreadPoolExecutor$ScheduledFutureTask.access$201(ScheduledThreadPoolExecutor.java:180) [na:1.8.0_25]
	at java.util.concurrent.ScheduledThreadPoolExecutor$ScheduledFutureTask.run(ScheduledThreadPoolExecutor.java:293) [na:1.8.0_25]
	at java.util.concurrent.ThreadPoolExecutor.runWorker(ThreadPoolExecutor.java:1142) [na:1.8.0_25]
	at java.util.concurrent.ThreadPoolExecutor$Worker.run(ThreadPoolExecutor.java:617) [na:1.8.0_25]
	at java.lang.Thread.run(Thread.java:745) [na:1.8.0_25]
Caused by: java.lang.IllegalStateException: Expected BEGIN_OBJECT but was NUMBER at line 1 column 1
	at com.google.gson.stream.JsonReader.beginObject(JsonReader.java:374) ~[gson-2.2.4.jar:na]
	at com.google.gson.internal.bind.ReflectiveTypeAdapterFactory$Adapter.read(ReflectiveTypeAdapterFactory.java:165) ~[gson-2.2.4.jar:na]
	... 32 common frames omitted
2015-09-10 21:48:17 - Exception while handling a request on the /12204 resource
com.google.gson.JsonSyntaxException: java.lang.IllegalStateException: Expected BEGIN_OBJECT but was NUMBER at line 1 column 1
	at com.google.gson.internal.bind.ReflectiveTypeAdapterFactory$Adapter.read(ReflectiveTypeAdapterFactory.java:176) ~[gson-2.2.4.jar:na]
	at com.google.gson.Gson.fromJson(Gson.java:803) ~[gson-2.2.4.jar:na]
	at com.google.gson.Gson.fromJson(Gson.java:768) ~[gson-2.2.4.jar:na]
	at com.google.gson.Gson.fromJson(Gson.java:717) ~[gson-2.2.4.jar:na]
	at com.google.gson.Gson.fromJson(Gson.java:689) ~[gson-2.2.4.jar:na]
	at org.mars.m2m.Devices.FlightControl.write(FlightControl.java:53) ~[classes/:na]
	at org.eclipse.leshan.client.resource.ObjectEnabler.doWrite(ObjectEnabler.java:164) ~[leshan-all-0.1.11-M5.jar:na]
	at org.eclipse.leshan.client.resource.BaseObjectEnabler.write(BaseObjectEnabler.java:111) ~[leshan-all-0.1.11-M5.jar:na]
	at org.eclipse.leshan.client.californium.impl.ObjectResource.handlePUT(ObjectResource.java:158) ~[leshan-all-0.1.11-M5.jar:na]
	at org.eclipse.californium.core.CoapResource.handleRequest(CoapResource.java:208) ~[californium-core-1.0.0-M3.jar:na]
	at org.eclipse.leshan.client.californium.impl.ObjectResource.handleRequest(ObjectResource.java:84) ~[leshan-all-0.1.11-M5.jar:na]
	at org.eclipse.californium.core.server.ServerMessageDeliverer.deliverRequest(ServerMessageDeliverer.java:81) [californium-core-1.0.0-M3.jar:na]
	at org.eclipse.californium.core.network.stack.CoapStack$StackTopAdapter.receiveRequest(CoapStack.java:180) [californium-core-1.0.0-M3.jar:na]
	at org.eclipse.californium.core.network.stack.AbstractLayer.receiveRequest(AbstractLayer.java:88) [californium-core-1.0.0-M3.jar:na]
	at org.eclipse.californium.core.network.stack.AbstractLayer.receiveRequest(AbstractLayer.java:88) [californium-core-1.0.0-M3.jar:na]
	at org.eclipse.californium.core.network.stack.BlockwiseLayer.receiveRequest(BlockwiseLayer.java:242) [californium-core-1.0.0-M3.jar:na]
	at org.eclipse.californium.core.network.stack.AbstractLayer.receiveRequest(AbstractLayer.java:88) [californium-core-1.0.0-M3.jar:na]
	at org.eclipse.californium.core.network.stack.TokenLayer.receiveRequest(TokenLayer.java:72) [californium-core-1.0.0-M3.jar:na]
	at org.eclipse.californium.core.network.stack.AbstractLayer.receiveRequest(AbstractLayer.java:88) [californium-core-1.0.0-M3.jar:na]
	at org.eclipse.californium.core.network.stack.ReliabilityLayer.receiveRequest(ReliabilityLayer.java:221) [californium-core-1.0.0-M3.jar:na]
	at org.eclipse.californium.core.network.stack.AbstractLayer.receiveRequest(AbstractLayer.java:88) [californium-core-1.0.0-M3.jar:na]
	at org.eclipse.californium.core.network.stack.CoapStack.receiveRequest(CoapStack.java:133) [californium-core-1.0.0-M3.jar:na]
	at org.eclipse.californium.core.network.CoAPEndpoint$InboxImpl.receiveMessage(CoAPEndpoint.java:594) [californium-core-1.0.0-M3.jar:na]
	at org.eclipse.californium.core.network.CoAPEndpoint$InboxImpl.access$700(CoAPEndpoint.java:530) [californium-core-1.0.0-M3.jar:na]
	at org.eclipse.californium.core.network.CoAPEndpoint$InboxImpl$1.run(CoAPEndpoint.java:542) [californium-core-1.0.0-M3.jar:na]
	at org.eclipse.californium.core.network.CoAPEndpoint$5.run(CoAPEndpoint.java:678) [californium-core-1.0.0-M3.jar:na]
	at java.util.concurrent.Executors$RunnableAdapter.call(Executors.java:511) [na:1.8.0_25]
	at java.util.concurrent.FutureTask.run(FutureTask.java:266) [na:1.8.0_25]
	at java.util.concurrent.ScheduledThreadPoolExecutor$ScheduledFutureTask.access$201(ScheduledThreadPoolExecutor.java:180) [na:1.8.0_25]
	at java.util.concurrent.ScheduledThreadPoolExecutor$ScheduledFutureTask.run(ScheduledThreadPoolExecutor.java:293) [na:1.8.0_25]
	at java.util.concurrent.ThreadPoolExecutor.runWorker(ThreadPoolExecutor.java:1142) [na:1.8.0_25]
	at java.util.concurrent.ThreadPoolExecutor$Worker.run(ThreadPoolExecutor.java:617) [na:1.8.0_25]
	at java.lang.Thread.run(Thread.java:745) [na:1.8.0_25]
Caused by: java.lang.IllegalStateException: Expected BEGIN_OBJECT but was NUMBER at line 1 column 1
	at com.google.gson.stream.JsonReader.beginObject(JsonReader.java:374) ~[gson-2.2.4.jar:na]
	at com.google.gson.internal.bind.ReflectiveTypeAdapterFactory$Adapter.read(ReflectiveTypeAdapterFactory.java:165) ~[gson-2.2.4.jar:na]
	... 32 common frames omitted
2015-09-10 21:48:17 - Exception while handling a request on the /12204 resource
com.google.gson.JsonSyntaxException: java.lang.IllegalStateException: Expected BEGIN_OBJECT but was NUMBER at line 1 column 1
	at com.google.gson.internal.bind.ReflectiveTypeAdapterFactory$Adapter.read(ReflectiveTypeAdapterFactory.java:176) ~[gson-2.2.4.jar:na]
	at com.google.gson.Gson.fromJson(Gson.java:803) ~[gson-2.2.4.jar:na]
	at com.google.gson.Gson.fromJson(Gson.java:768) ~[gson-2.2.4.jar:na]
	at com.google.gson.Gson.fromJson(Gson.java:717) ~[gson-2.2.4.jar:na]
	at com.google.gson.Gson.fromJson(Gson.java:689) ~[gson-2.2.4.jar:na]
	at org.mars.m2m.Devices.FlightControl.write(FlightControl.java:53) ~[classes/:na]
	at org.eclipse.leshan.client.resource.ObjectEnabler.doWrite(ObjectEnabler.java:164) ~[leshan-all-0.1.11-M5.jar:na]
	at org.eclipse.leshan.client.resource.BaseObjectEnabler.write(BaseObjectEnabler.java:111) ~[leshan-all-0.1.11-M5.jar:na]
	at org.eclipse.leshan.client.californium.impl.ObjectResource.handlePUT(ObjectResource.java:158) ~[leshan-all-0.1.11-M5.jar:na]
	at org.eclipse.californium.core.CoapResource.handleRequest(CoapResource.java:208) ~[californium-core-1.0.0-M3.jar:na]
	at org.eclipse.leshan.client.californium.impl.ObjectResource.handleRequest(ObjectResource.java:84) ~[leshan-all-0.1.11-M5.jar:na]
	at org.eclipse.californium.core.server.ServerMessageDeliverer.deliverRequest(ServerMessageDeliverer.java:81) [californium-core-1.0.0-M3.jar:na]
	at org.eclipse.californium.core.network.stack.CoapStack$StackTopAdapter.receiveRequest(CoapStack.java:180) [californium-core-1.0.0-M3.jar:na]
	at org.eclipse.californium.core.network.stack.AbstractLayer.receiveRequest(AbstractLayer.java:88) [californium-core-1.0.0-M3.jar:na]
	at org.eclipse.californium.core.network.stack.AbstractLayer.receiveRequest(AbstractLayer.java:88) [californium-core-1.0.0-M3.jar:na]
	at org.eclipse.californium.core.network.stack.BlockwiseLayer.receiveRequest(BlockwiseLayer.java:242) [californium-core-1.0.0-M3.jar:na]
	at org.eclipse.californium.core.network.stack.AbstractLayer.receiveRequest(AbstractLayer.java:88) [californium-core-1.0.0-M3.jar:na]
	at org.eclipse.californium.core.network.stack.TokenLayer.receiveRequest(TokenLayer.java:72) [californium-core-1.0.0-M3.jar:na]
	at org.eclipse.californium.core.network.stack.AbstractLayer.receiveRequest(AbstractLayer.java:88) [californium-core-1.0.0-M3.jar:na]
	at org.eclipse.californium.core.network.stack.ReliabilityLayer.receiveRequest(ReliabilityLayer.java:221) [californium-core-1.0.0-M3.jar:na]
	at org.eclipse.californium.core.network.stack.AbstractLayer.receiveRequest(AbstractLayer.java:88) [californium-core-1.0.0-M3.jar:na]
	at org.eclipse.californium.core.network.stack.CoapStack.receiveRequest(CoapStack.java:133) [californium-core-1.0.0-M3.jar:na]
	at org.eclipse.californium.core.network.CoAPEndpoint$InboxImpl.receiveMessage(CoAPEndpoint.java:594) [californium-core-1.0.0-M3.jar:na]
	at org.eclipse.californium.core.network.CoAPEndpoint$InboxImpl.access$700(CoAPEndpoint.java:530) [californium-core-1.0.0-M3.jar:na]
	at org.eclipse.californium.core.network.CoAPEndpoint$InboxImpl$1.run(CoAPEndpoint.java:542) [californium-core-1.0.0-M3.jar:na]
	at org.eclipse.californium.core.network.CoAPEndpoint$5.run(CoAPEndpoint.java:678) [californium-core-1.0.0-M3.jar:na]
	at java.util.concurrent.Executors$RunnableAdapter.call(Executors.java:511) [na:1.8.0_25]
	at java.util.concurrent.FutureTask.run(FutureTask.java:266) [na:1.8.0_25]
	at java.util.concurrent.ScheduledThreadPoolExecutor$ScheduledFutureTask.access$201(ScheduledThreadPoolExecutor.java:180) [na:1.8.0_25]
	at java.util.concurrent.ScheduledThreadPoolExecutor$ScheduledFutureTask.run(ScheduledThreadPoolExecutor.java:293) [na:1.8.0_25]
	at java.util.concurrent.ThreadPoolExecutor.runWorker(ThreadPoolExecutor.java:1142) [na:1.8.0_25]
	at java.util.concurrent.ThreadPoolExecutor$Worker.run(ThreadPoolExecutor.java:617) [na:1.8.0_25]
	at java.lang.Thread.run(Thread.java:745) [na:1.8.0_25]
Caused by: java.lang.IllegalStateException: Expected BEGIN_OBJECT but was NUMBER at line 1 column 1
	at com.google.gson.stream.JsonReader.beginObject(JsonReader.java:374) ~[gson-2.2.4.jar:na]
	at com.google.gson.internal.bind.ReflectiveTypeAdapterFactory$Adapter.read(ReflectiveTypeAdapterFactory.java:165) ~[gson-2.2.4.jar:na]
	... 32 common frames omitted
2015-09-10 21:51:10 - unknown-source: {E213} null
2015-09-10 21:51:10 - unknown-source: {E213} null
2015-09-10 21:51:11 - unknown-source: {E213} null
2015-09-10 21:51:11 - unknown-source: {E213} null
2015-09-10 21:51:11 - unknown-source: {E213} null
2015-09-10 21:51:11 - unknown-source: {E213} null
2015-09-10 21:51:11 - unknown-source: {E213} null
2015-09-10 21:51:11 - unknown-source: {E213} null
2015-09-10 21:51:11 - unknown-source: {E213} null
2015-09-10 21:51:11 - unknown-source: {E213} null
2015-09-10 21:51:11 - unknown-source: {E213} null
2015-09-10 21:53:35 - unknown-source: {E213} null
2015-09-10 21:53:35 - unknown-source: {E213} null
2015-09-10 21:53:36 - unknown-source: {E213} null
2015-09-10 21:53:36 - unknown-source: {E213} null
2015-09-10 21:53:36 - unknown-source: {E213} null
2015-09-10 21:53:36 - unknown-source: {E213} null
2015-09-10 21:53:36 - unknown-source: {E213} null
2015-09-10 21:53:37 - unknown-source: {E213} null
2015-09-10 21:53:37 - unknown-source: {E213} null
2015-09-10 21:53:37 - unknown-source: {E213} null
2015-09-10 21:53:37 - unknown-source: {E213} null
