2015-08-13 14:24:17 - file /uavObjectModel.json successfully loaded
2015-08-13 14:24:17 - Started execution in military uav run method
2015-08-13 14:25:39 - file /uavObjectModel.json successfully loaded
2015-08-13 14:25:39 - Started execution in military uav run method
2015-08-13 14:25:39 - UAV manager started
2015-08-13 14:25:39 - Threat sensor started
2015-08-13 14:25:39 - Missile dispatcher started
2015-08-13 14:25:39 - Temperature sensor started
2015-08-13 14:25:39 - Altitude sensor started
2015-08-13 14:28:48 - file /uavObjectModel.json successfully loaded
2015-08-13 14:28:48 - Started execution in military uav run method
2015-08-13 14:28:49 - UAV manager started
2015-08-13 14:28:49 - Threat sensor started
2015-08-13 14:28:49 - Missile dispatcher started
2015-08-13 14:28:49 - Temperature sensor started
2015-08-13 14:28:49 - Altitude sensor started
2015-08-13 14:32:10 - file /uavObjectModel.json successfully loaded
2015-08-13 14:32:10 - Started execution in military uav run method
2015-08-13 14:32:10 - UAV manager started
2015-08-13 14:32:10 - Threat sensor started
2015-08-13 14:32:10 - Missile dispatcher started
2015-08-13 14:32:10 - Temperature sensor started
2015-08-13 14:32:10 - Altitude sensor started
2015-08-13 14:45:10 - file /uavObjectModel.json successfully loaded
2015-08-13 14:45:10 - Started execution in military uav run method
2015-08-13 14:45:11 - UAV manager started
2015-08-13 14:45:11 - Threat sensor started
2015-08-13 14:45:11 - Missile dispatcher started
2015-08-13 14:45:11 - Temperature sensor started
2015-08-13 14:45:11 - Altitude sensor started
