INFO   [11:33:00.701] [main] o.e.j.u.log -  Logging initialized @1207ms 
INFO   [11:33:00.806] [main] i.d.s.ServerFactory -  Starting MAdpApplication 
INFO   [11:33:00.815] [main] i.d.s.SimpleServerFactory -  Registering jersey handler with root path prefix: /ma 
INFO   [11:33:00.830] [main] i.d.s.SimpleServerFactory -  Registering admin handler with root path prefix: /admin-ma 
INFO   [11:33:00.862] [main] o.e.j.s.SetUIDListener -  Opened MAdpApplication@4052274f{HTTP/1.1}{0.0.0.0:8070} 
INFO   [11:33:00.865] [main] o.e.j.s.Server -  jetty-9.2.11.v20150529 
INFO   [11:33:01.434] [main] i.d.j.DropwizardResourceConfig -  The following paths were found for the configured resources:

    POST    /mgmtAdapter (org.mars.m2m.managmentadapter.resources.MgmtAdptrInterface)
 
INFO   [11:33:01.438] [main] o.e.j.s.h.ContextHandler -  Started i.d.j.MutableServletContextHandler@29c2c826{/ma,null,AVAILABLE} 
INFO   [11:33:01.444] [main] i.d.s.AdminEnvironment -  tasks = 

    POST    /tasks/log-level (io.dropwizard.servlets.tasks.LogConfigurationTask)
    POST    /tasks/gc (io.dropwizard.servlets.tasks.GarbageCollectionTask)
 
INFO   [11:33:01.450] [main] o.e.j.s.h.ContextHandler -  Started i.d.j.MutableServletContextHandler@4e904fd5{/admin-ma,null,AVAILABLE} 
INFO   [11:33:01.493] [main] o.e.j.s.ServerConnector -  Started MAdpApplication@4052274f{HTTP/1.1}{0.0.0.0:8070} 
INFO   [11:33:01.493] [main] o.e.j.s.Server -  Started @2002ms 
INFO   [15:14:41.542] [main] o.e.j.u.log -  Logging initialized @1186ms 
INFO   [15:14:41.626] [main] i.d.s.ServerFactory -  Starting MAdpApplication 
INFO   [15:14:41.633] [main] i.d.s.SimpleServerFactory -  Registering jersey handler with root path prefix: /ma 
INFO   [15:14:41.648] [main] i.d.s.SimpleServerFactory -  Registering admin handler with root path prefix: /admin-ma 
INFO   [15:14:41.679] [main] o.e.j.s.SetUIDListener -  Opened MAdpApplication@4052274f{HTTP/1.1}{0.0.0.0:8070} 
INFO   [15:14:41.682] [main] o.e.j.s.Server -  jetty-9.2.11.v20150529 
INFO   [15:14:42.215] [main] i.d.j.DropwizardResourceConfig -  The following paths were found for the configured resources:

    POST    /mgmtAdapter (org.mars.m2m.managmentadapter.resources.MgmtAdptrInterface)
 
INFO   [15:14:42.218] [main] o.e.j.s.h.ContextHandler -  Started i.d.j.MutableServletContextHandler@3350ebdd{/ma,null,AVAILABLE} 
INFO   [15:14:42.223] [main] i.d.s.AdminEnvironment -  tasks = 

    POST    /tasks/log-level (io.dropwizard.servlets.tasks.LogConfigurationTask)
    POST    /tasks/gc (io.dropwizard.servlets.tasks.GarbageCollectionTask)
 
INFO   [15:14:42.227] [main] o.e.j.s.h.ContextHandler -  Started i.d.j.MutableServletContextHandler@b18c4{/admin-ma,null,AVAILABLE} 
INFO   [15:14:42.274] [main] o.e.j.s.ServerConnector -  Started MAdpApplication@4052274f{HTTP/1.1}{0.0.0.0:8070} 
INFO   [15:14:42.274] [main] o.e.j.s.Server -  Started @1921ms 
