2015-09-10 20:47:58 - file /uavObjectModel.json successfully loaded
2015-09-10 20:47:58 - Started execution in military uav run method
2015-09-10 20:47:58 - Error Loading bootstrap information. Registration failed
2015-09-10 20:47:58 - UAV manager started
2015-09-10 20:47:59 - Error Loading bootstrap information. Registration failed
2015-09-10 20:47:59 - Threat sensor started
2015-09-10 20:47:59 - Missile dispatcher started
2015-09-10 20:47:59 - Temperature sensor started
2015-09-10 20:47:59 - Error Loading bootstrap information. Registration failed
2015-09-10 20:47:59 - Altitude sensor started
2015-09-10 21:52:56 - file /uavObjectModel.json successfully loaded
2015-09-10 21:52:56 - Started execution in military uav run method
2015-09-10 21:52:56 - Error Loading bootstrap information. Registration failed
2015-09-10 21:52:56 - UAV manager started
2015-09-10 21:52:56 - Error Loading bootstrap information. Registration failed
2015-09-10 21:52:56 - Threat sensor started
2015-09-10 21:52:56 - Missile dispatcher started
2015-09-10 21:52:57 - Temperature sensor started
2015-09-10 21:52:57 - Error Loading bootstrap information. Registration failed
2015-09-10 21:52:57 - Altitude sensor started
