2015-08-13 14:24:17 - file /uavObjectModel.json successfully loaded
2015-08-13 14:24:17 - Started execution in military uav run method
2015-08-13 14:25:39 - file /uavObjectModel.json successfully loaded
2015-08-13 14:25:39 - Started execution in military uav run method
2015-08-13 14:25:39 - UAV manager started
2015-08-13 14:25:39 - Threat sensor started
2015-08-13 14:25:39 - Missile dispatcher started
2015-08-13 14:25:39 - Temperature sensor started
2015-08-13 14:25:39 - Altitude sensor started
2015-08-13 14:28:48 - file /uavObjectModel.json successfully loaded
2015-08-13 14:28:48 - Started execution in military uav run method
2015-08-13 14:28:49 - UAV manager started
2015-08-13 14:28:49 - Threat sensor started
2015-08-13 14:28:49 - Missile dispatcher started
2015-08-13 14:28:49 - Temperature sensor started
2015-08-13 14:28:49 - Altitude sensor started
2015-08-13 14:32:10 - file /uavObjectModel.json successfully loaded
2015-08-13 14:32:10 - Started execution in military uav run method
2015-08-13 14:32:10 - UAV manager started
2015-08-13 14:32:10 - Threat sensor started
2015-08-13 14:32:10 - Missile dispatcher started
2015-08-13 14:32:10 - Temperature sensor started
2015-08-13 14:32:10 - Altitude sensor started
2015-08-13 14:45:10 - file /uavObjectModel.json successfully loaded
2015-08-13 14:45:10 - Started execution in military uav run method
2015-08-13 14:45:11 - UAV manager started
2015-08-13 14:45:11 - Threat sensor started
2015-08-13 14:45:11 - Missile dispatcher started
2015-08-13 14:45:11 - Temperature sensor started
2015-08-13 14:45:11 - Altitude sensor started
2015-08-13 17:18:14 - file /uavObjectModel.json successfully loaded
2015-08-13 17:18:14 - Started execution in military uav run method
2015-08-13 17:19:00 - file /uavObjectModel.json successfully loaded
2015-08-13 17:19:00 - Started execution in military uav run method
2015-08-13 17:21:35 - file /uavObjectModel.json successfully loaded
2015-08-13 17:21:35 - Started execution in military uav run method
2015-08-13 17:24:04 - file /uavObjectModel.json successfully loaded
2015-08-13 17:24:04 - Started execution in military uav run method
2015-08-13 17:24:53 - file /uavObjectModel.json successfully loaded
2015-08-13 17:24:53 - Started execution in military uav run method
2015-08-13 17:27:35 - file /uavObjectModel.json successfully loaded
2015-08-13 17:27:35 - Started execution in military uav run method
2015-08-13 17:28:49 - file /uavObjectModel.json successfully loaded
2015-08-13 17:28:49 - Started execution in military uav run method
2015-08-13 17:29:38 - file /uavObjectModel.json successfully loaded
2015-08-13 17:29:38 - Started execution in military uav run method
2015-08-13 17:29:38 - UAV manager started
2015-08-13 17:29:38 - Threat sensor started
2015-08-13 17:29:38 - Missile dispatcher started
2015-08-13 17:29:38 - Temperature sensor started
2015-08-13 17:29:38 - Altitude sensor started
2015-08-13 17:29:59 - file /uavObjectModel.json successfully loaded
2015-08-13 17:29:59 - Started execution in military uav run method
2015-08-13 17:30:00 - UAV manager started
2015-08-13 17:30:00 - Threat sensor started
2015-08-13 17:30:00 - Missile dispatcher started
2015-08-13 17:30:00 - Temperature sensor started
2015-08-13 17:30:00 - Altitude sensor started
2015-08-13 17:32:51 - file /uavObjectModel.json successfully loaded
2015-08-13 17:32:51 - Started execution in military uav run method
2015-08-13 17:32:51 - UAV manager started
2015-08-13 17:32:51 - Threat sensor started
2015-08-13 17:32:51 - Missile dispatcher started
2015-08-13 17:32:51 - Temperature sensor started
2015-08-13 17:32:51 - Altitude sensor started
2015-08-13 17:32:57 - file /uavObjectModel.json successfully loaded
2015-08-13 17:32:57 - Started execution in military uav run method
2015-08-13 17:32:57 - UAV manager started
2015-08-13 17:32:57 - Threat sensor started
2015-08-13 17:32:57 - Missile dispatcher started
2015-08-13 17:32:57 - Temperature sensor started
2015-08-13 17:32:57 - Altitude sensor started
