2015-08-16 07:14:29 - file /uavObjectModel.json successfully loaded
2015-08-16 07:14:29 - Started execution in military uav run method
2015-08-16 07:14:30 - UAV manager started
2015-08-16 07:14:30 - Threat sensor started
2015-08-16 07:14:30 - Missile dispatcher started
2015-08-16 07:14:30 - Temperature sensor started
2015-08-16 07:14:30 - Altitude sensor started
2015-08-17 13:51:47 - file /uavObjectModel.json successfully loaded
2015-08-17 13:51:47 - Started execution in military uav run method
2015-08-17 13:51:48 - UAV manager started
2015-08-17 13:51:48 - Threat sensor started
2015-08-17 13:51:48 - Missile dispatcher started
2015-08-17 13:51:48 - Temperature sensor started
2015-08-17 13:51:48 - Altitude sensor started
2015-08-17 15:14:25 - file /uavObjectModel.json successfully loaded
2015-08-17 15:14:25 - Started execution in military uav run method
2015-08-17 15:14:25 - UAV manager started
2015-08-17 15:14:25 - Threat sensor started
2015-08-17 15:14:26 - Missile dispatcher started
2015-08-17 15:14:26 - Temperature sensor started
2015-08-17 15:14:26 - Altitude sensor started
2015-08-17 15:22:40 - file /uavObjectModel.json successfully loaded
2015-08-17 15:22:40 - Started execution in military uav run method
2015-08-17 15:22:41 - UAV manager started
2015-08-17 15:22:41 - Threat sensor started
2015-08-17 15:22:41 - Missile dispatcher started
2015-08-17 15:22:41 - Temperature sensor started
2015-08-17 15:22:41 - Altitude sensor started
2015-08-17 15:46:20 - file /uavObjectModel.json successfully loaded
2015-08-17 15:46:20 - Started execution in military uav run method
2015-08-17 15:46:20 - UAV manager started
2015-08-17 15:46:20 - Threat sensor started
2015-08-17 15:46:20 - Missile dispatcher started
2015-08-17 15:46:20 - Temperature sensor started
2015-08-17 15:46:20 - Altitude sensor started
2015-08-17 15:47:50 - file /uavObjectModel.json successfully loaded
2015-08-17 15:47:50 - Started execution in military uav run method
2015-08-17 15:47:50 - UAV manager started
2015-08-17 15:47:50 - Threat sensor started
2015-08-17 15:47:50 - Missile dispatcher started
2015-08-17 15:47:50 - Temperature sensor started
2015-08-17 15:47:50 - Altitude sensor started
2015-08-17 18:09:39 - file /uavObjectModel.json successfully loaded
2015-08-17 18:09:39 - Started execution in military uav run method
2015-08-17 18:09:39 - UAV manager started
2015-08-17 18:09:39 - Threat sensor started
2015-08-17 18:09:39 - Missile dispatcher started
2015-08-17 18:09:39 - Temperature sensor started
2015-08-17 18:09:39 - Altitude sensor started
