2015-07-16 00:56:36 - Exception while handling a request on the /rd resource
java.lang.IllegalArgumentException: Invalid value type, expected FLOAT, got INTEGER
	at org.eclipse.leshan.core.node.codec.LwM2mNodeEncoder.convertValue(LwM2mNodeEncoder.java:333) ~[leshan-all-0.1.11-M4.jar:na]
	at org.eclipse.leshan.core.node.codec.LwM2mNodeEncoder.access$400(LwM2mNodeEncoder.java:45) ~[leshan-all-0.1.11-M4.jar:na]
	at org.eclipse.leshan.core.node.codec.LwM2mNodeEncoder$NodeTlvEncoder.visit(LwM2mNodeEncoder.java:136) ~[leshan-all-0.1.11-M4.jar:na]
	at org.eclipse.leshan.core.node.LwM2mResource.accept(LwM2mResource.java:58) ~[leshan-all-0.1.11-M4.jar:na]
	at org.eclipse.leshan.core.node.codec.LwM2mNodeEncoder$NodeTlvEncoder.visit(LwM2mNodeEncoder.java:116) ~[leshan-all-0.1.11-M4.jar:na]
	at org.eclipse.leshan.core.node.LwM2mObjectInstance.accept(LwM2mObjectInstance.java:45) ~[leshan-all-0.1.11-M4.jar:na]
	at org.eclipse.leshan.core.node.codec.LwM2mNodeEncoder.encode(LwM2mNodeEncoder.java:70) ~[leshan-all-0.1.11-M4.jar:na]
	at org.eclipse.leshan.client.californium.impl.ObjectResource.handleGET(ObjectResource.java:123) ~[leshan-all-0.1.11-M4.jar:na]
	at org.eclipse.californium.core.CoapResource.handleRequest(CoapResource.java:206) ~[californium-core-1.0.0-M3.jar:na]
	at org.eclipse.leshan.client.californium.impl.ObjectResource.handleRequest(ObjectResource.java:81) ~[leshan-all-0.1.11-M4.jar:na]
	at org.eclipse.californium.core.server.ServerMessageDeliverer.deliverRequest(ServerMessageDeliverer.java:81) [californium-core-1.0.0-M3.jar:na]
	at org.eclipse.californium.core.network.stack.CoapStack$StackTopAdapter.receiveRequest(CoapStack.java:180) [californium-core-1.0.0-M3.jar:na]
	at org.eclipse.californium.core.network.stack.AbstractLayer.receiveRequest(AbstractLayer.java:88) [californium-core-1.0.0-M3.jar:na]
	at org.eclipse.californium.core.network.stack.AbstractLayer.receiveRequest(AbstractLayer.java:88) [californium-core-1.0.0-M3.jar:na]
	at org.eclipse.californium.core.network.stack.BlockwiseLayer.receiveRequest(BlockwiseLayer.java:242) [californium-core-1.0.0-M3.jar:na]
	at org.eclipse.californium.core.network.stack.AbstractLayer.receiveRequest(AbstractLayer.java:88) [californium-core-1.0.0-M3.jar:na]
	at org.eclipse.californium.core.network.stack.TokenLayer.receiveRequest(TokenLayer.java:72) [californium-core-1.0.0-M3.jar:na]
	at org.eclipse.californium.core.network.stack.AbstractLayer.receiveRequest(AbstractLayer.java:88) [californium-core-1.0.0-M3.jar:na]
	at org.eclipse.californium.core.network.stack.ReliabilityLayer.receiveRequest(ReliabilityLayer.java:221) [californium-core-1.0.0-M3.jar:na]
	at org.eclipse.californium.core.network.stack.AbstractLayer.receiveRequest(AbstractLayer.java:88) [californium-core-1.0.0-M3.jar:na]
	at org.eclipse.californium.core.network.stack.CoapStack.receiveRequest(CoapStack.java:133) [californium-core-1.0.0-M3.jar:na]
	at org.eclipse.californium.core.network.CoAPEndpoint$InboxImpl.receiveMessage(CoAPEndpoint.java:594) [californium-core-1.0.0-M3.jar:na]
	at org.eclipse.californium.core.network.CoAPEndpoint$InboxImpl.access$700(CoAPEndpoint.java:530) [californium-core-1.0.0-M3.jar:na]
	at org.eclipse.californium.core.network.CoAPEndpoint$InboxImpl$1.run(CoAPEndpoint.java:542) [californium-core-1.0.0-M3.jar:na]
	at org.eclipse.californium.core.network.CoAPEndpoint$5.run(CoAPEndpoint.java:678) [californium-core-1.0.0-M3.jar:na]
	at java.util.concurrent.Executors$RunnableAdapter.call(Executors.java:511) [na:1.8.0_45]
	at java.util.concurrent.FutureTask.run(FutureTask.java:266) [na:1.8.0_45]
	at java.util.concurrent.ScheduledThreadPoolExecutor$ScheduledFutureTask.access$201(ScheduledThreadPoolExecutor.java:180) [na:1.8.0_45]
	at java.util.concurrent.ScheduledThreadPoolExecutor$ScheduledFutureTask.run(ScheduledThreadPoolExecutor.java:293) [na:1.8.0_45]
	at java.util.concurrent.ThreadPoolExecutor.runWorker(ThreadPoolExecutor.java:1142) [na:1.8.0_45]
	at java.util.concurrent.ThreadPoolExecutor$Worker.run(ThreadPoolExecutor.java:617) [na:1.8.0_45]
	at java.lang.Thread.run(Thread.java:745) [na:1.8.0_45]
2015-07-16 00:59:53 - Exception while handling a request on the /rd resource
java.lang.IllegalArgumentException: Invalid value type, expected FLOAT, got INTEGER
	at org.eclipse.leshan.core.node.codec.LwM2mNodeEncoder.convertValue(LwM2mNodeEncoder.java:333) ~[leshan-all-0.1.11-M4.jar:na]
	at org.eclipse.leshan.core.node.codec.LwM2mNodeEncoder.access$400(LwM2mNodeEncoder.java:45) ~[leshan-all-0.1.11-M4.jar:na]
	at org.eclipse.leshan.core.node.codec.LwM2mNodeEncoder$NodeTlvEncoder.visit(LwM2mNodeEncoder.java:136) ~[leshan-all-0.1.11-M4.jar:na]
	at org.eclipse.leshan.core.node.LwM2mResource.accept(LwM2mResource.java:58) ~[leshan-all-0.1.11-M4.jar:na]
	at org.eclipse.leshan.core.node.codec.LwM2mNodeEncoder$NodeTlvEncoder.visit(LwM2mNodeEncoder.java:116) ~[leshan-all-0.1.11-M4.jar:na]
	at org.eclipse.leshan.core.node.LwM2mObjectInstance.accept(LwM2mObjectInstance.java:45) ~[leshan-all-0.1.11-M4.jar:na]
	at org.eclipse.leshan.core.node.codec.LwM2mNodeEncoder.encode(LwM2mNodeEncoder.java:70) ~[leshan-all-0.1.11-M4.jar:na]
	at org.eclipse.leshan.client.californium.impl.ObjectResource.handleGET(ObjectResource.java:123) ~[leshan-all-0.1.11-M4.jar:na]
	at org.eclipse.californium.core.CoapResource.handleRequest(CoapResource.java:206) ~[californium-core-1.0.0-M3.jar:na]
	at org.eclipse.leshan.client.californium.impl.ObjectResource.handleRequest(ObjectResource.java:81) ~[leshan-all-0.1.11-M4.jar:na]
	at org.eclipse.californium.core.server.ServerMessageDeliverer.deliverRequest(ServerMessageDeliverer.java:81) [californium-core-1.0.0-M3.jar:na]
	at org.eclipse.californium.core.network.stack.CoapStack$StackTopAdapter.receiveRequest(CoapStack.java:180) [californium-core-1.0.0-M3.jar:na]
	at org.eclipse.californium.core.network.stack.AbstractLayer.receiveRequest(AbstractLayer.java:88) [californium-core-1.0.0-M3.jar:na]
	at org.eclipse.californium.core.network.stack.AbstractLayer.receiveRequest(AbstractLayer.java:88) [californium-core-1.0.0-M3.jar:na]
	at org.eclipse.californium.core.network.stack.BlockwiseLayer.receiveRequest(BlockwiseLayer.java:242) [californium-core-1.0.0-M3.jar:na]
	at org.eclipse.californium.core.network.stack.AbstractLayer.receiveRequest(AbstractLayer.java:88) [californium-core-1.0.0-M3.jar:na]
	at org.eclipse.californium.core.network.stack.TokenLayer.receiveRequest(TokenLayer.java:72) [californium-core-1.0.0-M3.jar:na]
	at org.eclipse.californium.core.network.stack.AbstractLayer.receiveRequest(AbstractLayer.java:88) [californium-core-1.0.0-M3.jar:na]
	at org.eclipse.californium.core.network.stack.ReliabilityLayer.receiveRequest(ReliabilityLayer.java:221) [californium-core-1.0.0-M3.jar:na]
	at org.eclipse.californium.core.network.stack.AbstractLayer.receiveRequest(AbstractLayer.java:88) [californium-core-1.0.0-M3.jar:na]
	at org.eclipse.californium.core.network.stack.CoapStack.receiveRequest(CoapStack.java:133) [californium-core-1.0.0-M3.jar:na]
	at org.eclipse.californium.core.network.CoAPEndpoint$InboxImpl.receiveMessage(CoAPEndpoint.java:594) [californium-core-1.0.0-M3.jar:na]
	at org.eclipse.californium.core.network.CoAPEndpoint$InboxImpl.access$700(CoAPEndpoint.java:530) [californium-core-1.0.0-M3.jar:na]
	at org.eclipse.californium.core.network.CoAPEndpoint$InboxImpl$1.run(CoAPEndpoint.java:542) [californium-core-1.0.0-M3.jar:na]
	at org.eclipse.californium.core.network.CoAPEndpoint$5.run(CoAPEndpoint.java:678) [californium-core-1.0.0-M3.jar:na]
	at java.util.concurrent.Executors$RunnableAdapter.call(Executors.java:511) [na:1.8.0_45]
	at java.util.concurrent.FutureTask.run(FutureTask.java:266) [na:1.8.0_45]
	at java.util.concurrent.ScheduledThreadPoolExecutor$ScheduledFutureTask.access$201(ScheduledThreadPoolExecutor.java:180) [na:1.8.0_45]
	at java.util.concurrent.ScheduledThreadPoolExecutor$ScheduledFutureTask.run(ScheduledThreadPoolExecutor.java:293) [na:1.8.0_45]
	at java.util.concurrent.ThreadPoolExecutor.runWorker(ThreadPoolExecutor.java:1142) [na:1.8.0_45]
	at java.util.concurrent.ThreadPoolExecutor$Worker.run(ThreadPoolExecutor.java:617) [na:1.8.0_45]
	at java.lang.Thread.run(Thread.java:745) [na:1.8.0_45]
2015-07-16 01:08:03 - Exception while handling a request on the /rd resource
java.lang.IllegalArgumentException: Invalid value type, expected FLOAT, got INTEGER
	at org.eclipse.leshan.core.node.codec.LwM2mNodeEncoder.convertValue(LwM2mNodeEncoder.java:333) ~[leshan-all-0.1.11-M4.jar:na]
	at org.eclipse.leshan.core.node.codec.LwM2mNodeEncoder.access$400(LwM2mNodeEncoder.java:45) ~[leshan-all-0.1.11-M4.jar:na]
	at org.eclipse.leshan.core.node.codec.LwM2mNodeEncoder$NodeTlvEncoder.visit(LwM2mNodeEncoder.java:136) ~[leshan-all-0.1.11-M4.jar:na]
	at org.eclipse.leshan.core.node.LwM2mResource.accept(LwM2mResource.java:58) ~[leshan-all-0.1.11-M4.jar:na]
	at org.eclipse.leshan.core.node.codec.LwM2mNodeEncoder$NodeTlvEncoder.visit(LwM2mNodeEncoder.java:116) ~[leshan-all-0.1.11-M4.jar:na]
	at org.eclipse.leshan.core.node.LwM2mObjectInstance.accept(LwM2mObjectInstance.java:45) ~[leshan-all-0.1.11-M4.jar:na]
	at org.eclipse.leshan.core.node.codec.LwM2mNodeEncoder.encode(LwM2mNodeEncoder.java:70) ~[leshan-all-0.1.11-M4.jar:na]
	at org.eclipse.leshan.client.californium.impl.ObjectResource.handleGET(ObjectResource.java:123) ~[leshan-all-0.1.11-M4.jar:na]
	at org.eclipse.californium.core.CoapResource.handleRequest(CoapResource.java:206) ~[californium-core-1.0.0-M3.jar:na]
	at org.eclipse.leshan.client.californium.impl.ObjectResource.handleRequest(ObjectResource.java:81) ~[leshan-all-0.1.11-M4.jar:na]
	at org.eclipse.californium.core.server.ServerMessageDeliverer.deliverRequest(ServerMessageDeliverer.java:81) [californium-core-1.0.0-M3.jar:na]
	at org.eclipse.californium.core.network.stack.CoapStack$StackTopAdapter.receiveRequest(CoapStack.java:180) [californium-core-1.0.0-M3.jar:na]
	at org.eclipse.californium.core.network.stack.AbstractLayer.receiveRequest(AbstractLayer.java:88) [californium-core-1.0.0-M3.jar:na]
	at org.eclipse.californium.core.network.stack.AbstractLayer.receiveRequest(AbstractLayer.java:88) [californium-core-1.0.0-M3.jar:na]
	at org.eclipse.californium.core.network.stack.BlockwiseLayer.receiveRequest(BlockwiseLayer.java:242) [californium-core-1.0.0-M3.jar:na]
	at org.eclipse.californium.core.network.stack.AbstractLayer.receiveRequest(AbstractLayer.java:88) [californium-core-1.0.0-M3.jar:na]
	at org.eclipse.californium.core.network.stack.TokenLayer.receiveRequest(TokenLayer.java:72) [californium-core-1.0.0-M3.jar:na]
	at org.eclipse.californium.core.network.stack.AbstractLayer.receiveRequest(AbstractLayer.java:88) [californium-core-1.0.0-M3.jar:na]
	at org.eclipse.californium.core.network.stack.ReliabilityLayer.receiveRequest(ReliabilityLayer.java:221) [californium-core-1.0.0-M3.jar:na]
	at org.eclipse.californium.core.network.stack.AbstractLayer.receiveRequest(AbstractLayer.java:88) [californium-core-1.0.0-M3.jar:na]
	at org.eclipse.californium.core.network.stack.CoapStack.receiveRequest(CoapStack.java:133) [californium-core-1.0.0-M3.jar:na]
	at org.eclipse.californium.core.network.CoAPEndpoint$InboxImpl.receiveMessage(CoAPEndpoint.java:594) [californium-core-1.0.0-M3.jar:na]
	at org.eclipse.californium.core.network.CoAPEndpoint$InboxImpl.access$700(CoAPEndpoint.java:530) [californium-core-1.0.0-M3.jar:na]
	at org.eclipse.californium.core.network.CoAPEndpoint$InboxImpl$1.run(CoAPEndpoint.java:542) [californium-core-1.0.0-M3.jar:na]
	at org.eclipse.californium.core.network.CoAPEndpoint$5.run(CoAPEndpoint.java:678) [californium-core-1.0.0-M3.jar:na]
	at java.util.concurrent.Executors$RunnableAdapter.call(Executors.java:511) [na:1.8.0_45]
	at java.util.concurrent.FutureTask.run(FutureTask.java:266) [na:1.8.0_45]
	at java.util.concurrent.ScheduledThreadPoolExecutor$ScheduledFutureTask.access$201(ScheduledThreadPoolExecutor.java:180) [na:1.8.0_45]
	at java.util.concurrent.ScheduledThreadPoolExecutor$ScheduledFutureTask.run(ScheduledThreadPoolExecutor.java:293) [na:1.8.0_45]
	at java.util.concurrent.ThreadPoolExecutor.runWorker(ThreadPoolExecutor.java:1142) [na:1.8.0_45]
	at java.util.concurrent.ThreadPoolExecutor$Worker.run(ThreadPoolExecutor.java:617) [na:1.8.0_45]
	at java.lang.Thread.run(Thread.java:745) [na:1.8.0_45]
2015-07-16 01:17:31 - Exception while handling a request on the /rd resource
java.lang.IllegalArgumentException: Invalid value type, expected FLOAT, got INTEGER
	at org.eclipse.leshan.core.node.codec.LwM2mNodeEncoder.convertValue(LwM2mNodeEncoder.java:333) ~[leshan-all-0.1.11-M4.jar:na]
	at org.eclipse.leshan.core.node.codec.LwM2mNodeEncoder.access$400(LwM2mNodeEncoder.java:45) ~[leshan-all-0.1.11-M4.jar:na]
	at org.eclipse.leshan.core.node.codec.LwM2mNodeEncoder$NodeTlvEncoder.visit(LwM2mNodeEncoder.java:136) ~[leshan-all-0.1.11-M4.jar:na]
	at org.eclipse.leshan.core.node.LwM2mResource.accept(LwM2mResource.java:58) ~[leshan-all-0.1.11-M4.jar:na]
	at org.eclipse.leshan.core.node.codec.LwM2mNodeEncoder$NodeTlvEncoder.visit(LwM2mNodeEncoder.java:116) ~[leshan-all-0.1.11-M4.jar:na]
	at org.eclipse.leshan.core.node.LwM2mObjectInstance.accept(LwM2mObjectInstance.java:45) ~[leshan-all-0.1.11-M4.jar:na]
	at org.eclipse.leshan.core.node.codec.LwM2mNodeEncoder.encode(LwM2mNodeEncoder.java:70) ~[leshan-all-0.1.11-M4.jar:na]
	at org.eclipse.leshan.client.californium.impl.ObjectResource.handleGET(ObjectResource.java:123) ~[leshan-all-0.1.11-M4.jar:na]
	at org.eclipse.californium.core.CoapResource.handleRequest(CoapResource.java:206) ~[californium-core-1.0.0-M3.jar:na]
	at org.eclipse.leshan.client.californium.impl.ObjectResource.handleRequest(ObjectResource.java:81) ~[leshan-all-0.1.11-M4.jar:na]
	at org.eclipse.californium.core.server.ServerMessageDeliverer.deliverRequest(ServerMessageDeliverer.java:81) [californium-core-1.0.0-M3.jar:na]
	at org.eclipse.californium.core.network.stack.CoapStack$StackTopAdapter.receiveRequest(CoapStack.java:180) [californium-core-1.0.0-M3.jar:na]
	at org.eclipse.californium.core.network.stack.AbstractLayer.receiveRequest(AbstractLayer.java:88) [californium-core-1.0.0-M3.jar:na]
	at org.eclipse.californium.core.network.stack.AbstractLayer.receiveRequest(AbstractLayer.java:88) [californium-core-1.0.0-M3.jar:na]
	at org.eclipse.californium.core.network.stack.BlockwiseLayer.receiveRequest(BlockwiseLayer.java:242) [californium-core-1.0.0-M3.jar:na]
	at org.eclipse.californium.core.network.stack.AbstractLayer.receiveRequest(AbstractLayer.java:88) [californium-core-1.0.0-M3.jar:na]
	at org.eclipse.californium.core.network.stack.TokenLayer.receiveRequest(TokenLayer.java:72) [californium-core-1.0.0-M3.jar:na]
	at org.eclipse.californium.core.network.stack.AbstractLayer.receiveRequest(AbstractLayer.java:88) [californium-core-1.0.0-M3.jar:na]
	at org.eclipse.californium.core.network.stack.ReliabilityLayer.receiveRequest(ReliabilityLayer.java:221) [californium-core-1.0.0-M3.jar:na]
	at org.eclipse.californium.core.network.stack.AbstractLayer.receiveRequest(AbstractLayer.java:88) [californium-core-1.0.0-M3.jar:na]
	at org.eclipse.californium.core.network.stack.CoapStack.receiveRequest(CoapStack.java:133) [californium-core-1.0.0-M3.jar:na]
	at org.eclipse.californium.core.network.CoAPEndpoint$InboxImpl.receiveMessage(CoAPEndpoint.java:594) [californium-core-1.0.0-M3.jar:na]
	at org.eclipse.californium.core.network.CoAPEndpoint$InboxImpl.access$700(CoAPEndpoint.java:530) [californium-core-1.0.0-M3.jar:na]
	at org.eclipse.californium.core.network.CoAPEndpoint$InboxImpl$1.run(CoAPEndpoint.java:542) [californium-core-1.0.0-M3.jar:na]
	at org.eclipse.californium.core.network.CoAPEndpoint$5.run(CoAPEndpoint.java:678) [californium-core-1.0.0-M3.jar:na]
	at java.util.concurrent.Executors$RunnableAdapter.call(Executors.java:511) [na:1.8.0_45]
	at java.util.concurrent.FutureTask.run(FutureTask.java:266) [na:1.8.0_45]
	at java.util.concurrent.ScheduledThreadPoolExecutor$ScheduledFutureTask.access$201(ScheduledThreadPoolExecutor.java:180) [na:1.8.0_45]
	at java.util.concurrent.ScheduledThreadPoolExecutor$ScheduledFutureTask.run(ScheduledThreadPoolExecutor.java:293) [na:1.8.0_45]
	at java.util.concurrent.ThreadPoolExecutor.runWorker(ThreadPoolExecutor.java:1142) [na:1.8.0_45]
	at java.util.concurrent.ThreadPoolExecutor$Worker.run(ThreadPoolExecutor.java:617) [na:1.8.0_45]
	at java.lang.Thread.run(Thread.java:745) [na:1.8.0_45]
2015-07-16 01:21:13 - Exception while handling a request on the /rd resource
java.lang.IllegalArgumentException: Invalid value type, expected FLOAT, got INTEGER
	at org.eclipse.leshan.core.node.codec.LwM2mNodeEncoder.convertValue(LwM2mNodeEncoder.java:333) ~[leshan-all-0.1.11-M4.jar:na]
	at org.eclipse.leshan.core.node.codec.LwM2mNodeEncoder.access$400(LwM2mNodeEncoder.java:45) ~[leshan-all-0.1.11-M4.jar:na]
	at org.eclipse.leshan.core.node.codec.LwM2mNodeEncoder$NodeTlvEncoder.visit(LwM2mNodeEncoder.java:136) ~[leshan-all-0.1.11-M4.jar:na]
	at org.eclipse.leshan.core.node.LwM2mResource.accept(LwM2mResource.java:58) ~[leshan-all-0.1.11-M4.jar:na]
	at org.eclipse.leshan.core.node.codec.LwM2mNodeEncoder$NodeTlvEncoder.visit(LwM2mNodeEncoder.java:116) ~[leshan-all-0.1.11-M4.jar:na]
	at org.eclipse.leshan.core.node.LwM2mObjectInstance.accept(LwM2mObjectInstance.java:45) ~[leshan-all-0.1.11-M4.jar:na]
	at org.eclipse.leshan.core.node.codec.LwM2mNodeEncoder.encode(LwM2mNodeEncoder.java:70) ~[leshan-all-0.1.11-M4.jar:na]
	at org.eclipse.leshan.client.californium.impl.ObjectResource.handleGET(ObjectResource.java:123) ~[leshan-all-0.1.11-M4.jar:na]
	at org.eclipse.californium.core.CoapResource.handleRequest(CoapResource.java:206) ~[californium-core-1.0.0-M3.jar:na]
	at org.eclipse.leshan.client.californium.impl.ObjectResource.handleRequest(ObjectResource.java:81) ~[leshan-all-0.1.11-M4.jar:na]
	at org.eclipse.californium.core.server.ServerMessageDeliverer.deliverRequest(ServerMessageDeliverer.java:81) [californium-core-1.0.0-M3.jar:na]
	at org.eclipse.californium.core.network.stack.CoapStack$StackTopAdapter.receiveRequest(CoapStack.java:180) [californium-core-1.0.0-M3.jar:na]
	at org.eclipse.californium.core.network.stack.AbstractLayer.receiveRequest(AbstractLayer.java:88) [californium-core-1.0.0-M3.jar:na]
	at org.eclipse.californium.core.network.stack.AbstractLayer.receiveRequest(AbstractLayer.java:88) [californium-core-1.0.0-M3.jar:na]
	at org.eclipse.californium.core.network.stack.BlockwiseLayer.receiveRequest(BlockwiseLayer.java:242) [californium-core-1.0.0-M3.jar:na]
	at org.eclipse.californium.core.network.stack.AbstractLayer.receiveRequest(AbstractLayer.java:88) [californium-core-1.0.0-M3.jar:na]
	at org.eclipse.californium.core.network.stack.TokenLayer.receiveRequest(TokenLayer.java:72) [californium-core-1.0.0-M3.jar:na]
	at org.eclipse.californium.core.network.stack.AbstractLayer.receiveRequest(AbstractLayer.java:88) [californium-core-1.0.0-M3.jar:na]
	at org.eclipse.californium.core.network.stack.ReliabilityLayer.receiveRequest(ReliabilityLayer.java:221) [californium-core-1.0.0-M3.jar:na]
	at org.eclipse.californium.core.network.stack.AbstractLayer.receiveRequest(AbstractLayer.java:88) [californium-core-1.0.0-M3.jar:na]
	at org.eclipse.californium.core.network.stack.CoapStack.receiveRequest(CoapStack.java:133) [californium-core-1.0.0-M3.jar:na]
	at org.eclipse.californium.core.network.CoAPEndpoint$InboxImpl.receiveMessage(CoAPEndpoint.java:594) [californium-core-1.0.0-M3.jar:na]
	at org.eclipse.californium.core.network.CoAPEndpoint$InboxImpl.access$700(CoAPEndpoint.java:530) [californium-core-1.0.0-M3.jar:na]
	at org.eclipse.californium.core.network.CoAPEndpoint$InboxImpl$1.run(CoAPEndpoint.java:542) [californium-core-1.0.0-M3.jar:na]
	at org.eclipse.californium.core.network.CoAPEndpoint$5.run(CoAPEndpoint.java:678) [californium-core-1.0.0-M3.jar:na]
	at java.util.concurrent.Executors$RunnableAdapter.call(Executors.java:511) [na:1.8.0_45]
	at java.util.concurrent.FutureTask.run(FutureTask.java:266) [na:1.8.0_45]
	at java.util.concurrent.ScheduledThreadPoolExecutor$ScheduledFutureTask.access$201(ScheduledThreadPoolExecutor.java:180) [na:1.8.0_45]
	at java.util.concurrent.ScheduledThreadPoolExecutor$ScheduledFutureTask.run(ScheduledThreadPoolExecutor.java:293) [na:1.8.0_45]
	at java.util.concurrent.ThreadPoolExecutor.runWorker(ThreadPoolExecutor.java:1142) [na:1.8.0_45]
	at java.util.concurrent.ThreadPoolExecutor$Worker.run(ThreadPoolExecutor.java:617) [na:1.8.0_45]
	at java.lang.Thread.run(Thread.java:745) [na:1.8.0_45]
2015-07-16 02:00:23 - Exception while handling a request on the /rd resource
java.lang.IllegalArgumentException: Invalid value type, expected FLOAT, got INTEGER
	at org.eclipse.leshan.core.node.codec.LwM2mNodeEncoder.convertValue(LwM2mNodeEncoder.java:333) ~[leshan-all-0.1.11-M4.jar:na]
	at org.eclipse.leshan.core.node.codec.LwM2mNodeEncoder.access$400(LwM2mNodeEncoder.java:45) ~[leshan-all-0.1.11-M4.jar:na]
	at org.eclipse.leshan.core.node.codec.LwM2mNodeEncoder$NodeTlvEncoder.visit(LwM2mNodeEncoder.java:136) ~[leshan-all-0.1.11-M4.jar:na]
	at org.eclipse.leshan.core.node.LwM2mResource.accept(LwM2mResource.java:58) ~[leshan-all-0.1.11-M4.jar:na]
	at org.eclipse.leshan.core.node.codec.LwM2mNodeEncoder$NodeTlvEncoder.visit(LwM2mNodeEncoder.java:116) ~[leshan-all-0.1.11-M4.jar:na]
	at org.eclipse.leshan.core.node.LwM2mObjectInstance.accept(LwM2mObjectInstance.java:45) ~[leshan-all-0.1.11-M4.jar:na]
	at org.eclipse.leshan.core.node.codec.LwM2mNodeEncoder.encode(LwM2mNodeEncoder.java:70) ~[leshan-all-0.1.11-M4.jar:na]
	at org.eclipse.leshan.client.californium.impl.ObjectResource.handleGET(ObjectResource.java:123) ~[leshan-all-0.1.11-M4.jar:na]
	at org.eclipse.californium.core.CoapResource.handleRequest(CoapResource.java:206) ~[californium-core-1.0.0-M3.jar:na]
	at org.eclipse.leshan.client.californium.impl.ObjectResource.handleRequest(ObjectResource.java:81) ~[leshan-all-0.1.11-M4.jar:na]
	at org.eclipse.californium.core.server.ServerMessageDeliverer.deliverRequest(ServerMessageDeliverer.java:81) [californium-core-1.0.0-M3.jar:na]
	at org.eclipse.californium.core.network.stack.CoapStack$StackTopAdapter.receiveRequest(CoapStack.java:180) [californium-core-1.0.0-M3.jar:na]
	at org.eclipse.californium.core.network.stack.AbstractLayer.receiveRequest(AbstractLayer.java:88) [californium-core-1.0.0-M3.jar:na]
	at org.eclipse.californium.core.network.stack.AbstractLayer.receiveRequest(AbstractLayer.java:88) [californium-core-1.0.0-M3.jar:na]
	at org.eclipse.californium.core.network.stack.BlockwiseLayer.receiveRequest(BlockwiseLayer.java:242) [californium-core-1.0.0-M3.jar:na]
	at org.eclipse.californium.core.network.stack.AbstractLayer.receiveRequest(AbstractLayer.java:88) [californium-core-1.0.0-M3.jar:na]
	at org.eclipse.californium.core.network.stack.TokenLayer.receiveRequest(TokenLayer.java:72) [californium-core-1.0.0-M3.jar:na]
	at org.eclipse.californium.core.network.stack.AbstractLayer.receiveRequest(AbstractLayer.java:88) [californium-core-1.0.0-M3.jar:na]
	at org.eclipse.californium.core.network.stack.ReliabilityLayer.receiveRequest(ReliabilityLayer.java:221) [californium-core-1.0.0-M3.jar:na]
	at org.eclipse.californium.core.network.stack.AbstractLayer.receiveRequest(AbstractLayer.java:88) [californium-core-1.0.0-M3.jar:na]
	at org.eclipse.californium.core.network.stack.CoapStack.receiveRequest(CoapStack.java:133) [californium-core-1.0.0-M3.jar:na]
	at org.eclipse.californium.core.network.CoAPEndpoint$InboxImpl.receiveMessage(CoAPEndpoint.java:594) [californium-core-1.0.0-M3.jar:na]
	at org.eclipse.californium.core.network.CoAPEndpoint$InboxImpl.access$700(CoAPEndpoint.java:530) [californium-core-1.0.0-M3.jar:na]
	at org.eclipse.californium.core.network.CoAPEndpoint$InboxImpl$1.run(CoAPEndpoint.java:542) [californium-core-1.0.0-M3.jar:na]
	at org.eclipse.californium.core.network.CoAPEndpoint$5.run(CoAPEndpoint.java:678) [californium-core-1.0.0-M3.jar:na]
	at java.util.concurrent.Executors$RunnableAdapter.call(Executors.java:511) [na:1.8.0_45]
	at java.util.concurrent.FutureTask.run(FutureTask.java:266) [na:1.8.0_45]
	at java.util.concurrent.ScheduledThreadPoolExecutor$ScheduledFutureTask.access$201(ScheduledThreadPoolExecutor.java:180) [na:1.8.0_45]
	at java.util.concurrent.ScheduledThreadPoolExecutor$ScheduledFutureTask.run(ScheduledThreadPoolExecutor.java:293) [na:1.8.0_45]
	at java.util.concurrent.ThreadPoolExecutor.runWorker(ThreadPoolExecutor.java:1142) [na:1.8.0_45]
	at java.util.concurrent.ThreadPoolExecutor$Worker.run(ThreadPoolExecutor.java:617) [na:1.8.0_45]
	at java.lang.Thread.run(Thread.java:745) [na:1.8.0_45]
