INFO   [10:32:41.752] [main] o.e.j.u.log -  Logging initialized @1327ms 
ERROR  [10:32:42.535] [main] c.h.h.j.r.m.i.RDFDefaultErrorHandler -  unknown-source: {E213} null 
INFO   [10:32:42.548] [main] i.d.s.ServerFactory -  Starting ControlCenterApplication 
INFO   [10:32:42.559] [main] i.d.s.SimpleServerFactory -  Registering jersey handler with root path prefix: /cc 
INFO   [10:32:42.581] [main] i.d.s.SimpleServerFactory -  Registering admin handler with root path prefix: /admin-cc 
INFO   [10:32:42.630] [main] o.e.j.s.SetUIDListener -  Opened ControlCenterApplication@7bef452c{HTTP/1.1}{0.0.0.0:8170} 
INFO   [10:32:42.634] [main] o.e.j.s.Server -  jetty-9.2.11.v20150529 
INFO   [10:32:43.168] [main] i.d.j.DropwizardResourceConfig -  The following paths were found for the configured resources:

    POST    /notification (org.mars.m2m.demo.controlcenter.resources.ControlCenterInterface)
    POST    /reportConnectedDevice (org.mars.m2m.demo.controlcenter.resources.ControlCenterInterface)
 
INFO   [10:32:43.171] [main] o.e.j.s.h.ContextHandler -  Started i.d.j.MutableServletContextHandler@6c3659be{/cc,null,AVAILABLE} 
INFO   [10:32:43.176] [main] i.d.s.AdminEnvironment -  tasks = 

    POST    /tasks/log-level (io.dropwizard.servlets.tasks.LogConfigurationTask)
    POST    /tasks/gc (io.dropwizard.servlets.tasks.GarbageCollectionTask)
 
INFO   [10:32:43.181] [main] o.e.j.s.h.ContextHandler -  Started i.d.j.MutableServletContextHandler@12e0f1cb{/admin-cc,null,AVAILABLE} 
INFO   [10:32:43.221] [main] o.e.j.s.ServerConnector -  Started ControlCenterApplication@7bef452c{HTTP/1.1}{0.0.0.0:8170} 
INFO   [10:32:43.221] [main] o.e.j.s.Server -  Started @2799ms 
INFO   [10:43:39.591] [Thread-12] o.e.j.s.ServerConnector -  Stopped ControlCenterApplication@7bef452c{HTTP/1.1}{0.0.0.0:8170} 
INFO   [10:43:39.594] [Thread-12] o.e.j.s.h.ContextHandler -  Stopped i.d.j.MutableServletContextHandler@12e0f1cb{/admin-cc,null,UNAVAILABLE} 
INFO   [10:43:39.604] [Thread-12] o.e.j.s.h.ContextHandler -  Stopped i.d.j.MutableServletContextHandler@6c3659be{/cc,null,UNAVAILABLE} 
INFO   [11:27:56.400] [main] o.e.j.u.log -  Logging initialized @1621ms 
ERROR  [11:27:57.288] [main] c.h.h.j.r.m.i.RDFDefaultErrorHandler -  unknown-source: {E213} null 
INFO   [11:27:57.301] [main] i.d.s.ServerFactory -  Starting ControlCenterApplication 
INFO   [11:27:57.313] [main] i.d.s.SimpleServerFactory -  Registering jersey handler with root path prefix: /cc 
INFO   [11:27:57.345] [main] i.d.s.SimpleServerFactory -  Registering admin handler with root path prefix: /admin-cc 
INFO   [11:27:57.414] [main] o.e.j.s.SetUIDListener -  Opened ControlCenterApplication@7bef452c{HTTP/1.1}{0.0.0.0:8170} 
INFO   [11:27:57.419] [main] o.e.j.s.Server -  jetty-9.2.11.v20150529 
INFO   [11:27:58.118] [main] i.d.j.DropwizardResourceConfig -  The following paths were found for the configured resources:

    POST    /notification (org.mars.m2m.demo.controlcenter.resources.ControlCenterInterface)
    POST    /reportConnectedDevice (org.mars.m2m.demo.controlcenter.resources.ControlCenterInterface)
 
INFO   [11:27:58.125] [main] o.e.j.s.h.ContextHandler -  Started i.d.j.MutableServletContextHandler@522bf64e{/cc,null,AVAILABLE} 
INFO   [11:27:58.132] [main] i.d.s.AdminEnvironment -  tasks = 

    POST    /tasks/log-level (io.dropwizard.servlets.tasks.LogConfigurationTask)
    POST    /tasks/gc (io.dropwizard.servlets.tasks.GarbageCollectionTask)
 
INFO   [11:27:58.139] [main] o.e.j.s.h.ContextHandler -  Started i.d.j.MutableServletContextHandler@4a163575{/admin-cc,null,AVAILABLE} 
INFO   [11:27:58.182] [main] o.e.j.s.ServerConnector -  Started ControlCenterApplication@7bef452c{HTTP/1.1}{0.0.0.0:8170} 
INFO   [11:27:58.182] [main] o.e.j.s.Server -  Started @3406ms 
INFO   [11:28:56.333] [Thread-12] o.e.j.s.ServerConnector -  Stopped ControlCenterApplication@7bef452c{HTTP/1.1}{0.0.0.0:8170} 
INFO   [11:28:56.335] [Thread-12] o.e.j.s.h.ContextHandler -  Stopped i.d.j.MutableServletContextHandler@4a163575{/admin-cc,null,UNAVAILABLE} 
INFO   [11:28:56.343] [Thread-12] o.e.j.s.h.ContextHandler -  Stopped i.d.j.MutableServletContextHandler@522bf64e{/cc,null,UNAVAILABLE} 
INFO   [11:29:17.461] [main] o.e.j.u.log -  Logging initialized @8724ms 
ERROR  [11:29:57.370] [main] c.h.h.j.r.m.i.RDFDefaultErrorHandler -  unknown-source: {E213} null 
INFO   [11:29:57.539] [main] i.d.s.ServerFactory -  Starting ControlCenterApplication 
INFO   [11:29:57.572] [main] i.d.s.SimpleServerFactory -  Registering jersey handler with root path prefix: /cc 
INFO   [11:29:57.663] [main] i.d.s.SimpleServerFactory -  Registering admin handler with root path prefix: /admin-cc 
INFO   [11:29:57.796] [main] o.e.j.s.SetUIDListener -  Opened ControlCenterApplication@124d02b2{HTTP/1.1}{0.0.0.0:8170} 
INFO   [11:29:57.804] [main] o.e.j.s.Server -  jetty-9.2.11.v20150529 
INFO   [11:30:00.559] [main] i.d.j.DropwizardResourceConfig -  The following paths were found for the configured resources:

    POST    /notification (org.mars.m2m.demo.controlcenter.resources.ControlCenterInterface)
    POST    /reportConnectedDevice (org.mars.m2m.demo.controlcenter.resources.ControlCenterInterface)
 
INFO   [11:30:00.572] [main] o.e.j.s.h.ContextHandler -  Started i.d.j.MutableServletContextHandler@6b8b5020{/cc,null,AVAILABLE} 
INFO   [11:30:00.597] [main] i.d.s.AdminEnvironment -  tasks = 

    POST    /tasks/log-level (io.dropwizard.servlets.tasks.LogConfigurationTask)
    POST    /tasks/gc (io.dropwizard.servlets.tasks.GarbageCollectionTask)
 
INFO   [11:30:00.621] [main] o.e.j.s.h.ContextHandler -  Started i.d.j.MutableServletContextHandler@5dbab232{/admin-cc,null,AVAILABLE} 
INFO   [11:30:00.731] [main] o.e.j.s.ServerConnector -  Started ControlCenterApplication@124d02b2{HTTP/1.1}{0.0.0.0:8170} 
INFO   [11:30:00.732] [main] o.e.j.s.Server -  Started @51998ms 
INFO   [11:30:54.237] [main] o.e.j.u.log -  Logging initialized @1455ms 
ERROR  [11:30:54.885] [main] c.h.h.j.r.m.i.RDFDefaultErrorHandler -  unknown-source: {E213} null 
INFO   [11:30:54.900] [main] i.d.s.ServerFactory -  Starting ControlCenterApplication 
INFO   [11:30:54.920] [main] i.d.s.SimpleServerFactory -  Registering jersey handler with root path prefix: /cc 
INFO   [11:30:54.946] [main] i.d.s.SimpleServerFactory -  Registering admin handler with root path prefix: /admin-cc 
INFO   [11:30:54.998] [main] o.e.j.s.SetUIDListener -  Opened ControlCenterApplication@7bef452c{HTTP/1.1}{0.0.0.0:8170} 
INFO   [11:30:55.003] [main] o.e.j.s.Server -  jetty-9.2.11.v20150529 
INFO   [11:30:55.628] [main] i.d.j.DropwizardResourceConfig -  The following paths were found for the configured resources:

    POST    /notification (org.mars.m2m.demo.controlcenter.resources.ControlCenterInterface)
    POST    /reportConnectedDevice (org.mars.m2m.demo.controlcenter.resources.ControlCenterInterface)
 
INFO   [11:30:55.633] [main] o.e.j.s.h.ContextHandler -  Started i.d.j.MutableServletContextHandler@522bf64e{/cc,null,AVAILABLE} 
INFO   [11:30:55.639] [main] i.d.s.AdminEnvironment -  tasks = 

    POST    /tasks/log-level (io.dropwizard.servlets.tasks.LogConfigurationTask)
    POST    /tasks/gc (io.dropwizard.servlets.tasks.GarbageCollectionTask)
 
INFO   [11:30:55.644] [main] o.e.j.s.h.ContextHandler -  Started i.d.j.MutableServletContextHandler@4a163575{/admin-cc,null,AVAILABLE} 
INFO   [11:30:55.689] [main] o.e.j.s.ServerConnector -  Started ControlCenterApplication@7bef452c{HTTP/1.1}{0.0.0.0:8170} 
INFO   [11:30:55.690] [main] o.e.j.s.Server -  Started @2910ms 
INFO   [11:31:21.186] [Thread-12] o.e.j.s.ServerConnector -  Stopped ControlCenterApplication@7bef452c{HTTP/1.1}{0.0.0.0:8170} 
INFO   [11:31:21.188] [Thread-12] o.e.j.s.h.ContextHandler -  Stopped i.d.j.MutableServletContextHandler@4a163575{/admin-cc,null,UNAVAILABLE} 
INFO   [11:31:21.192] [Thread-12] o.e.j.s.h.ContextHandler -  Stopped i.d.j.MutableServletContextHandler@522bf64e{/cc,null,UNAVAILABLE} 
INFO   [11:32:09.019] [main] o.e.j.u.log -  Logging initialized @1436ms 
ERROR  [11:32:09.665] [main] c.h.h.j.r.m.i.RDFDefaultErrorHandler -  unknown-source: {E213} null 
INFO   [11:32:09.678] [main] i.d.s.ServerFactory -  Starting ControlCenterApplication 
INFO   [11:32:09.688] [main] i.d.s.SimpleServerFactory -  Registering jersey handler with root path prefix: /cc 
INFO   [11:32:09.710] [main] i.d.s.SimpleServerFactory -  Registering admin handler with root path prefix: /admin-cc 
INFO   [11:32:09.760] [main] o.e.j.s.SetUIDListener -  Opened ControlCenterApplication@7bef452c{HTTP/1.1}{0.0.0.0:8170} 
INFO   [11:32:09.770] [main] o.e.j.s.Server -  jetty-9.2.11.v20150529 
INFO   [11:32:10.353] [main] i.d.j.DropwizardResourceConfig -  The following paths were found for the configured resources:

    POST    /notification (org.mars.m2m.demo.controlcenter.resources.ControlCenterInterface)
    POST    /reportConnectedDevice (org.mars.m2m.demo.controlcenter.resources.ControlCenterInterface)
 
INFO   [11:32:10.356] [main] o.e.j.s.h.ContextHandler -  Started i.d.j.MutableServletContextHandler@522bf64e{/cc,null,AVAILABLE} 
INFO   [11:32:10.360] [main] i.d.s.AdminEnvironment -  tasks = 

    POST    /tasks/log-level (io.dropwizard.servlets.tasks.LogConfigurationTask)
    POST    /tasks/gc (io.dropwizard.servlets.tasks.GarbageCollectionTask)
 
INFO   [11:32:10.365] [main] o.e.j.s.h.ContextHandler -  Started i.d.j.MutableServletContextHandler@4a163575{/admin-cc,null,AVAILABLE} 
INFO   [11:32:10.408] [main] o.e.j.s.ServerConnector -  Started ControlCenterApplication@7bef452c{HTTP/1.1}{0.0.0.0:8170} 
INFO   [11:32:10.409] [main] o.e.j.s.Server -  Started @2827ms 
INFO   [11:35:48.717] [main] o.e.j.u.log -  Logging initialized @1431ms 
ERROR  [11:35:49.351] [main] c.h.h.j.r.m.i.RDFDefaultErrorHandler -  unknown-source: {E213} null 
INFO   [11:35:49.364] [main] i.d.s.ServerFactory -  Starting ControlCenterApplication 
INFO   [11:35:49.374] [main] i.d.s.SimpleServerFactory -  Registering jersey handler with root path prefix: /cc 
INFO   [11:35:49.390] [main] i.d.s.SimpleServerFactory -  Registering admin handler with root path prefix: /admin-cc 
INFO   [11:35:49.436] [main] o.e.j.s.SetUIDListener -  Opened ControlCenterApplication@7bef452c{HTTP/1.1}{0.0.0.0:8170} 
INFO   [11:35:49.439] [main] o.e.j.s.Server -  jetty-9.2.11.v20150529 
INFO   [11:35:50.009] [main] i.d.j.DropwizardResourceConfig -  The following paths were found for the configured resources:

    POST    /notification (org.mars.m2m.demo.controlcenter.resources.ControlCenterInterface)
    POST    /reportConnectedDevice (org.mars.m2m.demo.controlcenter.resources.ControlCenterInterface)
 
INFO   [11:35:50.012] [main] o.e.j.s.h.ContextHandler -  Started i.d.j.MutableServletContextHandler@522bf64e{/cc,null,AVAILABLE} 
INFO   [11:35:50.017] [main] i.d.s.AdminEnvironment -  tasks = 

    POST    /tasks/log-level (io.dropwizard.servlets.tasks.LogConfigurationTask)
    POST    /tasks/gc (io.dropwizard.servlets.tasks.GarbageCollectionTask)
 
INFO   [11:35:50.021] [main] o.e.j.s.h.ContextHandler -  Started i.d.j.MutableServletContextHandler@4a163575{/admin-cc,null,AVAILABLE} 
INFO   [11:35:50.060] [main] o.e.j.s.ServerConnector -  Started ControlCenterApplication@7bef452c{HTTP/1.1}{0.0.0.0:8170} 
INFO   [11:35:50.060] [main] o.e.j.s.Server -  Started @2776ms 
INFO   [11:36:02.731] [Thread-12] o.e.j.s.ServerConnector -  Stopped ControlCenterApplication@7bef452c{HTTP/1.1}{0.0.0.0:8170} 
INFO   [11:36:02.733] [Thread-12] o.e.j.s.h.ContextHandler -  Stopped i.d.j.MutableServletContextHandler@4a163575{/admin-cc,null,UNAVAILABLE} 
INFO   [11:36:02.737] [Thread-12] o.e.j.s.h.ContextHandler -  Stopped i.d.j.MutableServletContextHandler@522bf64e{/cc,null,UNAVAILABLE} 
INFO   [11:36:48.901] [main] o.e.j.u.log -  Logging initialized @1625ms 
ERROR  [11:36:49.793] [main] c.h.h.j.r.m.i.RDFDefaultErrorHandler -  unknown-source: {E213} null 
INFO   [11:36:49.817] [main] i.d.s.ServerFactory -  Starting ControlCenterApplication 
INFO   [11:36:49.832] [main] i.d.s.SimpleServerFactory -  Registering jersey handler with root path prefix: /cc 
INFO   [11:36:49.850] [main] i.d.s.SimpleServerFactory -  Registering admin handler with root path prefix: /admin-cc 
INFO   [11:36:49.900] [main] o.e.j.s.SetUIDListener -  Opened ControlCenterApplication@7bef452c{HTTP/1.1}{0.0.0.0:8170} 
INFO   [11:36:49.904] [main] o.e.j.s.Server -  jetty-9.2.11.v20150529 
INFO   [11:36:50.548] [main] i.d.j.DropwizardResourceConfig -  The following paths were found for the configured resources:

    POST    /notification (org.mars.m2m.demo.controlcenter.resources.ControlCenterInterface)
    POST    /reportConnectedDevice (org.mars.m2m.demo.controlcenter.resources.ControlCenterInterface)
 
INFO   [11:36:50.551] [main] o.e.j.s.h.ContextHandler -  Started i.d.j.MutableServletContextHandler@522bf64e{/cc,null,AVAILABLE} 
INFO   [11:36:50.555] [main] i.d.s.AdminEnvironment -  tasks = 

    POST    /tasks/log-level (io.dropwizard.servlets.tasks.LogConfigurationTask)
    POST    /tasks/gc (io.dropwizard.servlets.tasks.GarbageCollectionTask)
 
INFO   [11:36:50.559] [main] o.e.j.s.h.ContextHandler -  Started i.d.j.MutableServletContextHandler@4a163575{/admin-cc,null,AVAILABLE} 
INFO   [11:36:50.602] [main] o.e.j.s.ServerConnector -  Started ControlCenterApplication@7bef452c{HTTP/1.1}{0.0.0.0:8170} 
INFO   [11:36:50.602] [main] o.e.j.s.Server -  Started @3327ms 
INFO   [11:37:11.682] [Thread-12] o.e.j.s.ServerConnector -  Stopped ControlCenterApplication@7bef452c{HTTP/1.1}{0.0.0.0:8170} 
INFO   [11:37:11.684] [Thread-12] o.e.j.s.h.ContextHandler -  Stopped i.d.j.MutableServletContextHandler@4a163575{/admin-cc,null,UNAVAILABLE} 
INFO   [11:37:11.688] [Thread-12] o.e.j.s.h.ContextHandler -  Stopped i.d.j.MutableServletContextHandler@522bf64e{/cc,null,UNAVAILABLE} 
INFO   [11:38:33.603] [main] o.e.j.u.log -  Logging initialized @1476ms 
ERROR  [11:38:34.250] [main] c.h.h.j.r.m.i.RDFDefaultErrorHandler -  unknown-source: {E213} null 
INFO   [11:38:34.267] [main] i.d.s.ServerFactory -  Starting ControlCenterApplication 
INFO   [11:38:34.287] [main] i.d.s.SimpleServerFactory -  Registering jersey handler with root path prefix: /cc 
INFO   [11:38:34.307] [main] i.d.s.SimpleServerFactory -  Registering admin handler with root path prefix: /admin-cc 
INFO   [11:38:34.367] [main] o.e.j.s.SetUIDListener -  Opened ControlCenterApplication@7bef452c{HTTP/1.1}{0.0.0.0:8170} 
INFO   [11:38:34.371] [main] o.e.j.s.Server -  jetty-9.2.11.v20150529 
INFO   [11:38:34.942] [main] i.d.j.DropwizardResourceConfig -  The following paths were found for the configured resources:

    POST    /notification (org.mars.m2m.demo.controlcenter.resources.ControlCenterInterface)
    POST    /reportConnectedDevice (org.mars.m2m.demo.controlcenter.resources.ControlCenterInterface)
 
INFO   [11:38:34.946] [main] o.e.j.s.h.ContextHandler -  Started i.d.j.MutableServletContextHandler@522bf64e{/cc,null,AVAILABLE} 
INFO   [11:38:34.951] [main] i.d.s.AdminEnvironment -  tasks = 

    POST    /tasks/log-level (io.dropwizard.servlets.tasks.LogConfigurationTask)
    POST    /tasks/gc (io.dropwizard.servlets.tasks.GarbageCollectionTask)
 
INFO   [11:38:34.959] [main] o.e.j.s.h.ContextHandler -  Started i.d.j.MutableServletContextHandler@4a163575{/admin-cc,null,AVAILABLE} 
INFO   [11:38:35.002] [main] o.e.j.s.ServerConnector -  Started ControlCenterApplication@7bef452c{HTTP/1.1}{0.0.0.0:8170} 
INFO   [11:38:35.002] [main] o.e.j.s.Server -  Started @2877ms 
INFO   [11:39:05.175] [Thread-12] o.e.j.s.ServerConnector -  Stopped ControlCenterApplication@7bef452c{HTTP/1.1}{0.0.0.0:8170} 
INFO   [11:39:05.177] [Thread-12] o.e.j.s.h.ContextHandler -  Stopped i.d.j.MutableServletContextHandler@4a163575{/admin-cc,null,UNAVAILABLE} 
INFO   [11:39:05.185] [Thread-12] o.e.j.s.h.ContextHandler -  Stopped i.d.j.MutableServletContextHandler@522bf64e{/cc,null,UNAVAILABLE} 
INFO   [11:39:16.079] [main] o.e.j.u.log -  Logging initialized @1468ms 
ERROR  [11:39:16.714] [main] c.h.h.j.r.m.i.RDFDefaultErrorHandler -  unknown-source: {E213} null 
INFO   [11:39:16.726] [main] i.d.s.ServerFactory -  Starting ControlCenterApplication 
INFO   [11:39:16.754] [main] i.d.s.SimpleServerFactory -  Registering jersey handler with root path prefix: /cc 
INFO   [11:39:16.771] [main] i.d.s.SimpleServerFactory -  Registering admin handler with root path prefix: /admin-cc 
INFO   [11:39:16.818] [main] o.e.j.s.SetUIDListener -  Opened ControlCenterApplication@7bef452c{HTTP/1.1}{0.0.0.0:8170} 
INFO   [11:39:16.821] [main] o.e.j.s.Server -  jetty-9.2.11.v20150529 
INFO   [11:39:17.441] [main] i.d.j.DropwizardResourceConfig -  The following paths were found for the configured resources:

    POST    /notification (org.mars.m2m.demo.controlcenter.resources.ControlCenterInterface)
    POST    /reportConnectedDevice (org.mars.m2m.demo.controlcenter.resources.ControlCenterInterface)
 
INFO   [11:39:17.444] [main] o.e.j.s.h.ContextHandler -  Started i.d.j.MutableServletContextHandler@522bf64e{/cc,null,AVAILABLE} 
INFO   [11:39:17.451] [main] i.d.s.AdminEnvironment -  tasks = 

    POST    /tasks/log-level (io.dropwizard.servlets.tasks.LogConfigurationTask)
    POST    /tasks/gc (io.dropwizard.servlets.tasks.GarbageCollectionTask)
 
INFO   [11:39:17.456] [main] o.e.j.s.h.ContextHandler -  Started i.d.j.MutableServletContextHandler@4a163575{/admin-cc,null,AVAILABLE} 
INFO   [11:39:17.498] [main] o.e.j.s.ServerConnector -  Started ControlCenterApplication@7bef452c{HTTP/1.1}{0.0.0.0:8170} 
INFO   [11:39:17.498] [main] o.e.j.s.Server -  Started @2889ms 
INFO   [11:39:52.286] [main] o.e.j.u.log -  Logging initialized @1427ms 
ERROR  [11:39:52.942] [main] c.h.h.j.r.m.i.RDFDefaultErrorHandler -  unknown-source: {E213} null 
INFO   [11:39:52.955] [main] i.d.s.ServerFactory -  Starting ControlCenterApplication 
INFO   [11:39:52.969] [main] i.d.s.SimpleServerFactory -  Registering jersey handler with root path prefix: /cc 
INFO   [11:39:52.987] [main] i.d.s.SimpleServerFactory -  Registering admin handler with root path prefix: /admin-cc 
INFO   [11:39:53.049] [main] o.e.j.s.SetUIDListener -  Opened ControlCenterApplication@7bef452c{HTTP/1.1}{0.0.0.0:8170} 
INFO   [11:39:53.052] [main] o.e.j.s.Server -  jetty-9.2.11.v20150529 
INFO   [11:39:53.631] [main] i.d.j.DropwizardResourceConfig -  The following paths were found for the configured resources:

    POST    /notification (org.mars.m2m.demo.controlcenter.resources.ControlCenterInterface)
    POST    /reportConnectedDevice (org.mars.m2m.demo.controlcenter.resources.ControlCenterInterface)
 
INFO   [11:39:53.634] [main] o.e.j.s.h.ContextHandler -  Started i.d.j.MutableServletContextHandler@522bf64e{/cc,null,AVAILABLE} 
INFO   [11:39:53.640] [main] i.d.s.AdminEnvironment -  tasks = 

    POST    /tasks/log-level (io.dropwizard.servlets.tasks.LogConfigurationTask)
    POST    /tasks/gc (io.dropwizard.servlets.tasks.GarbageCollectionTask)
 
INFO   [11:39:53.648] [main] o.e.j.s.h.ContextHandler -  Started i.d.j.MutableServletContextHandler@4a163575{/admin-cc,null,AVAILABLE} 
INFO   [11:39:53.691] [main] o.e.j.s.ServerConnector -  Started ControlCenterApplication@7bef452c{HTTP/1.1}{0.0.0.0:8170} 
INFO   [11:39:53.691] [main] o.e.j.s.Server -  Started @2835ms 
INFO   [11:42:34.555] [main] o.e.j.u.log -  Logging initialized @1521ms 
ERROR  [11:42:35.448] [main] c.h.h.j.r.m.i.RDFDefaultErrorHandler -  unknown-source: {E213} null 
INFO   [11:42:35.461] [main] i.d.s.ServerFactory -  Starting ControlCenterApplication 
INFO   [11:42:35.470] [main] i.d.s.SimpleServerFactory -  Registering jersey handler with root path prefix: /cc 
INFO   [11:42:35.491] [main] i.d.s.SimpleServerFactory -  Registering admin handler with root path prefix: /admin-cc 
INFO   [11:42:35.549] [main] o.e.j.s.SetUIDListener -  Opened ControlCenterApplication@7bef452c{HTTP/1.1}{0.0.0.0:8170} 
INFO   [11:42:35.554] [main] o.e.j.s.Server -  jetty-9.2.11.v20150529 
INFO   [11:42:36.169] [main] i.d.j.DropwizardResourceConfig -  The following paths were found for the configured resources:

    POST    /notification (org.mars.m2m.demo.controlcenter.resources.ControlCenterInterface)
    POST    /reportConnectedDevice (org.mars.m2m.demo.controlcenter.resources.ControlCenterInterface)
 
INFO   [11:42:36.172] [main] o.e.j.s.h.ContextHandler -  Started i.d.j.MutableServletContextHandler@522bf64e{/cc,null,AVAILABLE} 
INFO   [11:42:36.176] [main] i.d.s.AdminEnvironment -  tasks = 

    POST    /tasks/log-level (io.dropwizard.servlets.tasks.LogConfigurationTask)
    POST    /tasks/gc (io.dropwizard.servlets.tasks.GarbageCollectionTask)
 
INFO   [11:42:36.181] [main] o.e.j.s.h.ContextHandler -  Started i.d.j.MutableServletContextHandler@4a163575{/admin-cc,null,AVAILABLE} 
INFO   [11:42:36.223] [main] o.e.j.s.ServerConnector -  Started ControlCenterApplication@7bef452c{HTTP/1.1}{0.0.0.0:8170} 
INFO   [11:42:36.223] [main] o.e.j.s.Server -  Started @3191ms 
INFO   [11:42:51.537] [Thread-12] o.e.j.s.ServerConnector -  Stopped ControlCenterApplication@7bef452c{HTTP/1.1}{0.0.0.0:8170} 
INFO   [11:42:51.540] [Thread-12] o.e.j.s.h.ContextHandler -  Stopped i.d.j.MutableServletContextHandler@4a163575{/admin-cc,null,UNAVAILABLE} 
INFO   [11:42:51.548] [Thread-12] o.e.j.s.h.ContextHandler -  Stopped i.d.j.MutableServletContextHandler@522bf64e{/cc,null,UNAVAILABLE} 
INFO   [11:43:55.214] [main] o.e.j.u.log -  Logging initialized @1511ms 
ERROR  [11:43:56.416] [main] c.h.h.j.r.m.i.RDFDefaultErrorHandler -  unknown-source: {E213} null 
INFO   [11:43:56.430] [main] i.d.s.ServerFactory -  Starting ControlCenterApplication 
INFO   [11:43:56.442] [main] i.d.s.SimpleServerFactory -  Registering jersey handler with root path prefix: /cc 
INFO   [11:43:56.473] [main] i.d.s.SimpleServerFactory -  Registering admin handler with root path prefix: /admin-cc 
INFO   [11:43:56.518] [main] o.e.j.s.SetUIDListener -  Opened ControlCenterApplication@7bef452c{HTTP/1.1}{0.0.0.0:8170} 
INFO   [11:43:56.524] [main] o.e.j.s.Server -  jetty-9.2.11.v20150529 
INFO   [11:43:57.079] [main] i.d.j.DropwizardResourceConfig -  The following paths were found for the configured resources:

    POST    /notification (org.mars.m2m.demo.controlcenter.resources.ControlCenterInterface)
    POST    /reportConnectedDevice (org.mars.m2m.demo.controlcenter.resources.ControlCenterInterface)
 
INFO   [11:43:57.083] [main] o.e.j.s.h.ContextHandler -  Started i.d.j.MutableServletContextHandler@522bf64e{/cc,null,AVAILABLE} 
INFO   [11:43:57.089] [main] i.d.s.AdminEnvironment -  tasks = 

    POST    /tasks/log-level (io.dropwizard.servlets.tasks.LogConfigurationTask)
    POST    /tasks/gc (io.dropwizard.servlets.tasks.GarbageCollectionTask)
 
INFO   [11:43:57.096] [main] o.e.j.s.h.ContextHandler -  Started i.d.j.MutableServletContextHandler@4a163575{/admin-cc,null,AVAILABLE} 
INFO   [11:43:57.138] [main] o.e.j.s.ServerConnector -  Started ControlCenterApplication@7bef452c{HTTP/1.1}{0.0.0.0:8170} 
INFO   [11:43:57.138] [main] o.e.j.s.Server -  Started @3438ms 
INFO   [11:44:35.127] [Thread-12] o.e.j.s.ServerConnector -  Stopped ControlCenterApplication@7bef452c{HTTP/1.1}{0.0.0.0:8170} 
INFO   [11:44:35.129] [Thread-12] o.e.j.s.h.ContextHandler -  Stopped i.d.j.MutableServletContextHandler@4a163575{/admin-cc,null,UNAVAILABLE} 
INFO   [11:44:35.135] [Thread-12] o.e.j.s.h.ContextHandler -  Stopped i.d.j.MutableServletContextHandler@522bf64e{/cc,null,UNAVAILABLE} 
INFO   [11:47:08.269] [main] o.e.j.u.log -  Logging initialized @1491ms 
ERROR  [11:47:09.615] [main] c.h.h.j.r.m.i.RDFDefaultErrorHandler -  unknown-source: {E213} null 
INFO   [11:47:09.634] [main] i.d.s.ServerFactory -  Starting ControlCenterApplication 
INFO   [11:47:09.647] [main] i.d.s.SimpleServerFactory -  Registering jersey handler with root path prefix: /cc 
INFO   [11:47:09.673] [main] i.d.s.SimpleServerFactory -  Registering admin handler with root path prefix: /admin-cc 
INFO   [11:47:09.723] [main] o.e.j.s.SetUIDListener -  Opened ControlCenterApplication@7bef452c{HTTP/1.1}{0.0.0.0:8170} 
INFO   [11:47:09.726] [main] o.e.j.s.Server -  jetty-9.2.11.v20150529 
INFO   [11:47:10.291] [main] i.d.j.DropwizardResourceConfig -  The following paths were found for the configured resources:

    POST    /notification (org.mars.m2m.demo.controlcenter.resources.ControlCenterInterface)
    POST    /reportConnectedDevice (org.mars.m2m.demo.controlcenter.resources.ControlCenterInterface)
 
INFO   [11:47:10.295] [main] o.e.j.s.h.ContextHandler -  Started i.d.j.MutableServletContextHandler@522bf64e{/cc,null,AVAILABLE} 
INFO   [11:47:10.299] [main] i.d.s.AdminEnvironment -  tasks = 

    POST    /tasks/log-level (io.dropwizard.servlets.tasks.LogConfigurationTask)
    POST    /tasks/gc (io.dropwizard.servlets.tasks.GarbageCollectionTask)
 
INFO   [11:47:10.303] [main] o.e.j.s.h.ContextHandler -  Started i.d.j.MutableServletContextHandler@4a163575{/admin-cc,null,AVAILABLE} 
INFO   [11:47:10.344] [main] o.e.j.s.ServerConnector -  Started ControlCenterApplication@7bef452c{HTTP/1.1}{0.0.0.0:8170} 
INFO   [11:47:10.344] [main] o.e.j.s.Server -  Started @3569ms 
INFO   [11:47:16.893] [Thread-12] o.e.j.s.ServerConnector -  Stopped ControlCenterApplication@7bef452c{HTTP/1.1}{0.0.0.0:8170} 
INFO   [11:47:16.895] [Thread-12] o.e.j.s.h.ContextHandler -  Stopped i.d.j.MutableServletContextHandler@4a163575{/admin-cc,null,UNAVAILABLE} 
INFO   [11:47:16.903] [Thread-12] o.e.j.s.h.ContextHandler -  Stopped i.d.j.MutableServletContextHandler@522bf64e{/cc,null,UNAVAILABLE} 
INFO   [11:47:35.027] [main] o.e.j.u.log -  Logging initialized @1545ms 
ERROR  [11:47:35.652] [main] c.h.h.j.r.m.i.RDFDefaultErrorHandler -  unknown-source: {E213} null 
INFO   [11:47:35.666] [main] i.d.s.ServerFactory -  Starting ControlCenterApplication 
INFO   [11:47:35.677] [main] i.d.s.SimpleServerFactory -  Registering jersey handler with root path prefix: /cc 
INFO   [11:47:35.695] [main] i.d.s.SimpleServerFactory -  Registering admin handler with root path prefix: /admin-cc 
INFO   [11:47:35.751] [main] o.e.j.s.SetUIDListener -  Opened ControlCenterApplication@7bef452c{HTTP/1.1}{0.0.0.0:8170} 
INFO   [11:47:35.754] [main] o.e.j.s.Server -  jetty-9.2.11.v20150529 
INFO   [11:47:36.290] [main] i.d.j.DropwizardResourceConfig -  The following paths were found for the configured resources:

    POST    /notification (org.mars.m2m.demo.controlcenter.resources.ControlCenterInterface)
    POST    /reportConnectedDevice (org.mars.m2m.demo.controlcenter.resources.ControlCenterInterface)
 
INFO   [11:47:36.293] [main] o.e.j.s.h.ContextHandler -  Started i.d.j.MutableServletContextHandler@522bf64e{/cc,null,AVAILABLE} 
INFO   [11:47:36.298] [main] i.d.s.AdminEnvironment -  tasks = 

    POST    /tasks/log-level (io.dropwizard.servlets.tasks.LogConfigurationTask)
    POST    /tasks/gc (io.dropwizard.servlets.tasks.GarbageCollectionTask)
 
INFO   [11:47:36.302] [main] o.e.j.s.h.ContextHandler -  Started i.d.j.MutableServletContextHandler@4a163575{/admin-cc,null,AVAILABLE} 
INFO   [11:47:36.344] [main] o.e.j.s.ServerConnector -  Started ControlCenterApplication@7bef452c{HTTP/1.1}{0.0.0.0:8170} 
INFO   [11:47:36.344] [main] o.e.j.s.Server -  Started @2864ms 
INFO   [11:47:41.996] [Thread-12] o.e.j.s.ServerConnector -  Stopped ControlCenterApplication@7bef452c{HTTP/1.1}{0.0.0.0:8170} 
INFO   [11:47:41.998] [Thread-12] o.e.j.s.h.ContextHandler -  Stopped i.d.j.MutableServletContextHandler@4a163575{/admin-cc,null,UNAVAILABLE} 
INFO   [11:47:42.003] [Thread-12] o.e.j.s.h.ContextHandler -  Stopped i.d.j.MutableServletContextHandler@522bf64e{/cc,null,UNAVAILABLE} 
INFO   [11:56:16.127] [main] o.e.j.u.log -  Logging initialized @1635ms 
ERROR  [11:56:17.083] [main] c.h.h.j.r.m.i.RDFDefaultErrorHandler -  unknown-source: {E213} null 
INFO   [11:56:17.098] [main] i.d.s.ServerFactory -  Starting ControlCenterApplication 
INFO   [11:56:17.118] [main] i.d.s.SimpleServerFactory -  Registering jersey handler with root path prefix: /cc 
INFO   [11:56:17.148] [main] i.d.s.SimpleServerFactory -  Registering admin handler with root path prefix: /admin-cc 
INFO   [11:56:17.194] [main] o.e.j.s.SetUIDListener -  Opened ControlCenterApplication@7bef452c{HTTP/1.1}{0.0.0.0:8170} 
INFO   [11:56:17.197] [main] o.e.j.s.Server -  jetty-9.2.11.v20150529 
INFO   [11:56:17.842] [main] i.d.j.DropwizardResourceConfig -  The following paths were found for the configured resources:

    POST    /notification (org.mars.m2m.demo.controlcenter.resources.ControlCenterInterface)
    POST    /reportConnectedDevice (org.mars.m2m.demo.controlcenter.resources.ControlCenterInterface)
 
INFO   [11:56:17.845] [main] o.e.j.s.h.ContextHandler -  Started i.d.j.MutableServletContextHandler@522bf64e{/cc,null,AVAILABLE} 
INFO   [11:56:17.850] [main] i.d.s.AdminEnvironment -  tasks = 

    POST    /tasks/log-level (io.dropwizard.servlets.tasks.LogConfigurationTask)
    POST    /tasks/gc (io.dropwizard.servlets.tasks.GarbageCollectionTask)
 
INFO   [11:56:17.855] [main] o.e.j.s.h.ContextHandler -  Started i.d.j.MutableServletContextHandler@4a163575{/admin-cc,null,AVAILABLE} 
INFO   [11:56:17.897] [main] o.e.j.s.ServerConnector -  Started ControlCenterApplication@7bef452c{HTTP/1.1}{0.0.0.0:8170} 
INFO   [11:56:17.897] [main] o.e.j.s.Server -  Started @3407ms 
INFO   [11:56:47.410] [Thread-12] o.e.j.s.ServerConnector -  Stopped ControlCenterApplication@7bef452c{HTTP/1.1}{0.0.0.0:8170} 
INFO   [11:56:47.412] [Thread-12] o.e.j.s.h.ContextHandler -  Stopped i.d.j.MutableServletContextHandler@4a163575{/admin-cc,null,UNAVAILABLE} 
INFO   [11:56:47.419] [Thread-12] o.e.j.s.h.ContextHandler -  Stopped i.d.j.MutableServletContextHandler@522bf64e{/cc,null,UNAVAILABLE} 
INFO   [11:57:56.968] [main] o.e.j.u.log -  Logging initialized @1615ms 
ERROR  [11:57:58.468] [main] c.h.h.j.r.m.i.RDFDefaultErrorHandler -  unknown-source: {E213} null 
INFO   [11:57:58.486] [main] i.d.s.ServerFactory -  Starting ControlCenterApplication 
INFO   [11:57:58.497] [main] i.d.s.SimpleServerFactory -  Registering jersey handler with root path prefix: /cc 
INFO   [11:57:58.521] [main] i.d.s.SimpleServerFactory -  Registering admin handler with root path prefix: /admin-cc 
INFO   [11:57:58.568] [main] o.e.j.s.SetUIDListener -  Opened ControlCenterApplication@7bef452c{HTTP/1.1}{0.0.0.0:8170} 
INFO   [11:57:58.575] [main] o.e.j.s.Server -  jetty-9.2.11.v20150529 
INFO   [11:57:59.218] [main] i.d.j.DropwizardResourceConfig -  The following paths were found for the configured resources:

    POST    /notification (org.mars.m2m.demo.controlcenter.resources.ControlCenterInterface)
    POST    /reportConnectedDevice (org.mars.m2m.demo.controlcenter.resources.ControlCenterInterface)
 
INFO   [11:57:59.221] [main] o.e.j.s.h.ContextHandler -  Started i.d.j.MutableServletContextHandler@522bf64e{/cc,null,AVAILABLE} 
INFO   [11:57:59.226] [main] i.d.s.AdminEnvironment -  tasks = 

    POST    /tasks/log-level (io.dropwizard.servlets.tasks.LogConfigurationTask)
    POST    /tasks/gc (io.dropwizard.servlets.tasks.GarbageCollectionTask)
 
INFO   [11:57:59.231] [main] o.e.j.s.h.ContextHandler -  Started i.d.j.MutableServletContextHandler@4a163575{/admin-cc,null,AVAILABLE} 
INFO   [11:57:59.273] [main] o.e.j.s.ServerConnector -  Started ControlCenterApplication@7bef452c{HTTP/1.1}{0.0.0.0:8170} 
INFO   [11:57:59.273] [main] o.e.j.s.Server -  Started @3922ms 
INFO   [11:58:17.161] [Thread-12] o.e.j.s.ServerConnector -  Stopped ControlCenterApplication@7bef452c{HTTP/1.1}{0.0.0.0:8170} 
INFO   [11:58:17.163] [Thread-12] o.e.j.s.h.ContextHandler -  Stopped i.d.j.MutableServletContextHandler@4a163575{/admin-cc,null,UNAVAILABLE} 
INFO   [11:58:17.174] [Thread-12] o.e.j.s.h.ContextHandler -  Stopped i.d.j.MutableServletContextHandler@522bf64e{/cc,null,UNAVAILABLE} 
INFO   [11:59:11.717] [main] o.e.j.u.log -  Logging initialized @1648ms 
ERROR  [11:59:12.856] [main] c.h.h.j.r.m.i.RDFDefaultErrorHandler -  unknown-source: {E213} null 
INFO   [11:59:12.868] [main] i.d.s.ServerFactory -  Starting ControlCenterApplication 
INFO   [11:59:12.880] [main] i.d.s.SimpleServerFactory -  Registering jersey handler with root path prefix: /cc 
INFO   [11:59:12.899] [main] i.d.s.SimpleServerFactory -  Registering admin handler with root path prefix: /admin-cc 
INFO   [11:59:12.950] [main] o.e.j.s.SetUIDListener -  Opened ControlCenterApplication@7bef452c{HTTP/1.1}{0.0.0.0:8170} 
INFO   [11:59:12.953] [main] o.e.j.s.Server -  jetty-9.2.11.v20150529 
INFO   [11:59:13.543] [main] i.d.j.DropwizardResourceConfig -  The following paths were found for the configured resources:

    POST    /notification (org.mars.m2m.demo.controlcenter.resources.ControlCenterInterface)
    POST    /reportConnectedDevice (org.mars.m2m.demo.controlcenter.resources.ControlCenterInterface)
 
INFO   [11:59:13.546] [main] o.e.j.s.h.ContextHandler -  Started i.d.j.MutableServletContextHandler@522bf64e{/cc,null,AVAILABLE} 
INFO   [11:59:13.550] [main] i.d.s.AdminEnvironment -  tasks = 

    POST    /tasks/log-level (io.dropwizard.servlets.tasks.LogConfigurationTask)
    POST    /tasks/gc (io.dropwizard.servlets.tasks.GarbageCollectionTask)
 
INFO   [11:59:13.556] [main] o.e.j.s.h.ContextHandler -  Started i.d.j.MutableServletContextHandler@4a163575{/admin-cc,null,AVAILABLE} 
INFO   [11:59:13.598] [main] o.e.j.s.ServerConnector -  Started ControlCenterApplication@7bef452c{HTTP/1.1}{0.0.0.0:8170} 
INFO   [11:59:13.598] [main] o.e.j.s.Server -  Started @3532ms 
INFO   [12:00:02.984] [Thread-12] o.e.j.s.ServerConnector -  Stopped ControlCenterApplication@7bef452c{HTTP/1.1}{0.0.0.0:8170} 
INFO   [12:00:02.986] [Thread-12] o.e.j.s.h.ContextHandler -  Stopped i.d.j.MutableServletContextHandler@4a163575{/admin-cc,null,UNAVAILABLE} 
INFO   [12:00:02.994] [Thread-12] o.e.j.s.h.ContextHandler -  Stopped i.d.j.MutableServletContextHandler@522bf64e{/cc,null,UNAVAILABLE} 
INFO   [12:00:48.879] [main] o.e.j.u.log -  Logging initialized @1720ms 
ERROR  [12:00:50.504] [main] c.h.h.j.r.m.i.RDFDefaultErrorHandler -  unknown-source: {E213} null 
INFO   [12:00:50.518] [main] i.d.s.ServerFactory -  Starting ControlCenterApplication 
INFO   [12:00:50.529] [main] i.d.s.SimpleServerFactory -  Registering jersey handler with root path prefix: /cc 
INFO   [12:00:50.548] [main] i.d.s.SimpleServerFactory -  Registering admin handler with root path prefix: /admin-cc 
INFO   [12:00:50.604] [main] o.e.j.s.SetUIDListener -  Opened ControlCenterApplication@7bef452c{HTTP/1.1}{0.0.0.0:8170} 
INFO   [12:00:50.607] [main] o.e.j.s.Server -  jetty-9.2.11.v20150529 
INFO   [12:00:51.178] [main] i.d.j.DropwizardResourceConfig -  The following paths were found for the configured resources:

    POST    /notification (org.mars.m2m.demo.controlcenter.resources.ControlCenterInterface)
    POST    /reportConnectedDevice (org.mars.m2m.demo.controlcenter.resources.ControlCenterInterface)
 
INFO   [12:00:51.182] [main] o.e.j.s.h.ContextHandler -  Started i.d.j.MutableServletContextHandler@522bf64e{/cc,null,AVAILABLE} 
INFO   [12:00:51.187] [main] i.d.s.AdminEnvironment -  tasks = 

    POST    /tasks/log-level (io.dropwizard.servlets.tasks.LogConfigurationTask)
    POST    /tasks/gc (io.dropwizard.servlets.tasks.GarbageCollectionTask)
 
INFO   [12:00:51.192] [main] o.e.j.s.h.ContextHandler -  Started i.d.j.MutableServletContextHandler@4a163575{/admin-cc,null,AVAILABLE} 
INFO   [12:00:51.236] [main] o.e.j.s.ServerConnector -  Started ControlCenterApplication@7bef452c{HTTP/1.1}{0.0.0.0:8170} 
INFO   [12:00:51.236] [main] o.e.j.s.Server -  Started @4079ms 
INFO   [12:00:59.346] [Thread-12] o.e.j.s.ServerConnector -  Stopped ControlCenterApplication@7bef452c{HTTP/1.1}{0.0.0.0:8170} 
INFO   [12:00:59.348] [Thread-12] o.e.j.s.h.ContextHandler -  Stopped i.d.j.MutableServletContextHandler@4a163575{/admin-cc,null,UNAVAILABLE} 
INFO   [12:00:59.356] [Thread-12] o.e.j.s.h.ContextHandler -  Stopped i.d.j.MutableServletContextHandler@522bf64e{/cc,null,UNAVAILABLE} 
INFO   [12:01:30.598] [main] o.e.j.u.log -  Logging initialized @1470ms 
ERROR  [12:01:31.233] [main] c.h.h.j.r.m.i.RDFDefaultErrorHandler -  unknown-source: {E213} null 
INFO   [12:01:31.246] [main] i.d.s.ServerFactory -  Starting ControlCenterApplication 
INFO   [12:01:31.256] [main] i.d.s.SimpleServerFactory -  Registering jersey handler with root path prefix: /cc 
INFO   [12:01:31.276] [main] i.d.s.SimpleServerFactory -  Registering admin handler with root path prefix: /admin-cc 
INFO   [12:01:31.328] [main] o.e.j.s.SetUIDListener -  Opened ControlCenterApplication@7bef452c{HTTP/1.1}{0.0.0.0:8170} 
INFO   [12:01:31.331] [main] o.e.j.s.Server -  jetty-9.2.11.v20150529 
INFO   [12:01:31.917] [main] i.d.j.DropwizardResourceConfig -  The following paths were found for the configured resources:

    POST    /notification (org.mars.m2m.demo.controlcenter.resources.ControlCenterInterface)
    POST    /reportConnectedDevice (org.mars.m2m.demo.controlcenter.resources.ControlCenterInterface)
 
INFO   [12:01:31.919] [main] o.e.j.s.h.ContextHandler -  Started i.d.j.MutableServletContextHandler@522bf64e{/cc,null,AVAILABLE} 
INFO   [12:01:31.924] [main] i.d.s.AdminEnvironment -  tasks = 

    POST    /tasks/log-level (io.dropwizard.servlets.tasks.LogConfigurationTask)
    POST    /tasks/gc (io.dropwizard.servlets.tasks.GarbageCollectionTask)
 
INFO   [12:01:31.929] [main] o.e.j.s.h.ContextHandler -  Started i.d.j.MutableServletContextHandler@4a163575{/admin-cc,null,AVAILABLE} 
INFO   [12:01:31.978] [main] o.e.j.s.ServerConnector -  Started ControlCenterApplication@7bef452c{HTTP/1.1}{0.0.0.0:8170} 
INFO   [12:01:31.978] [main] o.e.j.s.Server -  Started @2852ms 
INFO   [12:01:43.067] [Thread-12] o.e.j.s.ServerConnector -  Stopped ControlCenterApplication@7bef452c{HTTP/1.1}{0.0.0.0:8170} 
INFO   [12:01:43.070] [Thread-12] o.e.j.s.h.ContextHandler -  Stopped i.d.j.MutableServletContextHandler@4a163575{/admin-cc,null,UNAVAILABLE} 
INFO   [12:01:43.078] [Thread-12] o.e.j.s.h.ContextHandler -  Stopped i.d.j.MutableServletContextHandler@522bf64e{/cc,null,UNAVAILABLE} 
INFO   [12:02:16.747] [main] o.e.j.u.log -  Logging initialized @1452ms 
ERROR  [12:02:17.422] [main] c.h.h.j.r.m.i.RDFDefaultErrorHandler -  unknown-source: {E213} null 
INFO   [12:02:17.437] [main] i.d.s.ServerFactory -  Starting ControlCenterApplication 
INFO   [12:02:17.447] [main] i.d.s.SimpleServerFactory -  Registering jersey handler with root path prefix: /cc 
INFO   [12:02:17.467] [main] i.d.s.SimpleServerFactory -  Registering admin handler with root path prefix: /admin-cc 
INFO   [12:02:17.526] [main] o.e.j.s.SetUIDListener -  Opened ControlCenterApplication@7bef452c{HTTP/1.1}{0.0.0.0:8170} 
INFO   [12:02:17.529] [main] o.e.j.s.Server -  jetty-9.2.11.v20150529 
INFO   [12:02:18.107] [main] i.d.j.DropwizardResourceConfig -  The following paths were found for the configured resources:

    POST    /notification (org.mars.m2m.demo.controlcenter.resources.ControlCenterInterface)
    POST    /reportConnectedDevice (org.mars.m2m.demo.controlcenter.resources.ControlCenterInterface)
 
INFO   [12:02:18.110] [main] o.e.j.s.h.ContextHandler -  Started i.d.j.MutableServletContextHandler@522bf64e{/cc,null,AVAILABLE} 
INFO   [12:02:18.114] [main] i.d.s.AdminEnvironment -  tasks = 

    POST    /tasks/log-level (io.dropwizard.servlets.tasks.LogConfigurationTask)
    POST    /tasks/gc (io.dropwizard.servlets.tasks.GarbageCollectionTask)
 
INFO   [12:02:18.119] [main] o.e.j.s.h.ContextHandler -  Started i.d.j.MutableServletContextHandler@4a163575{/admin-cc,null,AVAILABLE} 
INFO   [12:02:18.160] [main] o.e.j.s.ServerConnector -  Started ControlCenterApplication@7bef452c{HTTP/1.1}{0.0.0.0:8170} 
INFO   [12:02:18.160] [main] o.e.j.s.Server -  Started @2867ms 
INFO   [12:02:24.167] [Thread-12] o.e.j.s.ServerConnector -  Stopped ControlCenterApplication@7bef452c{HTTP/1.1}{0.0.0.0:8170} 
INFO   [12:02:24.169] [Thread-12] o.e.j.s.h.ContextHandler -  Stopped i.d.j.MutableServletContextHandler@4a163575{/admin-cc,null,UNAVAILABLE} 
INFO   [12:02:24.179] [Thread-12] o.e.j.s.h.ContextHandler -  Stopped i.d.j.MutableServletContextHandler@522bf64e{/cc,null,UNAVAILABLE} 
INFO   [12:02:59.810] [main] o.e.j.u.log -  Logging initialized @1412ms 
ERROR  [12:03:00.444] [main] c.h.h.j.r.m.i.RDFDefaultErrorHandler -  unknown-source: {E213} null 
INFO   [12:03:00.502] [main] i.d.s.ServerFactory -  Starting ControlCenterApplication 
INFO   [12:03:00.511] [main] i.d.s.SimpleServerFactory -  Registering jersey handler with root path prefix: /cc 
INFO   [12:03:00.588] [main] i.d.s.SimpleServerFactory -  Registering admin handler with root path prefix: /admin-cc 
INFO   [12:03:00.644] [main] o.e.j.s.SetUIDListener -  Opened ControlCenterApplication@7bef452c{HTTP/1.1}{0.0.0.0:8170} 
INFO   [12:03:00.648] [main] o.e.j.s.Server -  jetty-9.2.11.v20150529 
INFO   [12:03:01.320] [main] i.d.j.DropwizardResourceConfig -  The following paths were found for the configured resources:

    POST    /notification (org.mars.m2m.demo.controlcenter.resources.ControlCenterInterface)
    POST    /reportConnectedDevice (org.mars.m2m.demo.controlcenter.resources.ControlCenterInterface)
 
INFO   [12:03:01.322] [main] o.e.j.s.h.ContextHandler -  Started i.d.j.MutableServletContextHandler@522bf64e{/cc,null,AVAILABLE} 
INFO   [12:03:01.327] [main] i.d.s.AdminEnvironment -  tasks = 

    POST    /tasks/log-level (io.dropwizard.servlets.tasks.LogConfigurationTask)
    POST    /tasks/gc (io.dropwizard.servlets.tasks.GarbageCollectionTask)
 
INFO   [12:03:01.332] [main] o.e.j.s.h.ContextHandler -  Started i.d.j.MutableServletContextHandler@4a163575{/admin-cc,null,AVAILABLE} 
INFO   [12:03:01.379] [main] o.e.j.s.ServerConnector -  Started ControlCenterApplication@7bef452c{HTTP/1.1}{0.0.0.0:8170} 
INFO   [12:03:01.380] [main] o.e.j.s.Server -  Started @2985ms 
INFO   [12:03:15.053] [Thread-12] o.e.j.s.ServerConnector -  Stopped ControlCenterApplication@7bef452c{HTTP/1.1}{0.0.0.0:8170} 
INFO   [12:03:15.055] [Thread-12] o.e.j.s.h.ContextHandler -  Stopped i.d.j.MutableServletContextHandler@4a163575{/admin-cc,null,UNAVAILABLE} 
INFO   [12:03:15.061] [Thread-12] o.e.j.s.h.ContextHandler -  Stopped i.d.j.MutableServletContextHandler@522bf64e{/cc,null,UNAVAILABLE} 
INFO   [12:06:05.326] [main] o.e.j.u.log -  Logging initialized @1541ms 
ERROR  [12:06:06.356] [main] c.h.h.j.r.m.i.RDFDefaultErrorHandler -  unknown-source: {E213} null 
INFO   [12:06:06.368] [main] i.d.s.ServerFactory -  Starting ControlCenterApplication 
INFO   [12:06:06.379] [main] i.d.s.SimpleServerFactory -  Registering jersey handler with root path prefix: /cc 
INFO   [12:06:06.399] [main] i.d.s.SimpleServerFactory -  Registering admin handler with root path prefix: /admin-cc 
INFO   [12:06:06.453] [main] o.e.j.s.SetUIDListener -  Opened ControlCenterApplication@7bef452c{HTTP/1.1}{0.0.0.0:8170} 
INFO   [12:06:06.456] [main] o.e.j.s.Server -  jetty-9.2.11.v20150529 
INFO   [12:06:07.035] [main] i.d.j.DropwizardResourceConfig -  The following paths were found for the configured resources:

    POST    /notification (org.mars.m2m.demo.controlcenter.resources.ControlCenterInterface)
    POST    /reportConnectedDevice (org.mars.m2m.demo.controlcenter.resources.ControlCenterInterface)
 
INFO   [12:06:07.040] [main] o.e.j.s.h.ContextHandler -  Started i.d.j.MutableServletContextHandler@522bf64e{/cc,null,AVAILABLE} 
INFO   [12:06:07.045] [main] i.d.s.AdminEnvironment -  tasks = 

    POST    /tasks/log-level (io.dropwizard.servlets.tasks.LogConfigurationTask)
    POST    /tasks/gc (io.dropwizard.servlets.tasks.GarbageCollectionTask)
 
INFO   [12:06:07.051] [main] o.e.j.s.h.ContextHandler -  Started i.d.j.MutableServletContextHandler@4a163575{/admin-cc,null,AVAILABLE} 
INFO   [12:06:07.095] [main] o.e.j.s.ServerConnector -  Started ControlCenterApplication@7bef452c{HTTP/1.1}{0.0.0.0:8170} 
INFO   [12:06:07.095] [main] o.e.j.s.Server -  Started @3312ms 
INFO   [12:06:19.661] [Thread-12] o.e.j.s.ServerConnector -  Stopped ControlCenterApplication@7bef452c{HTTP/1.1}{0.0.0.0:8170} 
INFO   [12:06:19.665] [Thread-12] o.e.j.s.h.ContextHandler -  Stopped i.d.j.MutableServletContextHandler@4a163575{/admin-cc,null,UNAVAILABLE} 
INFO   [12:06:19.677] [Thread-12] o.e.j.s.h.ContextHandler -  Stopped i.d.j.MutableServletContextHandler@522bf64e{/cc,null,UNAVAILABLE} 
INFO   [12:07:05.527] [main] o.e.j.u.log -  Logging initialized @1578ms 
ERROR  [12:07:07.048] [main] c.h.h.j.r.m.i.RDFDefaultErrorHandler -  unknown-source: {E213} null 
INFO   [12:07:07.060] [main] i.d.s.ServerFactory -  Starting ControlCenterApplication 
INFO   [12:07:07.070] [main] i.d.s.SimpleServerFactory -  Registering jersey handler with root path prefix: /cc 
INFO   [12:07:07.094] [main] i.d.s.SimpleServerFactory -  Registering admin handler with root path prefix: /admin-cc 
INFO   [12:07:07.145] [main] o.e.j.s.SetUIDListener -  Opened ControlCenterApplication@7bef452c{HTTP/1.1}{0.0.0.0:8170} 
INFO   [12:07:07.148] [main] o.e.j.s.Server -  jetty-9.2.11.v20150529 
INFO   [12:07:07.714] [main] i.d.j.DropwizardResourceConfig -  The following paths were found for the configured resources:

    POST    /notification (org.mars.m2m.demo.controlcenter.resources.ControlCenterInterface)
    POST    /reportConnectedDevice (org.mars.m2m.demo.controlcenter.resources.ControlCenterInterface)
 
INFO   [12:07:07.717] [main] o.e.j.s.h.ContextHandler -  Started i.d.j.MutableServletContextHandler@522bf64e{/cc,null,AVAILABLE} 
INFO   [12:07:07.722] [main] i.d.s.AdminEnvironment -  tasks = 

    POST    /tasks/log-level (io.dropwizard.servlets.tasks.LogConfigurationTask)
    POST    /tasks/gc (io.dropwizard.servlets.tasks.GarbageCollectionTask)
 
INFO   [12:07:07.727] [main] o.e.j.s.h.ContextHandler -  Started i.d.j.MutableServletContextHandler@4a163575{/admin-cc,null,AVAILABLE} 
INFO   [12:07:07.767] [main] o.e.j.s.ServerConnector -  Started ControlCenterApplication@7bef452c{HTTP/1.1}{0.0.0.0:8170} 
INFO   [12:07:07.767] [main] o.e.j.s.Server -  Started @3820ms 
INFO   [12:07:18.654] [Thread-12] o.e.j.s.ServerConnector -  Stopped ControlCenterApplication@7bef452c{HTTP/1.1}{0.0.0.0:8170} 
INFO   [12:07:18.657] [Thread-12] o.e.j.s.h.ContextHandler -  Stopped i.d.j.MutableServletContextHandler@4a163575{/admin-cc,null,UNAVAILABLE} 
INFO   [12:07:18.662] [Thread-12] o.e.j.s.h.ContextHandler -  Stopped i.d.j.MutableServletContextHandler@522bf64e{/cc,null,UNAVAILABLE} 
INFO   [12:26:33.922] [main] o.e.j.u.log -  Logging initialized @1512ms 
ERROR  [12:26:35.542] [main] c.h.h.j.r.m.i.RDFDefaultErrorHandler -  unknown-source: {E213} null 
INFO   [12:26:35.555] [main] i.d.s.ServerFactory -  Starting ControlCenterApplication 
INFO   [12:26:35.566] [main] i.d.s.SimpleServerFactory -  Registering jersey handler with root path prefix: /cc 
INFO   [12:26:35.584] [main] i.d.s.SimpleServerFactory -  Registering admin handler with root path prefix: /admin-cc 
INFO   [12:26:35.626] [main] o.e.j.s.SetUIDListener -  Opened ControlCenterApplication@7bef452c{HTTP/1.1}{0.0.0.0:8170} 
INFO   [12:26:35.629] [main] o.e.j.s.Server -  jetty-9.2.11.v20150529 
INFO   [12:26:36.182] [main] i.d.j.DropwizardResourceConfig -  The following paths were found for the configured resources:

    POST    /notification (org.mars.m2m.demo.controlcenter.resources.ControlCenterInterface)
    POST    /reportConnectedDevice (org.mars.m2m.demo.controlcenter.resources.ControlCenterInterface)
 
INFO   [12:26:36.185] [main] o.e.j.s.h.ContextHandler -  Started i.d.j.MutableServletContextHandler@522bf64e{/cc,null,AVAILABLE} 
INFO   [12:26:36.192] [main] i.d.s.AdminEnvironment -  tasks = 

    POST    /tasks/log-level (io.dropwizard.servlets.tasks.LogConfigurationTask)
    POST    /tasks/gc (io.dropwizard.servlets.tasks.GarbageCollectionTask)
 
INFO   [12:26:36.197] [main] o.e.j.s.h.ContextHandler -  Started i.d.j.MutableServletContextHandler@4a163575{/admin-cc,null,AVAILABLE} 
INFO   [12:26:36.238] [main] o.e.j.s.ServerConnector -  Started ControlCenterApplication@7bef452c{HTTP/1.1}{0.0.0.0:8170} 
INFO   [12:26:36.238] [main] o.e.j.s.Server -  Started @3831ms 
INFO   [12:26:51.110] [Thread-12] o.e.j.s.ServerConnector -  Stopped ControlCenterApplication@7bef452c{HTTP/1.1}{0.0.0.0:8170} 
INFO   [12:26:51.112] [Thread-12] o.e.j.s.h.ContextHandler -  Stopped i.d.j.MutableServletContextHandler@4a163575{/admin-cc,null,UNAVAILABLE} 
INFO   [12:26:51.117] [Thread-12] o.e.j.s.h.ContextHandler -  Stopped i.d.j.MutableServletContextHandler@522bf64e{/cc,null,UNAVAILABLE} 
INFO   [12:27:59.557] [main] o.e.j.u.log -  Logging initialized @1651ms 
ERROR  [12:28:00.918] [main] c.h.h.j.r.m.i.RDFDefaultErrorHandler -  unknown-source: {E213} null 
INFO   [12:28:00.933] [main] i.d.s.ServerFactory -  Starting ControlCenterApplication 
INFO   [12:28:00.942] [main] i.d.s.SimpleServerFactory -  Registering jersey handler with root path prefix: /cc 
INFO   [12:28:00.961] [main] i.d.s.SimpleServerFactory -  Registering admin handler with root path prefix: /admin-cc 
INFO   [12:28:01.012] [main] o.e.j.s.SetUIDListener -  Opened ControlCenterApplication@7bef452c{HTTP/1.1}{0.0.0.0:8170} 
INFO   [12:28:01.014] [main] o.e.j.s.Server -  jetty-9.2.11.v20150529 
INFO   [12:28:01.580] [main] i.d.j.DropwizardResourceConfig -  The following paths were found for the configured resources:

    POST    /notification (org.mars.m2m.demo.controlcenter.resources.ControlCenterInterface)
    POST    /reportConnectedDevice (org.mars.m2m.demo.controlcenter.resources.ControlCenterInterface)
 
INFO   [12:28:01.584] [main] o.e.j.s.h.ContextHandler -  Started i.d.j.MutableServletContextHandler@522bf64e{/cc,null,AVAILABLE} 
INFO   [12:28:01.590] [main] i.d.s.AdminEnvironment -  tasks = 

    POST    /tasks/log-level (io.dropwizard.servlets.tasks.LogConfigurationTask)
    POST    /tasks/gc (io.dropwizard.servlets.tasks.GarbageCollectionTask)
 
INFO   [12:28:01.597] [main] o.e.j.s.h.ContextHandler -  Started i.d.j.MutableServletContextHandler@4a163575{/admin-cc,null,AVAILABLE} 
INFO   [12:28:01.640] [main] o.e.j.s.ServerConnector -  Started ControlCenterApplication@7bef452c{HTTP/1.1}{0.0.0.0:8170} 
INFO   [12:28:01.640] [main] o.e.j.s.Server -  Started @3736ms 
INFO   [12:28:09.903] [Thread-12] o.e.j.s.ServerConnector -  Stopped ControlCenterApplication@7bef452c{HTTP/1.1}{0.0.0.0:8170} 
INFO   [12:28:09.904] [Thread-12] o.e.j.s.h.ContextHandler -  Stopped i.d.j.MutableServletContextHandler@4a163575{/admin-cc,null,UNAVAILABLE} 
INFO   [12:28:09.908] [Thread-12] o.e.j.s.h.ContextHandler -  Stopped i.d.j.MutableServletContextHandler@522bf64e{/cc,null,UNAVAILABLE} 
INFO   [12:28:51.825] [main] o.e.j.u.log -  Logging initialized @1344ms 
ERROR  [12:28:52.378] [main] c.h.h.j.r.m.i.RDFDefaultErrorHandler -  unknown-source: {E213} null 
INFO   [12:28:52.389] [main] i.d.s.ServerFactory -  Starting ControlCenterApplication 
INFO   [12:28:52.399] [main] i.d.s.SimpleServerFactory -  Registering jersey handler with root path prefix: /cc 
INFO   [12:28:52.426] [main] i.d.s.SimpleServerFactory -  Registering admin handler with root path prefix: /admin-cc 
INFO   [12:28:52.465] [main] o.e.j.s.SetUIDListener -  Opened ControlCenterApplication@7bef452c{HTTP/1.1}{0.0.0.0:8170} 
INFO   [12:28:52.470] [main] o.e.j.s.Server -  jetty-9.2.11.v20150529 
INFO   [12:28:53.040] [main] i.d.j.DropwizardResourceConfig -  The following paths were found for the configured resources:

    POST    /notification (org.mars.m2m.demo.controlcenter.resources.ControlCenterInterface)
    POST    /reportConnectedDevice (org.mars.m2m.demo.controlcenter.resources.ControlCenterInterface)
 
INFO   [12:28:53.047] [main] o.e.j.s.h.ContextHandler -  Started i.d.j.MutableServletContextHandler@522bf64e{/cc,null,AVAILABLE} 
INFO   [12:28:53.052] [main] i.d.s.AdminEnvironment -  tasks = 

    POST    /tasks/log-level (io.dropwizard.servlets.tasks.LogConfigurationTask)
    POST    /tasks/gc (io.dropwizard.servlets.tasks.GarbageCollectionTask)
 
INFO   [12:28:53.057] [main] o.e.j.s.h.ContextHandler -  Started i.d.j.MutableServletContextHandler@4a163575{/admin-cc,null,AVAILABLE} 
INFO   [12:28:53.096] [main] o.e.j.s.ServerConnector -  Started ControlCenterApplication@7bef452c{HTTP/1.1}{0.0.0.0:8170} 
INFO   [12:28:53.096] [main] o.e.j.s.Server -  Started @2617ms 
INFO   [12:30:00.156] [Thread-12] o.e.j.s.ServerConnector -  Stopped ControlCenterApplication@7bef452c{HTTP/1.1}{0.0.0.0:8170} 
INFO   [12:30:00.160] [Thread-12] o.e.j.s.h.ContextHandler -  Stopped i.d.j.MutableServletContextHandler@4a163575{/admin-cc,null,UNAVAILABLE} 
INFO   [12:30:00.170] [Thread-12] o.e.j.s.h.ContextHandler -  Stopped i.d.j.MutableServletContextHandler@522bf64e{/cc,null,UNAVAILABLE} 
INFO   [13:01:52.943] [main] o.e.j.u.log -  Logging initialized @1334ms 
ERROR  [13:01:53.550] [main] c.h.h.j.r.m.i.RDFDefaultErrorHandler -  unknown-source: {E213} null 
INFO   [13:01:53.563] [main] i.d.s.ServerFactory -  Starting ControlCenterApplication 
INFO   [13:01:53.573] [main] i.d.s.SimpleServerFactory -  Registering jersey handler with root path prefix: /cc 
INFO   [13:01:53.591] [main] i.d.s.SimpleServerFactory -  Registering admin handler with root path prefix: /admin-cc 
INFO   [13:01:53.637] [main] o.e.j.s.SetUIDListener -  Opened ControlCenterApplication@7bef452c{HTTP/1.1}{0.0.0.0:8170} 
INFO   [13:01:53.641] [main] o.e.j.s.Server -  jetty-9.2.11.v20150529 
INFO   [13:01:54.172] [main] i.d.j.DropwizardResourceConfig -  The following paths were found for the configured resources:

    POST    /notification (org.mars.m2m.demo.controlcenter.resources.ControlCenterInterface)
    POST    /reportConnectedDevice (org.mars.m2m.demo.controlcenter.resources.ControlCenterInterface)
 
INFO   [13:01:54.174] [main] o.e.j.s.h.ContextHandler -  Started i.d.j.MutableServletContextHandler@522bf64e{/cc,null,AVAILABLE} 
INFO   [13:01:54.178] [main] i.d.s.AdminEnvironment -  tasks = 

    POST    /tasks/log-level (io.dropwizard.servlets.tasks.LogConfigurationTask)
    POST    /tasks/gc (io.dropwizard.servlets.tasks.GarbageCollectionTask)
 
INFO   [13:01:54.183] [main] o.e.j.s.h.ContextHandler -  Started i.d.j.MutableServletContextHandler@4a163575{/admin-cc,null,AVAILABLE} 
INFO   [13:01:54.222] [main] o.e.j.s.ServerConnector -  Started ControlCenterApplication@7bef452c{HTTP/1.1}{0.0.0.0:8170} 
INFO   [13:01:54.222] [main] o.e.j.s.Server -  Started @2615ms 
ERROR  [13:02:31.018] [jersey-client-async-executor-0] o.m.m.d.c.c.LoadUAVs -  java.lang.NullPointerException 
INFO   [13:02:43.760] [Thread-12] o.e.j.s.ServerConnector -  Stopped ControlCenterApplication@7bef452c{HTTP/1.1}{0.0.0.0:8170} 
INFO   [13:02:43.762] [Thread-12] o.e.j.s.h.ContextHandler -  Stopped i.d.j.MutableServletContextHandler@4a163575{/admin-cc,null,UNAVAILABLE} 
INFO   [13:02:43.768] [Thread-12] o.e.j.s.h.ContextHandler -  Stopped i.d.j.MutableServletContextHandler@522bf64e{/cc,null,UNAVAILABLE} 
INFO   [13:05:19.244] [main] o.e.j.u.log -  Logging initialized @1339ms 
ERROR  [13:05:19.797] [main] c.h.h.j.r.m.i.RDFDefaultErrorHandler -  unknown-source: {E213} null 
INFO   [13:05:19.809] [main] i.d.s.ServerFactory -  Starting ControlCenterApplication 
INFO   [13:05:19.822] [main] i.d.s.SimpleServerFactory -  Registering jersey handler with root path prefix: /cc 
INFO   [13:05:19.841] [main] i.d.s.SimpleServerFactory -  Registering admin handler with root path prefix: /admin-cc 
INFO   [13:05:19.893] [main] o.e.j.s.SetUIDListener -  Opened ControlCenterApplication@7bef452c{HTTP/1.1}{0.0.0.0:8170} 
INFO   [13:05:19.897] [main] o.e.j.s.Server -  jetty-9.2.11.v20150529 
INFO   [13:05:20.461] [main] i.d.j.DropwizardResourceConfig -  The following paths were found for the configured resources:

    POST    /notification (org.mars.m2m.demo.controlcenter.resources.ControlCenterInterface)
    POST    /reportConnectedDevice (org.mars.m2m.demo.controlcenter.resources.ControlCenterInterface)
 
INFO   [13:05:20.465] [main] o.e.j.s.h.ContextHandler -  Started i.d.j.MutableServletContextHandler@522bf64e{/cc,null,AVAILABLE} 
INFO   [13:05:20.471] [main] i.d.s.AdminEnvironment -  tasks = 

    POST    /tasks/log-level (io.dropwizard.servlets.tasks.LogConfigurationTask)
    POST    /tasks/gc (io.dropwizard.servlets.tasks.GarbageCollectionTask)
 
INFO   [13:05:20.475] [main] o.e.j.s.h.ContextHandler -  Started i.d.j.MutableServletContextHandler@4a163575{/admin-cc,null,AVAILABLE} 
INFO   [13:05:20.525] [main] o.e.j.s.ServerConnector -  Started ControlCenterApplication@7bef452c{HTTP/1.1}{0.0.0.0:8170} 
INFO   [13:05:20.525] [main] o.e.j.s.Server -  Started @2622ms 
ERROR  [13:05:25.373] [jersey-client-async-executor-0] o.m.m.d.c.c.LoadUAVs -  java.lang.NullPointerException 
INFO   [13:05:34.841] [Thread-12] o.e.j.s.ServerConnector -  Stopped ControlCenterApplication@7bef452c{HTTP/1.1}{0.0.0.0:8170} 
INFO   [13:05:34.843] [Thread-12] o.e.j.s.h.ContextHandler -  Stopped i.d.j.MutableServletContextHandler@4a163575{/admin-cc,null,UNAVAILABLE} 
INFO   [13:05:34.855] [Thread-12] o.e.j.s.h.ContextHandler -  Stopped i.d.j.MutableServletContextHandler@522bf64e{/cc,null,UNAVAILABLE} 
INFO   [13:05:48.058] [main] o.e.j.u.log -  Logging initialized @3614ms 
ERROR  [13:06:05.064] [main] c.h.h.j.r.m.i.RDFDefaultErrorHandler -  unknown-source: {E213} null 
INFO   [13:06:05.237] [main] i.d.s.ServerFactory -  Starting ControlCenterApplication 
INFO   [13:06:05.266] [main] i.d.s.SimpleServerFactory -  Registering jersey handler with root path prefix: /cc 
INFO   [13:06:05.354] [main] i.d.s.SimpleServerFactory -  Registering admin handler with root path prefix: /admin-cc 
INFO   [13:06:05.471] [main] o.e.j.s.SetUIDListener -  Opened ControlCenterApplication@72503b19{HTTP/1.1}{0.0.0.0:8170} 
INFO   [13:06:05.479] [main] o.e.j.s.Server -  jetty-9.2.11.v20150529 
INFO   [13:06:08.029] [main] i.d.j.DropwizardResourceConfig -  The following paths were found for the configured resources:

    POST    /notification (org.mars.m2m.demo.controlcenter.resources.ControlCenterInterface)
    POST    /reportConnectedDevice (org.mars.m2m.demo.controlcenter.resources.ControlCenterInterface)
 
INFO   [13:06:08.041] [main] o.e.j.s.h.ContextHandler -  Started i.d.j.MutableServletContextHandler@7d37ee0c{/cc,null,AVAILABLE} 
INFO   [13:06:08.064] [main] i.d.s.AdminEnvironment -  tasks = 

    POST    /tasks/log-level (io.dropwizard.servlets.tasks.LogConfigurationTask)
    POST    /tasks/gc (io.dropwizard.servlets.tasks.GarbageCollectionTask)
 
INFO   [13:06:08.086] [main] o.e.j.s.h.ContextHandler -  Started i.d.j.MutableServletContextHandler@5939e24{/admin-cc,null,AVAILABLE} 
INFO   [13:06:08.195] [main] o.e.j.s.ServerConnector -  Started ControlCenterApplication@72503b19{HTTP/1.1}{0.0.0.0:8170} 
INFO   [13:06:08.196] [main] o.e.j.s.Server -  Started @23756ms 
INFO   [13:10:02.401] [main] o.e.j.u.log -  Logging initialized @1500ms 
ERROR  [13:10:03.114] [main] c.h.h.j.r.m.i.RDFDefaultErrorHandler -  unknown-source: {E213} null 
INFO   [13:10:03.131] [main] i.d.s.ServerFactory -  Starting ControlCenterApplication 
INFO   [13:10:03.141] [main] i.d.s.SimpleServerFactory -  Registering jersey handler with root path prefix: /cc 
INFO   [13:10:03.165] [main] i.d.s.SimpleServerFactory -  Registering admin handler with root path prefix: /admin-cc 
INFO   [13:10:03.205] [main] o.e.j.s.SetUIDListener -  Opened ControlCenterApplication@7bef452c{HTTP/1.1}{0.0.0.0:8170} 
INFO   [13:10:03.208] [main] o.e.j.s.Server -  jetty-9.2.11.v20150529 
INFO   [13:10:03.722] [main] i.d.j.DropwizardResourceConfig -  The following paths were found for the configured resources:

    POST    /notification (org.mars.m2m.demo.controlcenter.resources.ControlCenterInterface)
    POST    /reportConnectedDevice (org.mars.m2m.demo.controlcenter.resources.ControlCenterInterface)
 
INFO   [13:10:03.731] [main] o.e.j.s.h.ContextHandler -  Started i.d.j.MutableServletContextHandler@522bf64e{/cc,null,AVAILABLE} 
INFO   [13:10:03.736] [main] i.d.s.AdminEnvironment -  tasks = 

    POST    /tasks/log-level (io.dropwizard.servlets.tasks.LogConfigurationTask)
    POST    /tasks/gc (io.dropwizard.servlets.tasks.GarbageCollectionTask)
 
INFO   [13:10:03.741] [main] o.e.j.s.h.ContextHandler -  Started i.d.j.MutableServletContextHandler@4a163575{/admin-cc,null,AVAILABLE} 
INFO   [13:10:03.780] [main] o.e.j.s.ServerConnector -  Started ControlCenterApplication@7bef452c{HTTP/1.1}{0.0.0.0:8170} 
INFO   [13:10:03.780] [main] o.e.j.s.Server -  Started @2882ms 
ERROR  [13:10:06.971] [jersey-client-async-executor-0] o.m.m.d.c.c.LoadUAVs -  java.lang.NullPointerException 
INFO   [13:10:18.037] [Thread-12] o.e.j.s.ServerConnector -  Stopped ControlCenterApplication@7bef452c{HTTP/1.1}{0.0.0.0:8170} 
INFO   [13:10:18.039] [Thread-12] o.e.j.s.h.ContextHandler -  Stopped i.d.j.MutableServletContextHandler@4a163575{/admin-cc,null,UNAVAILABLE} 
INFO   [13:10:18.049] [Thread-12] o.e.j.s.h.ContextHandler -  Stopped i.d.j.MutableServletContextHandler@522bf64e{/cc,null,UNAVAILABLE} 
INFO   [13:11:08.923] [main] o.e.j.u.log -  Logging initialized @1349ms 
ERROR  [13:11:09.530] [main] c.h.h.j.r.m.i.RDFDefaultErrorHandler -  unknown-source: {E213} null 
INFO   [13:11:09.541] [main] i.d.s.ServerFactory -  Starting ControlCenterApplication 
INFO   [13:11:09.550] [main] i.d.s.SimpleServerFactory -  Registering jersey handler with root path prefix: /cc 
INFO   [13:11:09.570] [main] i.d.s.SimpleServerFactory -  Registering admin handler with root path prefix: /admin-cc 
INFO   [13:11:09.621] [main] o.e.j.s.SetUIDListener -  Opened ControlCenterApplication@7bef452c{HTTP/1.1}{0.0.0.0:8170} 
INFO   [13:11:09.624] [main] o.e.j.s.Server -  jetty-9.2.11.v20150529 
INFO   [13:11:10.131] [main] i.d.j.DropwizardResourceConfig -  The following paths were found for the configured resources:

    POST    /notification (org.mars.m2m.demo.controlcenter.resources.ControlCenterInterface)
    POST    /reportConnectedDevice (org.mars.m2m.demo.controlcenter.resources.ControlCenterInterface)
 
INFO   [13:11:10.134] [main] o.e.j.s.h.ContextHandler -  Started i.d.j.MutableServletContextHandler@522bf64e{/cc,null,AVAILABLE} 
INFO   [13:11:10.139] [main] i.d.s.AdminEnvironment -  tasks = 

    POST    /tasks/log-level (io.dropwizard.servlets.tasks.LogConfigurationTask)
    POST    /tasks/gc (io.dropwizard.servlets.tasks.GarbageCollectionTask)
 
INFO   [13:11:10.145] [main] o.e.j.s.h.ContextHandler -  Started i.d.j.MutableServletContextHandler@4a163575{/admin-cc,null,AVAILABLE} 
INFO   [13:11:10.184] [main] o.e.j.s.ServerConnector -  Started ControlCenterApplication@7bef452c{HTTP/1.1}{0.0.0.0:8170} 
INFO   [13:11:10.184] [main] o.e.j.s.Server -  Started @2612ms 
INFO   [13:13:01.516] [main] o.e.j.u.log -  Logging initialized @1305ms 
ERROR  [13:13:02.068] [main] c.h.h.j.r.m.i.RDFDefaultErrorHandler -  unknown-source: {E213} null 
INFO   [13:13:02.083] [main] i.d.s.ServerFactory -  Starting ControlCenterApplication 
INFO   [13:13:02.093] [main] i.d.s.SimpleServerFactory -  Registering jersey handler with root path prefix: /cc 
INFO   [13:13:02.112] [main] i.d.s.SimpleServerFactory -  Registering admin handler with root path prefix: /admin-cc 
INFO   [13:13:02.151] [main] o.e.j.s.SetUIDListener -  Opened ControlCenterApplication@7bef452c{HTTP/1.1}{0.0.0.0:8170} 
INFO   [13:13:02.156] [main] o.e.j.s.Server -  jetty-9.2.11.v20150529 
INFO   [13:13:02.715] [main] i.d.j.DropwizardResourceConfig -  The following paths were found for the configured resources:

    POST    /notification (org.mars.m2m.demo.controlcenter.resources.ControlCenterInterface)
    POST    /reportConnectedDevice (org.mars.m2m.demo.controlcenter.resources.ControlCenterInterface)
 
INFO   [13:13:02.718] [main] o.e.j.s.h.ContextHandler -  Started i.d.j.MutableServletContextHandler@522bf64e{/cc,null,AVAILABLE} 
INFO   [13:13:02.723] [main] i.d.s.AdminEnvironment -  tasks = 

    POST    /tasks/log-level (io.dropwizard.servlets.tasks.LogConfigurationTask)
    POST    /tasks/gc (io.dropwizard.servlets.tasks.GarbageCollectionTask)
 
INFO   [13:13:02.731] [main] o.e.j.s.h.ContextHandler -  Started i.d.j.MutableServletContextHandler@4a163575{/admin-cc,null,AVAILABLE} 
INFO   [13:13:02.777] [main] o.e.j.s.ServerConnector -  Started ControlCenterApplication@7bef452c{HTTP/1.1}{0.0.0.0:8170} 
INFO   [13:13:02.778] [main] o.e.j.s.Server -  Started @2570ms 
INFO   [13:13:27.571] [Thread-12] o.e.j.s.ServerConnector -  Stopped ControlCenterApplication@7bef452c{HTTP/1.1}{0.0.0.0:8170} 
INFO   [13:13:27.573] [Thread-12] o.e.j.s.h.ContextHandler -  Stopped i.d.j.MutableServletContextHandler@4a163575{/admin-cc,null,UNAVAILABLE} 
INFO   [13:13:27.579] [Thread-12] o.e.j.s.h.ContextHandler -  Stopped i.d.j.MutableServletContextHandler@522bf64e{/cc,null,UNAVAILABLE} 
INFO   [13:17:33.048] [main] o.e.j.u.log -  Logging initialized @4102ms 
ERROR  [13:17:55.190] [main] c.h.h.j.r.m.i.RDFDefaultErrorHandler -  unknown-source: {E213} null 
INFO   [13:17:55.374] [main] i.d.s.ServerFactory -  Starting ControlCenterApplication 
INFO   [13:17:55.405] [main] i.d.s.SimpleServerFactory -  Registering jersey handler with root path prefix: /cc 
INFO   [13:17:55.489] [main] i.d.s.SimpleServerFactory -  Registering admin handler with root path prefix: /admin-cc 
INFO   [13:17:55.609] [main] o.e.j.s.SetUIDListener -  Opened ControlCenterApplication@124d02b2{HTTP/1.1}{0.0.0.0:8170} 
INFO   [13:17:55.617] [main] o.e.j.s.Server -  jetty-9.2.11.v20150529 
INFO   [13:17:58.179] [main] i.d.j.DropwizardResourceConfig -  The following paths were found for the configured resources:

    POST    /notification (org.mars.m2m.demo.controlcenter.resources.ControlCenterInterface)
    POST    /reportConnectedDevice (org.mars.m2m.demo.controlcenter.resources.ControlCenterInterface)
 
INFO   [13:17:58.191] [main] o.e.j.s.h.ContextHandler -  Started i.d.j.MutableServletContextHandler@7d0cd23c{/cc,null,AVAILABLE} 
INFO   [13:17:58.216] [main] i.d.s.AdminEnvironment -  tasks = 

    POST    /tasks/log-level (io.dropwizard.servlets.tasks.LogConfigurationTask)
    POST    /tasks/gc (io.dropwizard.servlets.tasks.GarbageCollectionTask)
 
INFO   [13:17:58.237] [main] o.e.j.s.h.ContextHandler -  Started i.d.j.MutableServletContextHandler@6c835217{/admin-cc,null,AVAILABLE} 
INFO   [13:17:58.344] [main] o.e.j.s.ServerConnector -  Started ControlCenterApplication@124d02b2{HTTP/1.1}{0.0.0.0:8170} 
INFO   [13:17:58.345] [main] o.e.j.s.Server -  Started @29402ms 
