INFO   [11:11:58.607] [main] o.e.j.u.log -  Logging initialized @1781ms 
INFO   [11:11:58.779] [main] i.d.s.ServerFactory -  Starting BootstrapServerApplication 
INFO   [11:11:58.787] [main] i.d.s.SimpleServerFactory -  Registering jersey handler with root path prefix: /bs 
INFO   [11:11:58.803] [main] i.d.s.SimpleServerFactory -  Registering admin handler with root path prefix: /admin-bs 
INFO   [11:11:58.862] [main] o.e.j.s.SetUIDListener -  Opened BootstrapServerApplication@d5ae57e{HTTP/1.1}{0.0.0.0:8075} 
INFO   [11:11:58.864] [main] o.e.j.s.Server -  jetty-9.2.11.v20150529 
INFO   [11:11:59.495] [main] i.d.j.DropwizardResourceConfig -  The following paths were found for the configured resources:

    POST    / (org.mars.m2m.bootstrapserver.Resources.BootstrapEndpoint)
    GET     /{endpoint} (org.mars.m2m.bootstrapserver.Resources.BootstrapEndpoint)
 
INFO   [11:11:59.501] [main] o.e.j.s.h.ContextHandler -  Started i.d.j.MutableServletContextHandler@3104f7bd{/bs,null,AVAILABLE} 
INFO   [11:11:59.513] [main] i.d.s.AdminEnvironment -  tasks = 

    POST    /tasks/log-level (io.dropwizard.servlets.tasks.LogConfigurationTask)
    POST    /tasks/gc (io.dropwizard.servlets.tasks.GarbageCollectionTask)
 
INFO   [11:11:59.520] [main] o.e.j.s.h.ContextHandler -  Started i.d.j.MutableServletContextHandler@5a67e962{/admin-bs,null,AVAILABLE} 
INFO   [11:11:59.589] [main] o.e.j.s.ServerConnector -  Started BootstrapServerApplication@d5ae57e{HTTP/1.1}{0.0.0.0:8075} 
INFO   [11:11:59.590] [main] o.e.j.s.Server -  Started @2766ms 
INFO   [11:15:56.623] [main] o.e.j.u.log -  Logging initialized @1153ms 
INFO   [11:15:56.708] [main] o.e.c.c.n.c.NetworkConfig -  Loading standard properties from file Californium.properties 
INFO   [11:15:56.760] [main] o.e.c.c.CoapServer -  Starting server 
INFO   [11:15:56.760] [main] o.e.c.c.n.CoAPEndpoint -  Starting endpoint at localhost/127.0.0.1:5070 
INFO   [11:15:56.784] [main] o.e.c.c.n.CoAPEndpoint -  Starting endpoint at localhost/127.0.0.1:5073 
INFO   [11:15:56.785] [main] o.e.l.s.c.i.LwM2mBootstrapServerImpl -  LW-M2M server started 
INFO   [11:15:56.790] [main] i.d.s.ServerFactory -  Starting BootstrapServerApplication 
INFO   [11:15:56.797] [main] i.d.s.SimpleServerFactory -  Registering jersey handler with root path prefix: /bs 
INFO   [11:15:56.812] [main] i.d.s.SimpleServerFactory -  Registering admin handler with root path prefix: /admin-bs 
INFO   [11:15:56.846] [main] o.e.j.s.SetUIDListener -  Opened BootstrapServerApplication@2f94c4db{HTTP/1.1}{0.0.0.0:8075} 
INFO   [11:15:56.849] [main] o.e.j.s.Server -  jetty-9.2.11.v20150529 
INFO   [11:15:57.385] [main] i.d.j.DropwizardResourceConfig -  The following paths were found for the configured resources:

    POST    / (org.mars.m2m.bootstrapserver.Resources.BootstrapEndpoint)
    GET     /{endpoint} (org.mars.m2m.bootstrapserver.Resources.BootstrapEndpoint)
 
INFO   [11:15:57.387] [main] o.e.j.s.h.ContextHandler -  Started i.d.j.MutableServletContextHandler@38704ff0{/bs,null,AVAILABLE} 
INFO   [11:15:57.392] [main] i.d.s.AdminEnvironment -  tasks = 

    POST    /tasks/log-level (io.dropwizard.servlets.tasks.LogConfigurationTask)
    POST    /tasks/gc (io.dropwizard.servlets.tasks.GarbageCollectionTask)
 
INFO   [11:15:57.398] [main] o.e.j.s.h.ContextHandler -  Started i.d.j.MutableServletContextHandler@6ee8dcd3{/admin-bs,null,AVAILABLE} 
INFO   [11:15:57.443] [main] o.e.j.s.ServerConnector -  Started BootstrapServerApplication@2f94c4db{HTTP/1.1}{0.0.0.0:8075} 
INFO   [11:15:57.443] [main] o.e.j.s.Server -  Started @1975ms 
INFO   [11:17:41.217] [main] o.e.j.u.log -  Logging initialized @1199ms 
INFO   [11:17:41.309] [main] o.e.c.c.n.c.NetworkConfig -  Loading standard properties from file Californium.properties 
INFO   [11:17:41.340] [main] o.e.c.c.CoapServer -  Starting server 
INFO   [11:17:41.340] [main] o.e.c.c.n.CoAPEndpoint -  Starting endpoint at localhost/127.0.0.1:5070 
INFO   [11:17:41.346] [main] o.e.c.c.n.CoAPEndpoint -  Starting endpoint at localhost/127.0.0.1:5073 
INFO   [11:17:41.346] [main] o.e.l.s.c.i.LwM2mBootstrapServerImpl -  LW-M2M server started 
INFO   [11:17:41.351] [main] i.d.s.ServerFactory -  Starting BootstrapServerApplication 
INFO   [11:17:41.359] [main] i.d.s.SimpleServerFactory -  Registering jersey handler with root path prefix: /bs 
INFO   [11:17:41.374] [main] i.d.s.SimpleServerFactory -  Registering admin handler with root path prefix: /admin-bs 
INFO   [11:17:41.408] [main] o.e.j.s.SetUIDListener -  Opened BootstrapServerApplication@2f94c4db{HTTP/1.1}{0.0.0.0:8075} 
INFO   [11:17:41.411] [main] o.e.j.s.Server -  jetty-9.2.11.v20150529 
INFO   [11:17:41.937] [main] i.d.j.DropwizardResourceConfig -  The following paths were found for the configured resources:

    POST    / (org.mars.m2m.bootstrapserver.Resources.BootstrapEndpoint)
    GET     /{endpoint} (org.mars.m2m.bootstrapserver.Resources.BootstrapEndpoint)
 
INFO   [11:17:41.940] [main] o.e.j.s.h.ContextHandler -  Started i.d.j.MutableServletContextHandler@38704ff0{/bs,null,AVAILABLE} 
INFO   [11:17:41.946] [main] i.d.s.AdminEnvironment -  tasks = 

    POST    /tasks/log-level (io.dropwizard.servlets.tasks.LogConfigurationTask)
    POST    /tasks/gc (io.dropwizard.servlets.tasks.GarbageCollectionTask)
 
INFO   [11:17:41.952] [main] o.e.j.s.h.ContextHandler -  Started i.d.j.MutableServletContextHandler@6ee8dcd3{/admin-bs,null,AVAILABLE} 
INFO   [11:17:41.998] [main] o.e.j.s.ServerConnector -  Started BootstrapServerApplication@2f94c4db{HTTP/1.1}{0.0.0.0:8075} 
INFO   [11:17:41.998] [main] o.e.j.s.Server -  Started @1981ms 
INFO   [11:18:45.287] [main] o.e.j.u.log -  Logging initialized @1154ms 
INFO   [11:18:45.371] [main] o.e.c.c.n.c.NetworkConfig -  Loading standard properties from file Californium.properties 
INFO   [11:18:45.399] [main] o.e.c.c.CoapServer -  Starting server 
INFO   [11:18:45.400] [main] o.e.c.c.n.CoAPEndpoint -  Starting endpoint at localhost/127.0.0.1:5070 
INFO   [11:18:45.405] [main] o.e.c.c.n.CoAPEndpoint -  Starting endpoint at localhost/127.0.0.1:5073 
INFO   [11:18:45.406] [main] o.e.l.s.c.i.LwM2mBootstrapServerImpl -  LW-M2M server started 
INFO   [11:18:45.411] [main] i.d.s.ServerFactory -  Starting BootstrapServerApplication 
INFO   [11:18:45.419] [main] i.d.s.SimpleServerFactory -  Registering jersey handler with root path prefix: /bs 
INFO   [11:18:45.433] [main] i.d.s.SimpleServerFactory -  Registering admin handler with root path prefix: /admin-bs 
INFO   [11:18:45.465] [main] o.e.j.s.SetUIDListener -  Opened BootstrapServerApplication@2f94c4db{HTTP/1.1}{0.0.0.0:8075} 
INFO   [11:18:45.469] [main] o.e.j.s.Server -  jetty-9.2.11.v20150529 
INFO   [11:18:45.965] [main] i.d.j.DropwizardResourceConfig -  The following paths were found for the configured resources:

    POST    / (org.mars.m2m.bootstrapserver.Resources.BootstrapEndpoint)
    GET     /{endpoint} (org.mars.m2m.bootstrapserver.Resources.BootstrapEndpoint)
 
INFO   [11:18:45.967] [main] o.e.j.s.h.ContextHandler -  Started i.d.j.MutableServletContextHandler@38704ff0{/bs,null,AVAILABLE} 
INFO   [11:18:45.972] [main] i.d.s.AdminEnvironment -  tasks = 

    POST    /tasks/log-level (io.dropwizard.servlets.tasks.LogConfigurationTask)
    POST    /tasks/gc (io.dropwizard.servlets.tasks.GarbageCollectionTask)
 
INFO   [11:18:45.978] [main] o.e.j.s.h.ContextHandler -  Started i.d.j.MutableServletContextHandler@6ee8dcd3{/admin-bs,null,AVAILABLE} 
INFO   [11:18:46.022] [main] o.e.j.s.ServerConnector -  Started BootstrapServerApplication@2f94c4db{HTTP/1.1}{0.0.0.0:8075} 
INFO   [11:18:46.022] [main] o.e.j.s.Server -  Started @1891ms 
INFO   [14:17:33.434] [main] o.e.j.u.log -  Logging initialized @1289ms 
INFO   [14:17:33.529] [main] o.e.c.c.n.c.NetworkConfig -  Loading standard properties from file Californium.properties 
INFO   [14:17:33.574] [main] o.e.c.c.CoapServer -  Starting server 
INFO   [14:17:33.574] [main] o.e.c.c.n.CoAPEndpoint -  Starting endpoint at /0.0.0.0:5070 
INFO   [14:17:33.581] [main] o.e.c.c.n.CoAPEndpoint -  Starting endpoint at /0.0.0.0:5073 
INFO   [14:17:33.582] [main] o.e.l.s.c.i.LwM2mBootstrapServerImpl -  LW-M2M server started 
INFO   [14:17:33.608] [main] i.d.s.ServerFactory -  Starting BootstrapServerApplication 
INFO   [14:17:33.616] [main] i.d.s.SimpleServerFactory -  Registering jersey handler with root path prefix: /bs 
INFO   [14:17:33.633] [main] i.d.s.SimpleServerFactory -  Registering admin handler with root path prefix: /admin-bs 
INFO   [14:17:33.672] [main] o.e.j.s.SetUIDListener -  Opened BootstrapServerApplication@2f94c4db{HTTP/1.1}{0.0.0.0:8075} 
INFO   [14:17:33.678] [main] o.e.j.s.Server -  jetty-9.2.11.v20150529 
INFO   [14:17:34.258] [main] i.d.j.DropwizardResourceConfig -  The following paths were found for the configured resources:

    POST    / (org.mars.m2m.bootstrapserver.Resources.BootstrapEndpoint)
    GET     /{endpoint} (org.mars.m2m.bootstrapserver.Resources.BootstrapEndpoint)
 
INFO   [14:17:34.261] [main] o.e.j.s.h.ContextHandler -  Started i.d.j.MutableServletContextHandler@38704ff0{/bs,null,AVAILABLE} 
INFO   [14:17:34.267] [main] i.d.s.AdminEnvironment -  tasks = 

    POST    /tasks/log-level (io.dropwizard.servlets.tasks.LogConfigurationTask)
    POST    /tasks/gc (io.dropwizard.servlets.tasks.GarbageCollectionTask)
 
INFO   [14:17:34.273] [main] o.e.j.s.h.ContextHandler -  Started i.d.j.MutableServletContextHandler@6ee8dcd3{/admin-bs,null,AVAILABLE} 
INFO   [14:17:34.331] [main] o.e.j.s.ServerConnector -  Started BootstrapServerApplication@2f94c4db{HTTP/1.1}{0.0.0.0:8075} 
INFO   [14:17:34.332] [main] o.e.j.s.Server -  Started @2189ms 
ERROR  [14:18:13.865] [pool-3-thread-2] o.e.l.s.c.i.BootstrapResource -  No bootstrap config for missileDispatcher0 
INFO   [14:45:29.460] [pool-3-thread-1] o.e.c.c.n.Matcher -  Message is a duplicate, ignore: CON-POST   MID=44901, Token=47d121bc, OptionSet={"Uri-Path":"bs", "Uri-Query":"ep=missileDispatcher"}, "" 
INFO   [14:45:34.726] [pool-3-thread-1] o.e.c.c.n.Matcher -  Message is a duplicate, ignore: CON-POST   MID=44901, Token=47d121bc, OptionSet={"Uri-Path":"bs", "Uri-Query":"ep=missileDispatcher"}, "" 
INFO   [14:45:45.263] [pool-3-thread-1] o.e.c.c.n.Matcher -  Message is a duplicate, ignore: CON-POST   MID=44901, Token=47d121bc, OptionSet={"Uri-Path":"bs", "Uri-Query":"ep=missileDispatcher"}, "" 
INFO   [14:46:06.336] [pool-3-thread-2] o.e.c.c.n.Matcher -  Message is a duplicate, ignore: CON-POST   MID=44901, Token=47d121bc, OptionSet={"Uri-Path":"bs", "Uri-Query":"ep=missileDispatcher"}, "" 
WARN   [14:46:32.925] [DTLS-Receiver-/0.0.0.0:5073] o.e.c.s.d.Record -  Received illegal record content type: 68 
WARN   [14:46:35.654] [DTLS-Receiver-/0.0.0.0:5073] o.e.c.s.d.Record -  Received illegal record content type: 68 
WARN   [14:46:41.115] [DTLS-Receiver-/0.0.0.0:5073] o.e.c.s.d.Record -  Received illegal record content type: 68 
WARN   [14:46:52.036] [DTLS-Receiver-/0.0.0.0:5073] o.e.c.s.d.Record -  Received illegal record content type: 68 
WARN   [14:47:13.877] [DTLS-Receiver-/0.0.0.0:5073] o.e.c.s.d.Record -  Received illegal record content type: 68 
ERROR  [14:50:52.056] [pool-3-thread-1] o.e.l.s.c.i.BootstrapResource -  No bootstrap config for missileDispatcher8 
INFO   [14:52:42.552] [main] o.e.j.u.log -  Logging initialized @1314ms 
INFO   [14:52:42.637] [main] o.e.c.c.n.c.NetworkConfig -  Loading standard properties from file Californium.properties 
INFO   [14:52:42.679] [main] o.e.c.c.CoapServer -  Starting server 
INFO   [14:52:42.680] [main] o.e.c.c.n.CoAPEndpoint -  Starting endpoint at /0.0.0.0:5070 
INFO   [14:52:42.685] [main] o.e.c.c.n.CoAPEndpoint -  Starting endpoint at /0.0.0.0:5073 
INFO   [14:52:42.686] [main] o.e.l.s.c.i.LwM2mBootstrapServerImpl -  LW-M2M server started 
INFO   [14:52:42.715] [main] i.d.s.ServerFactory -  Starting BootstrapServerApplication 
INFO   [14:52:42.722] [main] i.d.s.SimpleServerFactory -  Registering jersey handler with root path prefix: /bs 
INFO   [14:52:42.737] [main] i.d.s.SimpleServerFactory -  Registering admin handler with root path prefix: /admin-bs 
INFO   [14:52:42.773] [main] o.e.j.s.SetUIDListener -  Opened BootstrapServerApplication@2f94c4db{HTTP/1.1}{0.0.0.0:8075} 
INFO   [14:52:42.777] [main] o.e.j.s.Server -  jetty-9.2.11.v20150529 
INFO   [14:52:43.297] [main] i.d.j.DropwizardResourceConfig -  The following paths were found for the configured resources:

    POST    / (org.mars.m2m.bootstrapserver.Resources.BootstrapEndpoint)
    GET     /{endpoint} (org.mars.m2m.bootstrapserver.Resources.BootstrapEndpoint)
 
INFO   [14:52:43.300] [main] o.e.j.s.h.ContextHandler -  Started i.d.j.MutableServletContextHandler@38704ff0{/bs,null,AVAILABLE} 
INFO   [14:52:43.305] [main] i.d.s.AdminEnvironment -  tasks = 

    POST    /tasks/log-level (io.dropwizard.servlets.tasks.LogConfigurationTask)
    POST    /tasks/gc (io.dropwizard.servlets.tasks.GarbageCollectionTask)
 
INFO   [14:52:43.311] [main] o.e.j.s.h.ContextHandler -  Started i.d.j.MutableServletContextHandler@6ee8dcd3{/admin-bs,null,AVAILABLE} 
INFO   [14:52:43.356] [main] o.e.j.s.ServerConnector -  Started BootstrapServerApplication@2f94c4db{HTTP/1.1}{0.0.0.0:8075} 
INFO   [14:52:43.356] [main] o.e.j.s.Server -  Started @2121ms 
ERROR  [14:52:59.658] [pool-3-thread-4] o.e.l.s.c.i.BootstrapResource -  No bootstrap config for missileDispatcher8 
ERROR  [14:57:24.698] [pool-3-thread-4] o.e.l.s.c.i.BootstrapResource -  No bootstrap config for missileDispatcher 
ERROR  [14:58:31.281] [pool-3-thread-3] o.e.l.s.c.i.BootstrapResource -  No bootstrap config for missileDispatcher 
